<?xml version="1.0" encoding="UTF-8"?>
<coverage generated="1780313619545" clover="3.2.0">
  <project timestamp="1780313619545" name="All files">
    <metrics statements="3218" coveredstatements="3073" conditionals="1185" coveredconditionals="1071" methods="310" coveredmethods="293" elements="4713" coveredelements="4437" complexity="0" loc="3218" ncloc="3218" packages="1" files="43" classes="43"/>
    <file name="accumulate-functions.ts" path="/home/sprawl/projects/arbitre/trees/audit-uplift/packages/core/src/accumulate-functions.ts">
      <metrics statements="61" coveredstatements="61" conditionals="29" coveredconditionals="29" methods="6" coveredmethods="6"/>
      <line num="5" count="1" type="stmt"/>
      <line num="9" count="1" type="cond" truecount="1" falsecount="0"/>
      <line num="10" count="55" type="stmt"/>
      <line num="11" count="55" type="cond" truecount="1" falsecount="0"/>
      <line num="12" count="181" type="stmt"/>
      <line num="13" count="181" type="stmt"/>
      <line num="14" count="55" type="stmt"/>
      <line num="15" count="55" type="stmt"/>
      <line num="17" count="1" type="cond" truecount="1" falsecount="0"/>
      <line num="19" count="1" type="cond" truecount="1" falsecount="0"/>
      <line num="20" count="6" type="cond" truecount="2" falsecount="0"/>
      <line num="21" count="5" type="stmt"/>
      <line num="22" count="5" type="cond" truecount="1" falsecount="0"/>
      <line num="23" count="200002" type="cond" truecount="1" falsecount="0"/>
      <line num="24" count="200002" type="stmt"/>
      <line num="25" count="5" type="stmt"/>
      <line num="26" count="5" type="stmt"/>
      <line num="28" count="1" type="cond" truecount="1" falsecount="0"/>
      <line num="29" count="6" type="cond" truecount="2" falsecount="0"/>
      <line num="30" count="5" type="stmt"/>
      <line num="31" count="5" type="cond" truecount="1" falsecount="0"/>
      <line num="32" count="200002" type="cond" truecount="1" falsecount="0"/>
      <line num="33" count="200002" type="stmt"/>
      <line num="34" count="5" type="stmt"/>
      <line num="35" count="5" type="stmt"/>
      <line num="37" count="1" type="cond" truecount="1" falsecount="0"/>
      <line num="38" count="3" type="cond" truecount="2" falsecount="0"/>
      <line num="39" count="2" type="stmt"/>
      <line num="40" count="3" type="cond" truecount="1" falsecount="0"/>
      <line num="41" count="4" type="stmt"/>
      <line num="42" count="4" type="cond" truecount="1" falsecount="0"/>
      <line num="43" count="2" type="stmt"/>
      <line num="44" count="2" type="stmt"/>
      <line num="46" count="1" type="stmt"/>
      <line num="47" count="1" type="stmt"/>
      <line num="48" count="1" type="stmt"/>
      <line num="49" count="1" type="stmt"/>
      <line num="50" count="1" type="stmt"/>
      <line num="51" count="1" type="stmt"/>
      <line num="52" count="1" type="stmt"/>
      <line num="55" count="1" type="stmt"/>
      <line num="66" count="1" type="cond" truecount="1" falsecount="0"/>
      <line num="67" count="61" type="stmt"/>
      <line num="68" count="61" type="stmt"/>
      <line num="69" count="61" type="stmt"/>
      <line num="70" count="61" type="stmt"/>
      <line num="71" count="61" type="cond" truecount="4" falsecount="0"/>
      <line num="73" count="11" type="cond" truecount="1" falsecount="0"/>
      <line num="74" count="5" type="stmt"/>
      <line num="75" count="5" type="cond" truecount="1" falsecount="0"/>
      <line num="76" count="5" type="cond" truecount="2" falsecount="0"/>
      <line num="78" count="2" type="stmt"/>
      <line num="79" count="7" type="cond" truecount="1" falsecount="0"/>
      <line num="80" count="1" type="stmt"/>
      <line num="81" count="1" type="cond" truecount="1" falsecount="0"/>
      <line num="83" count="2" type="stmt"/>
      <line num="84" count="2" type="stmt"/>
      <line num="85" count="2" type="stmt"/>
      <line num="86" count="2" type="stmt"/>
      <line num="87" count="2" type="stmt"/>
      <line num="88" count="2" type="stmt"/>
    </file>
    <file name="accumulate-manager.ts" path="/home/sprawl/projects/arbitre/trees/audit-uplift/packages/core/src/accumulate-manager.ts">
      <metrics statements="64" coveredstatements="64" conditionals="22" coveredconditionals="22" methods="8" coveredmethods="8"/>
      <line num="8" count="1" type="stmt"/>
      <line num="12" count="1" type="stmt"/>
      <line num="14" count="29" type="cond" truecount="1" falsecount="0"/>
      <line num="15" count="29" type="cond" truecount="1" falsecount="0"/>
      <line num="16" count="29" type="stmt"/>
      <line num="27" count="1" type="cond" truecount="1" falsecount="0"/>
      <line num="28" count="24" type="stmt"/>
      <line num="29" count="24" type="stmt"/>
      <line num="30" count="24" type="stmt"/>
      <line num="31" count="24" type="stmt"/>
      <line num="32" count="24" type="stmt"/>
      <line num="33" count="24" type="stmt"/>
      <line num="34" count="24" type="stmt"/>
      <line num="36" count="24" type="cond" truecount="1" falsecount="0"/>
      <line num="37" count="27" type="stmt"/>
      <line num="38" count="27" type="stmt"/>
      <line num="40" count="24" type="cond" truecount="1" falsecount="0"/>
      <line num="41" count="30" type="cond" truecount="2" falsecount="0"/>
      <line num="42" count="29" type="stmt"/>
      <line num="43" count="30" type="cond" truecount="1" falsecount="0"/>
      <line num="44" count="3" type="stmt"/>
      <line num="45" count="30" type="cond" truecount="1" falsecount="0"/>
      <line num="46" count="26" type="stmt"/>
      <line num="47" count="26" type="stmt"/>
      <line num="48" count="30" type="stmt"/>
      <line num="50" count="24" type="cond" truecount="1" falsecount="0"/>
      <line num="51" count="117" type="cond" truecount="1" falsecount="0"/>
      <line num="52" count="123" type="stmt"/>
      <line num="53" count="123" type="stmt"/>
      <line num="54" count="117" type="cond" truecount="2" falsecount="0"/>
      <line num="55" count="117" type="cond" truecount="1" falsecount="0"/>
      <line num="56" count="14" type="stmt"/>
      <line num="57" count="14" type="stmt"/>
      <line num="58" count="117" type="stmt"/>
      <line num="60" count="24" type="cond" truecount="1" falsecount="0"/>
      <line num="61" count="8" type="stmt"/>
      <line num="62" count="8" type="stmt"/>
      <line num="63" count="8" type="stmt"/>
      <line num="64" count="8" type="cond" truecount="1" falsecount="0"/>
      <line num="65" count="1" type="stmt"/>
      <line num="66" count="1" type="stmt"/>
      <line num="67" count="8" type="stmt"/>
      <line num="69" count="24" type="cond" truecount="1" falsecount="0"/>
      <line num="70" count="250" type="stmt"/>
      <line num="71" count="250" type="cond" truecount="1" falsecount="0"/>
      <line num="72" count="261" type="stmt"/>
      <line num="73" count="261" type="stmt"/>
      <line num="74" count="250" type="cond" truecount="1" falsecount="0"/>
      <line num="75" count="34" type="stmt"/>
      <line num="76" count="34" type="stmt"/>
      <line num="77" count="250" type="stmt"/>
      <line num="78" count="250" type="stmt"/>
      <line num="80" count="24" type="cond" truecount="1" falsecount="0"/>
      <line num="81" count="3" type="stmt"/>
      <line num="82" count="3" type="stmt"/>
      <line num="84" count="24" type="cond" truecount="1" falsecount="0"/>
      <line num="85" count="11" type="stmt"/>
      <line num="86" count="11" type="stmt"/>
      <line num="87" count="11" type="cond" truecount="1" falsecount="0"/>
      <line num="88" count="11" type="stmt"/>
      <line num="89" count="11" type="stmt"/>
      <line num="90" count="11" type="stmt"/>
      <line num="92" count="24" type="stmt"/>
      <line num="93" count="24" type="stmt"/>
    </file>
    <file name="accumulate-node.ts" path="/home/sprawl/projects/arbitre/trees/audit-uplift/packages/core/src/accumulate-node.ts">
      <metrics statements="96" coveredstatements="96" conditionals="37" coveredconditionals="36" methods="15" coveredmethods="15"/>
      <line num="6" count="1" type="stmt"/>
      <line num="7" count="1" type="stmt"/>
      <line num="36" count="47" type="cond" truecount="1" falsecount="0"/>
      <line num="37" count="47" type="stmt"/>
      <line num="38" count="47" type="cond" truecount="2" falsecount="0"/>
      <line num="39" count="47" type="stmt"/>
      <line num="41" count="1" type="cond" truecount="1" falsecount="0"/>
      <line num="42" count="46" type="stmt"/>
      <line num="43" count="46" type="stmt"/>
      <line num="44" count="46" type="stmt"/>
      <line num="45" count="46" type="cond" truecount="1" falsecount="0"/>
      <line num="46" count="8" type="stmt"/>
      <line num="47" count="8" type="cond" truecount="1" falsecount="0"/>
      <line num="49" count="38" type="stmt"/>
      <line num="50" count="38" type="stmt"/>
      <line num="51" count="38" type="stmt"/>
      <line num="52" count="38" type="stmt"/>
      <line num="53" count="38" type="stmt"/>
      <line num="54" count="38" type="stmt"/>
      <line num="56" count="38" type="cond" truecount="1" falsecount="0"/>
      <line num="57" count="145" type="cond" truecount="3" falsecount="0"/>
      <line num="58" count="144" type="cond" truecount="1" falsecount="0"/>
      <line num="59" count="94" type="stmt"/>
      <line num="60" count="94" type="stmt"/>
      <line num="61" count="94" type="stmt"/>
      <line num="62" count="94" type="cond" truecount="2" falsecount="0"/>
      <line num="63" count="47" type="stmt"/>
      <line num="64" count="47" type="cond" truecount="2" falsecount="0"/>
      <line num="65" count="46" type="stmt"/>
      <line num="66" count="46" type="stmt"/>
      <line num="67" count="46" type="stmt"/>
      <line num="68" count="145" type="stmt"/>
      <line num="70" count="38" type="cond" truecount="1" falsecount="0"/>
      <line num="71" count="10" type="stmt"/>
      <line num="72" count="10" type="cond" truecount="1" falsecount="0"/>
      <line num="73" count="8" type="stmt"/>
      <line num="74" count="8" type="stmt"/>
      <line num="75" count="8" type="stmt"/>
      <line num="76" count="8" type="stmt"/>
      <line num="77" count="10" type="stmt"/>
      <line num="79" count="38" type="cond" truecount="1" falsecount="0"/>
      <line num="80" count="273" type="stmt"/>
      <line num="81" count="273" type="cond" truecount="1" falsecount="0"/>
      <line num="82" count="38" type="stmt"/>
      <line num="83" count="273" type="cond" truecount="1" falsecount="0"/>
      <line num="84" count="200" type="stmt"/>
      <line num="85" count="273" type="cond" truecount="1" falsecount="0"/>
      <line num="86" count="5" type="cond" truecount="0" falsecount="1"/>
      <line num="87" count="273" type="cond" truecount="1" falsecount="0"/>
      <line num="88" count="30" type="stmt"/>
      <line num="89" count="273" type="stmt"/>
      <line num="90" count="273" type="stmt"/>
      <line num="92" count="38" type="cond" truecount="1" falsecount="0"/>
      <line num="93" count="1" type="stmt"/>
      <line num="94" count="1" type="stmt"/>
      <line num="95" count="1" type="stmt"/>
      <line num="96" count="1" type="cond" truecount="1" falsecount="0"/>
      <line num="97" count="3" type="stmt"/>
      <line num="98" count="3" type="stmt"/>
      <line num="99" count="1" type="stmt"/>
      <line num="101" count="38" type="cond" truecount="1" falsecount="0"/>
      <line num="102" count="1" type="stmt"/>
      <line num="103" count="1" type="stmt"/>
      <line num="104" count="1" type="stmt"/>
      <line num="105" count="1" type="stmt"/>
      <line num="107" count="38" type="cond" truecount="1" falsecount="0"/>
      <line num="108" count="6" type="stmt"/>
      <line num="109" count="6" type="stmt"/>
      <line num="111" count="38" type="stmt"/>
      <line num="112" count="38" type="stmt"/>
      <line num="114" count="8" type="cond" truecount="1" falsecount="0"/>
      <line num="115" count="8" type="stmt"/>
      <line num="117" count="8" type="cond" truecount="1" falsecount="0"/>
      <line num="118" count="14" type="cond" truecount="2" falsecount="0"/>
      <line num="119" count="12" type="stmt"/>
      <line num="120" count="14" type="stmt"/>
      <line num="122" count="8" type="cond" truecount="1" falsecount="0"/>
      <line num="123" count="2" type="stmt"/>
      <line num="124" count="2" type="stmt"/>
      <line num="126" count="8" type="cond" truecount="1" falsecount="0"/>
      <line num="127" count="9" type="stmt"/>
      <line num="128" count="9" type="stmt"/>
      <line num="130" count="8" type="cond" truecount="1" falsecount="0"/>
      <line num="131" count="1" type="stmt"/>
      <line num="132" count="1" type="cond" truecount="1" falsecount="0"/>
      <line num="133" count="2" type="stmt"/>
      <line num="134" count="2" type="stmt"/>
      <line num="135" count="1" type="stmt"/>
      <line num="137" count="8" type="cond" truecount="1" falsecount="0"/>
      <line num="138" count="1" type="stmt"/>
      <line num="139" count="1" type="stmt"/>
      <line num="141" count="8" type="cond" truecount="1" falsecount="0"/>
      <line num="142" count="1" type="stmt"/>
      <line num="143" count="1" type="stmt"/>
      <line num="145" count="8" type="stmt"/>
      <line num="146" count="8" type="stmt"/>
    </file>
    <file name="agenda.ts" path="/home/sprawl/projects/arbitre/trees/audit-uplift/packages/core/src/agenda.ts">
      <metrics statements="96" coveredstatements="86" conditionals="36" coveredconditionals="33" methods="13" coveredmethods="13"/>
      <line num="21" count="1725" type="cond" truecount="1" falsecount="0"/>
      <line num="22" count="1725" type="stmt"/>
      <line num="23" count="1725" type="stmt"/>
      <line num="24" count="1725" type="stmt"/>
      <line num="25" count="1725" type="cond" truecount="0" falsecount="1"/>
      <line num="26" count="0" type="stmt"/>
      <line num="27" count="0" type="stmt"/>
      <line num="29" count="3147" type="cond" truecount="1" falsecount="0"/>
      <line num="30" count="3147" type="stmt"/>
      <line num="31" count="3147" type="cond" truecount="4" falsecount="0"/>
      <line num="32" count="3094" type="stmt"/>
      <line num="33" count="3094" type="cond" truecount="0" falsecount="1"/>
      <line num="34" count="0" type="stmt"/>
      <line num="35" count="0" type="stmt"/>
      <line num="37" count="1" type="cond" truecount="1" falsecount="0"/>
      <line num="38" count="481" type="stmt"/>
      <line num="39" count="481" type="stmt"/>
      <line num="40" count="481" type="stmt"/>
      <line num="42" count="481" type="stmt"/>
      <line num="44" count="481" type="cond" truecount="1" falsecount="0"/>
      <line num="45" count="1725" type="stmt"/>
      <line num="46" count="1725" type="cond" truecount="1" falsecount="0"/>
      <line num="47" count="496" type="stmt"/>
      <line num="49" count="496" type="stmt"/>
      <line num="50" count="496" type="cond" truecount="1" falsecount="0"/>
      <line num="51" count="1981" type="stmt"/>
      <line num="52" count="1981" type="stmt"/>
      <line num="53" count="496" type="stmt"/>
      <line num="54" count="1725" type="stmt"/>
      <line num="55" count="1725" type="stmt"/>
      <line num="56" count="1725" type="stmt"/>
      <line num="57" count="1725" type="stmt"/>
      <line num="58" count="1725" type="stmt"/>
      <line num="60" count="1725" type="stmt"/>
      <line num="61" count="1725" type="stmt"/>
      <line num="62" count="1725" type="cond" truecount="1" falsecount="0"/>
      <line num="63" count="3147" type="stmt"/>
      <line num="64" count="3147" type="cond" truecount="1" falsecount="0"/>
      <line num="65" count="29" type="stmt"/>
      <line num="66" count="3147" type="cond" truecount="1" falsecount="0"/>
      <line num="67" count="3118" type="stmt"/>
      <line num="68" count="3118" type="stmt"/>
      <line num="69" count="3147" type="stmt"/>
      <line num="70" count="1725" type="stmt"/>
      <line num="72" count="1725" type="stmt"/>
      <line num="73" count="1725" type="cond" truecount="1" falsecount="0"/>
      <line num="74" count="24912" type="stmt"/>
      <line num="75" count="24912" type="stmt"/>
      <line num="76" count="1725" type="stmt"/>
      <line num="78" count="481" type="cond" truecount="1" falsecount="0"/>
      <line num="79" count="91" type="cond" truecount="0" falsecount="1"/>
      <line num="80" count="0" type="stmt"/>
      <line num="81" count="0" type="stmt"/>
      <line num="83" count="0" type="stmt"/>
      <line num="84" count="0" type="stmt"/>
      <line num="85" count="0" type="stmt"/>
      <line num="86" count="0" type="stmt"/>
      <line num="87" count="91" type="stmt"/>
      <line num="89" count="481" type="cond" truecount="1" falsecount="0"/>
      <line num="90" count="1168" type="cond" truecount="3" falsecount="0"/>
      <line num="91" count="5" type="stmt"/>
      <line num="92" count="15" type="cond" truecount="1" falsecount="0"/>
      <line num="93" count="1168" type="stmt"/>
      <line num="95" count="481" type="cond" truecount="1" falsecount="0"/>
      <line num="96" count="1168" type="stmt"/>
      <line num="97" count="1168" type="cond" truecount="2" falsecount="0"/>
      <line num="98" count="1165" type="stmt"/>
      <line num="100" count="1165" type="stmt"/>
      <line num="101" count="1168" type="cond" truecount="1" falsecount="0"/>
      <line num="102" count="21203" type="stmt"/>
      <line num="103" count="21203" type="cond" truecount="1" falsecount="0"/>
      <line num="104" count="1165" type="stmt"/>
      <line num="105" count="1168" type="stmt"/>
      <line num="107" count="481" type="cond" truecount="1" falsecount="0"/>
      <line num="109" count="481" type="cond" truecount="1" falsecount="0"/>
      <line num="110" count="8" type="stmt"/>
      <line num="111" count="8" type="stmt"/>
      <line num="113" count="481" type="cond" truecount="1" falsecount="0"/>
      <line num="114" count="3" type="cond" truecount="2" falsecount="0"/>
      <line num="116" count="481" type="cond" truecount="1" falsecount="0"/>
      <line num="117" count="1" type="stmt"/>
      <line num="118" count="1" type="stmt"/>
      <line num="120" count="481" type="cond" truecount="1" falsecount="0"/>
      <line num="122" count="481" type="cond" truecount="1" falsecount="0"/>
      <line num="124" count="481" type="stmt"/>
      <line num="125" count="481" type="stmt"/>
      <line num="126" count="481" type="stmt"/>
      <line num="127" count="481" type="stmt"/>
      <line num="128" count="481" type="stmt"/>
      <line num="129" count="481" type="stmt"/>
      <line num="130" count="481" type="stmt"/>
      <line num="131" count="481" type="stmt"/>
      <line num="132" count="481" type="stmt"/>
      <line num="133" count="481" type="stmt"/>
      <line num="134" count="481" type="stmt"/>
      <line num="135" count="481" type="stmt"/>
    </file>
    <file name="alpha-network.ts" path="/home/sprawl/projects/arbitre/trees/audit-uplift/packages/core/src/alpha-network.ts">
      <metrics statements="60" coveredstatements="60" conditionals="18" coveredconditionals="18" methods="5" coveredmethods="5"/>
      <line num="2" count="1" type="stmt"/>
      <line num="3" count="1" type="stmt"/>
      <line num="17" count="1" type="cond" truecount="1" falsecount="0"/>
      <line num="18" count="454" type="stmt"/>
      <line num="19" count="454" type="stmt"/>
      <line num="20" count="454" type="stmt"/>
      <line num="21" count="454" type="stmt"/>
      <line num="23" count="454" type="cond" truecount="1" falsecount="0"/>
      <line num="24" count="691" type="stmt"/>
      <line num="25" count="691" type="stmt"/>
      <line num="26" count="691" type="stmt"/>
      <line num="28" count="691" type="stmt"/>
      <line num="29" count="691" type="stmt"/>
      <line num="31" count="691" type="cond" truecount="1" falsecount="0"/>
      <line num="32" count="679" type="cond" truecount="1" falsecount="0"/>
      <line num="33" count="4" type="stmt"/>
      <line num="34" count="679" type="cond" truecount="1" falsecount="0"/>
      <line num="35" count="675" type="stmt"/>
      <line num="36" count="675" type="cond" truecount="1" falsecount="0"/>
      <line num="37" count="418" type="stmt"/>
      <line num="38" count="418" type="stmt"/>
      <line num="39" count="418" type="stmt"/>
      <line num="40" count="675" type="stmt"/>
      <line num="41" count="675" type="stmt"/>
      <line num="42" count="679" type="stmt"/>
      <line num="43" count="691" type="stmt"/>
      <line num="45" count="454" type="cond" truecount="1" falsecount="0"/>
      <line num="46" count="5" type="stmt"/>
      <line num="47" count="5" type="cond" truecount="2" falsecount="0"/>
      <line num="49" count="4" type="stmt"/>
      <line num="50" count="4" type="stmt"/>
      <line num="52" count="4" type="stmt"/>
      <line num="53" count="4" type="stmt"/>
      <line num="54" count="4" type="stmt"/>
      <line num="57" count="4" type="cond" truecount="1" falsecount="0"/>
      <line num="58" count="2" type="cond" truecount="1" falsecount="0"/>
      <line num="59" count="1" type="stmt"/>
      <line num="60" count="1" type="stmt"/>
      <line num="61" count="2" type="stmt"/>
      <line num="62" count="5" type="stmt"/>
      <line num="64" count="454" type="cond" truecount="1" falsecount="0"/>
      <line num="65" count="1241" type="stmt"/>
      <line num="67" count="1241" type="stmt"/>
      <line num="68" count="1241" type="cond" truecount="1" falsecount="0"/>
      <line num="69" count="530" type="cond" truecount="1" falsecount="0"/>
      <line num="70" count="531" type="stmt"/>
      <line num="71" count="531" type="stmt"/>
      <line num="72" count="530" type="stmt"/>
      <line num="74" count="1241" type="cond" truecount="1" falsecount="0"/>
      <line num="75" count="13" type="cond" truecount="1" falsecount="0"/>
      <line num="76" count="6" type="stmt"/>
      <line num="77" count="6" type="stmt"/>
      <line num="78" count="13" type="stmt"/>
      <line num="80" count="1241" type="stmt"/>
      <line num="81" count="1241" type="stmt"/>
      <line num="83" count="454" type="cond" truecount="1" falsecount="0"/>
      <line num="84" count="2" type="cond" truecount="1" falsecount="0"/>
      <line num="85" count="2" type="stmt"/>
      <line num="87" count="454" type="stmt"/>
      <line num="88" count="454" type="stmt"/>
    </file>
    <file name="beta-evaluator.ts" path="/home/sprawl/projects/arbitre/trees/audit-uplift/packages/core/src/beta-evaluator.ts">
      <metrics statements="95" coveredstatements="79" conditionals="28" coveredconditionals="23" methods="6" coveredmethods="6"/>
      <line num="2" count="1" type="stmt"/>
      <line num="4" count="1" type="stmt"/>
      <line num="44" count="1" type="cond" truecount="1" falsecount="0"/>
      <line num="45" count="446" type="stmt"/>
      <line num="46" count="446" type="stmt"/>
      <line num="47" count="446" type="stmt"/>
      <line num="49" count="446" type="stmt"/>
      <line num="51" count="446" type="stmt"/>
      <line num="53" count="446" type="cond" truecount="1" falsecount="0"/>
      <line num="54" count="30" type="stmt"/>
      <line num="55" count="30" type="stmt"/>
      <line num="56" count="30" type="stmt"/>
      <line num="58" count="30" type="cond" truecount="1" falsecount="0"/>
      <line num="59" count="42" type="stmt"/>
      <line num="60" count="42" type="cond" truecount="1" falsecount="0"/>
      <line num="61" count="37" type="stmt"/>
      <line num="62" count="37" type="stmt"/>
      <line num="63" count="37" type="stmt"/>
      <line num="64" count="42" type="stmt"/>
      <line num="65" count="42" type="stmt"/>
      <line num="66" count="30" type="stmt"/>
      <line num="68" count="446" type="cond" truecount="1" falsecount="0"/>
      <line num="69" count="2" type="stmt"/>
      <line num="70" count="2" type="cond" truecount="0" falsecount="1"/>
      <line num="71" count="0" type="stmt"/>
      <line num="72" count="0" type="stmt"/>
      <line num="73" count="0" type="stmt"/>
      <line num="74" count="0" type="stmt"/>
      <line num="75" count="0" type="stmt"/>
      <line num="76" count="0" type="stmt"/>
      <line num="77" count="0" type="stmt"/>
      <line num="79" count="0" type="stmt"/>
      <line num="80" count="0" type="stmt"/>
      <line num="81" count="0" type="stmt"/>
      <line num="82" count="0" type="stmt"/>
      <line num="83" count="2" type="stmt"/>
      <line num="85" count="446" type="cond" truecount="1" falsecount="0"/>
      <line num="86" count="315" type="stmt"/>
      <line num="87" count="315" type="cond" truecount="2" falsecount="0"/>
      <line num="89" count="153" type="stmt"/>
      <line num="90" count="153" type="cond" truecount="1" falsecount="0"/>
      <line num="91" count="553" type="stmt"/>
      <line num="92" count="553" type="cond" truecount="0" falsecount="1"/>
      <line num="94" count="553" type="cond" truecount="1" falsecount="0"/>
      <line num="95" count="553" type="cond" truecount="1" falsecount="0"/>
      <line num="96" count="555" type="cond" truecount="3" falsecount="0"/>
      <line num="97" count="554" type="stmt"/>
      <line num="98" count="554" type="cond" truecount="1" falsecount="0"/>
      <line num="100" count="541" type="cond" truecount="1" falsecount="0"/>
      <line num="101" count="542" type="cond" truecount="1" falsecount="0"/>
      <line num="102" count="572" type="stmt"/>
      <line num="103" count="572" type="cond" truecount="1" falsecount="0"/>
      <line num="104" count="150" type="stmt"/>
      <line num="105" count="150" type="stmt"/>
      <line num="106" count="150" type="stmt"/>
      <line num="107" count="572" type="stmt"/>
      <line num="108" count="572" type="stmt"/>
      <line num="109" count="542" type="stmt"/>
      <line num="110" count="541" type="stmt"/>
      <line num="111" count="541" type="stmt"/>
      <line num="112" count="555" type="stmt"/>
      <line num="113" count="553" type="stmt"/>
      <line num="114" count="153" type="stmt"/>
      <line num="115" count="315" type="stmt"/>
      <line num="117" count="446" type="cond" truecount="1" falsecount="0"/>
      <line num="118" count="68" type="stmt"/>
      <line num="119" count="68" type="cond" truecount="2" falsecount="0"/>
      <line num="121" count="59" type="stmt"/>
      <line num="122" count="59" type="cond" truecount="0" falsecount="1"/>
      <line num="123" count="0" type="stmt"/>
      <line num="124" count="0" type="stmt"/>
      <line num="125" count="0" type="stmt"/>
      <line num="126" count="0" type="stmt"/>
      <line num="127" count="0" type="stmt"/>
      <line num="128" count="59" type="stmt"/>
      <line num="129" count="59" type="cond" truecount="1" falsecount="0"/>
      <line num="131" count="9" type="stmt"/>
      <line num="132" count="9" type="stmt"/>
      <line num="133" count="9" type="stmt"/>
      <line num="134" count="9" type="cond" truecount="0" falsecount="1"/>
      <line num="135" count="9" type="stmt"/>
      <line num="136" count="9" type="stmt"/>
      <line num="137" count="9" type="stmt"/>
      <line num="138" count="9" type="stmt"/>
      <line num="139" count="9" type="stmt"/>
      <line num="140" count="9" type="stmt"/>
      <line num="141" count="9" type="stmt"/>
      <line num="142" count="68" type="stmt"/>
      <line num="144" count="446" type="cond" truecount="1" falsecount="0"/>
      <line num="145" count="51" type="stmt"/>
      <line num="146" count="51" type="cond" truecount="0" falsecount="1"/>
      <line num="147" count="51" type="stmt"/>
      <line num="148" count="51" type="stmt"/>
      <line num="150" count="446" type="stmt"/>
      <line num="151" count="446" type="stmt"/>
    </file>
    <file name="beta-network.ts" path="/home/sprawl/projects/arbitre/trees/audit-uplift/packages/core/src/beta-network.ts">
      <metrics statements="123" coveredstatements="119" conditionals="28" coveredconditionals="23" methods="10" coveredmethods="10"/>
      <line num="2" count="1" type="stmt"/>
      <line num="6" count="1" type="stmt"/>
      <line num="7" count="1" type="stmt"/>
      <line num="27" count="19" type="cond" truecount="1" falsecount="0"/>
      <line num="28" count="19" type="cond" truecount="2" falsecount="0"/>
      <line num="29" count="18" type="stmt"/>
      <line num="30" count="18" type="stmt"/>
      <line num="32" count="18" type="stmt"/>
      <line num="33" count="18" type="cond" truecount="0" falsecount="1"/>
      <line num="34" count="18" type="stmt"/>
      <line num="35" count="18" type="stmt"/>
      <line num="36" count="18" type="stmt"/>
      <line num="37" count="18" type="stmt"/>
      <line num="38" count="18" type="stmt"/>
      <line num="39" count="18" type="stmt"/>
      <line num="40" count="18" type="stmt"/>
      <line num="41" count="18" type="stmt"/>
      <line num="42" count="18" type="stmt"/>
      <line num="43" count="18" type="stmt"/>
      <line num="46" count="21" type="cond" truecount="1" falsecount="0"/>
      <line num="47" count="21" type="stmt"/>
      <line num="48" count="21" type="stmt"/>
      <line num="49" count="21" type="stmt"/>
      <line num="50" count="21" type="stmt"/>
      <line num="51" count="21" type="stmt"/>
      <line num="52" count="21" type="stmt"/>
      <line num="54" count="21" type="cond" truecount="1" falsecount="0"/>
      <line num="55" count="514" type="cond" truecount="0" falsecount="1"/>
      <line num="56" count="514" type="stmt"/>
      <line num="57" count="514" type="stmt"/>
      <line num="58" count="514" type="stmt"/>
      <line num="59" count="514" type="stmt"/>
      <line num="60" count="514" type="stmt"/>
      <line num="61" count="514" type="stmt"/>
      <line num="62" count="514" type="stmt"/>
      <line num="64" count="21" type="cond" truecount="1" falsecount="0"/>
      <line num="65" count="4" type="stmt"/>
      <line num="66" count="4" type="stmt"/>
      <line num="67" count="4" type="stmt"/>
      <line num="68" count="4" type="stmt"/>
      <line num="69" count="4" type="stmt"/>
      <line num="70" count="4" type="stmt"/>
      <line num="71" count="4" type="stmt"/>
      <line num="72" count="4" type="stmt"/>
      <line num="73" count="4" type="stmt"/>
      <line num="75" count="21" type="cond" truecount="1" falsecount="0"/>
      <line num="77" count="21" type="stmt"/>
      <line num="78" count="21" type="stmt"/>
      <line num="79" count="21" type="stmt"/>
      <line num="80" count="21" type="stmt"/>
      <line num="81" count="21" type="stmt"/>
      <line num="82" count="21" type="stmt"/>
      <line num="83" count="21" type="stmt"/>
      <line num="84" count="21" type="stmt"/>
      <line num="85" count="21" type="stmt"/>
      <line num="88" count="18" type="cond" truecount="1" falsecount="0"/>
      <line num="89" count="18" type="cond" truecount="1" falsecount="0"/>
      <line num="90" count="37" type="stmt"/>
      <line num="91" count="37" type="stmt"/>
      <line num="92" count="37" type="stmt"/>
      <line num="93" count="18" type="stmt"/>
      <line num="96" count="18" type="stmt"/>
      <line num="97" count="18" type="cond" truecount="1" falsecount="0"/>
      <line num="98" count="19" type="stmt"/>
      <line num="99" count="19" type="stmt"/>
      <line num="100" count="19" type="stmt"/>
      <line num="103" count="18" type="stmt"/>
      <line num="104" count="18" type="cond" truecount="1" falsecount="0"/>
      <line num="105" count="37" type="stmt"/>
      <line num="106" count="37" type="stmt"/>
      <line num="108" count="18" type="cond" truecount="1" falsecount="0"/>
      <line num="109" count="53" type="stmt"/>
      <line num="110" count="53" type="cond" truecount="0" falsecount="1"/>
      <line num="112" count="53" type="cond" truecount="1" falsecount="0"/>
      <line num="114" count="18" type="stmt"/>
      <line num="115" count="18" type="stmt"/>
      <line num="117" count="18" type="cond" truecount="1" falsecount="0"/>
      <line num="118" count="1" type="stmt"/>
      <line num="119" count="1" type="cond" truecount="0" falsecount="1"/>
      <line num="120" count="0" type="stmt"/>
      <line num="121" count="0" type="stmt"/>
      <line num="122" count="1" type="stmt"/>
      <line num="123" count="1" type="stmt"/>
      <line num="124" count="18" type="stmt"/>
      <line num="125" count="18" type="cond" truecount="1" falsecount="0"/>
      <line num="128" count="35" type="stmt"/>
      <line num="130" count="53" type="cond" truecount="1" falsecount="0"/>
      <line num="131" count="1" type="stmt"/>
      <line num="132" count="1" type="stmt"/>
      <line num="133" count="1" type="stmt"/>
      <line num="134" count="1" type="stmt"/>
      <line num="135" count="1" type="stmt"/>
      <line num="136" count="1" type="cond" truecount="1" falsecount="0"/>
      <line num="137" count="35" type="stmt"/>
      <line num="138" count="53" type="stmt"/>
      <line num="140" count="18" type="cond" truecount="1" falsecount="0"/>
      <line num="141" count="7" type="stmt"/>
      <line num="142" count="7" type="stmt"/>
      <line num="143" count="7" type="stmt"/>
      <line num="144" count="7" type="stmt"/>
      <line num="145" count="7" type="stmt"/>
      <line num="146" count="7" type="stmt"/>
      <line num="148" count="18" type="cond" truecount="1" falsecount="0"/>
      <line num="150" count="34" type="stmt"/>
      <line num="151" count="34" type="stmt"/>
      <line num="153" count="18" type="stmt"/>
      <line num="154" count="18" type="stmt"/>
      <line num="155" count="18" type="stmt"/>
      <line num="156" count="18" type="stmt"/>
      <line num="157" count="18" type="stmt"/>
      <line num="158" count="18" type="stmt"/>
      <line num="159" count="18" type="stmt"/>
      <line num="160" count="18" type="stmt"/>
      <line num="161" count="18" type="stmt"/>
      <line num="164" count="1" type="cond" truecount="1" falsecount="0"/>
      <line num="165" count="39" type="cond" truecount="0" falsecount="1"/>
      <line num="166" count="0" type="stmt"/>
      <line num="167" count="0" type="stmt"/>
      <line num="168" count="39" type="cond" truecount="2" falsecount="0"/>
      <line num="169" count="21" type="stmt"/>
      <line num="170" count="21" type="cond" truecount="1" falsecount="0"/>
      <line num="171" count="18" type="stmt"/>
      <line num="172" count="18" type="stmt"/>
    </file>
    <file name="beta-node.ts" path="/home/sprawl/projects/arbitre/trees/audit-uplift/packages/core/src/beta-node.ts">
      <metrics statements="25" coveredstatements="25" conditionals="9" coveredconditionals="9" methods="6" coveredmethods="6"/>
      <line num="12" count="1" type="cond" truecount="1" falsecount="0"/>
      <line num="13" count="35" type="cond" truecount="1" falsecount="0"/>
      <line num="14" count="35" type="stmt"/>
      <line num="28" count="1" type="cond" truecount="1" falsecount="0"/>
      <line num="29" count="3" type="stmt"/>
      <line num="31" count="3" type="cond" truecount="1" falsecount="0"/>
      <line num="33" count="3" type="cond" truecount="1" falsecount="0"/>
      <line num="34" count="5" type="stmt"/>
      <line num="35" count="5" type="stmt"/>
      <line num="37" count="3" type="cond" truecount="1" falsecount="0"/>
      <line num="38" count="1" type="stmt"/>
      <line num="39" count="1" type="cond" truecount="1" falsecount="0"/>
      <line num="40" count="2" type="stmt"/>
      <line num="41" count="2" type="cond" truecount="1" falsecount="0"/>
      <line num="42" count="1" type="stmt"/>
      <line num="43" count="1" type="stmt"/>
      <line num="44" count="1" type="stmt"/>
      <line num="45" count="2" type="stmt"/>
      <line num="46" count="1" type="stmt"/>
      <line num="47" count="1" type="stmt"/>
      <line num="49" count="3" type="cond" truecount="1" falsecount="0"/>
      <line num="50" count="1" type="stmt"/>
      <line num="51" count="1" type="stmt"/>
      <line num="53" count="3" type="stmt"/>
      <line num="54" count="3" type="stmt"/>
    </file>
    <file name="clock.ts" path="/home/sprawl/projects/arbitre/trees/audit-uplift/packages/core/src/clock.ts">
      <metrics statements="25" coveredstatements="25" conditionals="10" coveredconditionals="10" methods="6" coveredmethods="6"/>
      <line num="6" count="1" type="stmt"/>
      <line num="17" count="1" type="cond" truecount="1" falsecount="0"/>
      <line num="18" count="1" type="cond" truecount="1" falsecount="0"/>
      <line num="19" count="1" type="stmt"/>
      <line num="21" count="1" type="cond" truecount="1" falsecount="0"/>
      <line num="22" count="31" type="stmt"/>
      <line num="24" count="31" type="stmt"/>
      <line num="25" count="31" type="cond" truecount="1" falsecount="0"/>
      <line num="26" count="31" type="cond" truecount="1" falsecount="0"/>
      <line num="27" count="15" type="cond" truecount="1" falsecount="0"/>
      <line num="28" count="1" type="stmt"/>
      <line num="29" count="1" type="cond" truecount="1" falsecount="0"/>
      <line num="30" count="14" type="stmt"/>
      <line num="31" count="15" type="stmt"/>
      <line num="32" count="31" type="cond" truecount="1" falsecount="0"/>
      <line num="33" count="43" type="cond" truecount="1" falsecount="0"/>
      <line num="34" count="1" type="stmt"/>
      <line num="35" count="1" type="stmt"/>
      <line num="36" count="1" type="stmt"/>
      <line num="37" count="1" type="stmt"/>
      <line num="38" count="1" type="cond" truecount="1" falsecount="0"/>
      <line num="39" count="42" type="stmt"/>
      <line num="40" count="43" type="stmt"/>
      <line num="41" count="31" type="stmt"/>
      <line num="42" count="31" type="stmt"/>
    </file>
    <file name="contracts.ts" path="/home/sprawl/projects/arbitre/trees/audit-uplift/packages/core/src/contracts.ts">
      <metrics statements="0" coveredstatements="0" conditionals="1" coveredconditionals="1" methods="1" coveredmethods="1"/>
    </file>
    <file name="cross-type-accumulate.ts" path="/home/sprawl/projects/arbitre/trees/audit-uplift/packages/core/src/cross-type-accumulate.ts">
      <metrics statements="49" coveredstatements="49" conditionals="16" coveredconditionals="11" methods="6" coveredmethods="6"/>
      <line num="7" count="1" type="stmt"/>
      <line num="17" count="34" type="cond" truecount="1" falsecount="0"/>
      <line num="18" count="34" type="cond" truecount="1" falsecount="0"/>
      <line num="19" count="34" type="stmt"/>
      <line num="21" count="24" type="cond" truecount="1" falsecount="0"/>
      <line num="22" count="24" type="cond" truecount="2" falsecount="0"/>
      <line num="23" count="22" type="stmt"/>
      <line num="24" count="22" type="cond" truecount="0" falsecount="1"/>
      <line num="25" count="22" type="stmt"/>
      <line num="26" count="24" type="cond" truecount="0" falsecount="1"/>
      <line num="27" count="24" type="stmt"/>
      <line num="29" count="1" type="cond" truecount="1" falsecount="0"/>
      <line num="30" count="30" type="stmt"/>
      <line num="31" count="30" type="stmt"/>
      <line num="32" count="30" type="stmt"/>
      <line num="33" count="30" type="stmt"/>
      <line num="37" count="30" type="stmt"/>
      <line num="38" count="30" type="stmt"/>
      <line num="40" count="30" type="cond" truecount="1" falsecount="0"/>
      <line num="41" count="8" type="stmt"/>
      <line num="42" count="8" type="stmt"/>
      <line num="43" count="8" type="stmt"/>
      <line num="45" count="30" type="cond" truecount="1" falsecount="0"/>
      <line num="46" count="24" type="stmt"/>
      <line num="47" count="24" type="cond" truecount="0" falsecount="1"/>
      <line num="48" count="24" type="stmt"/>
      <line num="49" count="24" type="cond" truecount="0" falsecount="1"/>
      <line num="50" count="24" type="stmt"/>
      <line num="51" count="24" type="stmt"/>
      <line num="52" count="24" type="stmt"/>
      <line num="53" count="24" type="stmt"/>
      <line num="55" count="30" type="cond" truecount="1" falsecount="0"/>
      <line num="56" count="16" type="stmt"/>
      <line num="57" count="16" type="cond" truecount="0" falsecount="1"/>
      <line num="58" count="16" type="stmt"/>
      <line num="59" count="16" type="stmt"/>
      <line num="60" count="16" type="stmt"/>
      <line num="61" count="16" type="stmt"/>
      <line num="63" count="30" type="cond" truecount="1" falsecount="0"/>
      <line num="64" count="270" type="stmt"/>
      <line num="65" count="270" type="cond" truecount="1" falsecount="0"/>
      <line num="66" count="50" type="stmt"/>
      <line num="67" count="50" type="stmt"/>
      <line num="68" count="50" type="stmt"/>
      <line num="69" count="50" type="stmt"/>
      <line num="70" count="270" type="stmt"/>
      <line num="71" count="270" type="stmt"/>
      <line num="73" count="30" type="stmt"/>
      <line num="74" count="30" type="stmt"/>
    </file>
    <file name="dependency-extract.ts" path="/home/sprawl/projects/arbitre/trees/audit-uplift/packages/core/src/dependency-extract.ts">
      <metrics statements="32" coveredstatements="32" conditionals="16" coveredconditionals="16" methods="4" coveredmethods="4"/>
      <line num="2" count="1" type="stmt"/>
      <line num="22" count="2096" type="cond" truecount="1" falsecount="0"/>
      <line num="23" count="2096" type="cond" truecount="2" falsecount="0"/>
      <line num="24" count="2092" type="stmt"/>
      <line num="25" count="2092" type="stmt"/>
      <line num="30" count="2096" type="cond" truecount="1" falsecount="0"/>
      <line num="31" count="2096" type="cond" truecount="2" falsecount="0"/>
      <line num="33" count="2096" type="cond" truecount="1" falsecount="0"/>
      <line num="34" count="689" type="stmt"/>
      <line num="35" count="689" type="stmt"/>
      <line num="36" count="689" type="cond" truecount="1" falsecount="0"/>
      <line num="38" count="2096" type="cond" truecount="1" falsecount="0"/>
      <line num="39" count="696" type="cond" truecount="1" falsecount="0"/>
      <line num="40" count="1394" type="stmt"/>
      <line num="41" count="1394" type="stmt"/>
      <line num="42" count="696" type="stmt"/>
      <line num="43" count="2096" type="stmt"/>
      <line num="48" count="1" type="cond" truecount="1" falsecount="0"/>
      <line num="49" count="702" type="stmt"/>
      <line num="50" count="702" type="stmt"/>
      <line num="51" count="702" type="stmt"/>
      <line num="52" count="702" type="stmt"/>
      <line num="57" count="1" type="cond" truecount="1" falsecount="0"/>
      <line num="58" count="695" type="stmt"/>
      <line num="59" count="695" type="cond" truecount="1" falsecount="0"/>
      <line num="60" count="691" type="cond" truecount="2" falsecount="0"/>
      <line num="61" count="690" type="cond" truecount="1" falsecount="0"/>
      <line num="62" count="744" type="stmt"/>
      <line num="63" count="744" type="stmt"/>
      <line num="64" count="690" type="stmt"/>
      <line num="65" count="695" type="stmt"/>
      <line num="66" count="695" type="stmt"/>
    </file>
    <file name="errors.ts" path="/home/sprawl/projects/arbitre/trees/audit-uplift/packages/core/src/errors.ts">
      <metrics statements="32" coveredstatements="32" conditionals="7" coveredconditionals="7" methods="2" coveredmethods="2"/>
      <line num="1" count="1" type="stmt"/>
      <line num="2" count="1" type="stmt"/>
      <line num="3" count="1" type="stmt"/>
      <line num="4" count="1" type="stmt"/>
      <line num="5" count="1" type="stmt"/>
      <line num="6" count="1" type="stmt"/>
      <line num="7" count="1" type="stmt"/>
      <line num="8" count="1" type="stmt"/>
      <line num="9" count="1" type="stmt"/>
      <line num="10" count="1" type="stmt"/>
      <line num="11" count="1" type="stmt"/>
      <line num="12" count="1" type="stmt"/>
      <line num="13" count="1" type="stmt"/>
      <line num="14" count="1" type="stmt"/>
      <line num="15" count="1" type="stmt"/>
      <line num="16" count="1" type="stmt"/>
      <line num="20" count="1" type="stmt"/>
      <line num="21" count="1" type="cond" truecount="1" falsecount="0"/>
      <line num="22" count="120" type="stmt"/>
      <line num="23" count="120" type="stmt"/>
      <line num="25" count="1" type="cond" truecount="1" falsecount="0"/>
      <line num="26" count="120" type="stmt"/>
      <line num="27" count="120" type="stmt"/>
      <line num="28" count="120" type="stmt"/>
      <line num="29" count="120" type="stmt"/>
      <line num="30" count="120" type="cond" truecount="3" falsecount="0"/>
      <line num="31" count="120" type="stmt"/>
      <line num="32" count="120" type="stmt"/>
      <line num="33" count="120" type="cond" truecount="1" falsecount="0"/>
      <line num="34" count="120" type="cond" truecount="1" falsecount="0"/>
      <line num="35" count="120" type="stmt"/>
      <line num="36" count="1" type="stmt"/>
    </file>
    <file name="expiry-tracker.ts" path="/home/sprawl/projects/arbitre/trees/audit-uplift/packages/core/src/expiry-tracker.ts">
      <metrics statements="25" coveredstatements="23" conditionals="9" coveredconditionals="8" methods="5" coveredmethods="4"/>
      <line num="17" count="1" type="cond" truecount="1" falsecount="0"/>
      <line num="18" count="5" type="stmt"/>
      <line num="20" count="5" type="cond" truecount="1" falsecount="0"/>
      <line num="21" count="10" type="cond" truecount="0" falsecount="1"/>
      <line num="22" count="10" type="cond" truecount="2" falsecount="0"/>
      <line num="23" count="9" type="stmt"/>
      <line num="24" count="10" type="stmt"/>
      <line num="26" count="5" type="cond" truecount="1" falsecount="0"/>
      <line num="27" count="20" type="stmt"/>
      <line num="28" count="20" type="cond" truecount="1" falsecount="0"/>
      <line num="29" count="16" type="stmt"/>
      <line num="30" count="16" type="cond" truecount="1" falsecount="0"/>
      <line num="31" count="6" type="stmt"/>
      <line num="32" count="6" type="stmt"/>
      <line num="33" count="16" type="stmt"/>
      <line num="34" count="20" type="stmt"/>
      <line num="35" count="20" type="stmt"/>
      <line num="37" count="5" type="cond" truecount="1" falsecount="0"/>
      <line num="38" count="13" type="stmt"/>
      <line num="39" count="13" type="stmt"/>
      <line num="41" count="5" type="stmt"/>
      <line num="42" count="0" type="stmt"/>
      <line num="43" count="0" type="stmt"/>
      <line num="45" count="5" type="stmt"/>
      <line num="46" count="5" type="stmt"/>
    </file>
    <file name="expression-operators.ts" path="/home/sprawl/projects/arbitre/trees/audit-uplift/packages/core/src/expression-operators.ts">
      <metrics statements="174" coveredstatements="162" conditionals="83" coveredconditionals="55" methods="20" coveredmethods="20"/>
      <line num="3" count="24" type="cond" truecount="1" falsecount="0"/>
      <line num="4" count="24" type="cond" truecount="2" falsecount="0"/>
      <line num="5" count="24" type="stmt"/>
      <line num="11" count="1" type="cond" truecount="1" falsecount="0"/>
      <line num="12" count="8" type="stmt"/>
      <line num="13" count="8" type="stmt"/>
      <line num="14" count="8" type="cond" truecount="1" falsecount="0"/>
      <line num="15" count="17" type="cond" truecount="2" falsecount="0"/>
      <line num="16" count="17" type="cond" truecount="1" falsecount="1"/>
      <line num="17" count="16" type="stmt"/>
      <line num="18" count="16" type="stmt"/>
      <line num="19" count="8" type="stmt"/>
      <line num="20" count="8" type="stmt"/>
      <line num="22" count="1" type="cond" truecount="1" falsecount="0"/>
      <line num="23" count="12" type="stmt"/>
      <line num="24" count="12" type="stmt"/>
      <line num="25" count="12" type="cond" truecount="1" falsecount="0"/>
      <line num="26" count="26" type="cond" truecount="0" falsecount="1"/>
      <line num="27" count="26" type="cond" truecount="2" falsecount="0"/>
      <line num="28" count="25" type="stmt"/>
      <line num="29" count="25" type="cond" truecount="1" falsecount="0"/>
      <line num="30" count="11" type="stmt"/>
      <line num="31" count="11" type="stmt"/>
      <line num="33" count="1" type="cond" truecount="1" falsecount="0"/>
      <line num="34" count="2" type="stmt"/>
      <line num="35" count="2" type="cond" truecount="0" falsecount="1"/>
      <line num="36" count="2" type="cond" truecount="1" falsecount="0"/>
      <line num="37" count="1" type="stmt"/>
      <line num="38" count="1" type="stmt"/>
      <line num="40" count="1" type="cond" truecount="1" falsecount="0"/>
      <line num="41" count="1" type="stmt"/>
      <line num="42" count="1" type="cond" truecount="0" falsecount="1"/>
      <line num="43" count="1" type="stmt"/>
      <line num="44" count="1" type="stmt"/>
      <line num="46" count="1" type="cond" truecount="1" falsecount="0"/>
      <line num="47" count="2" type="stmt"/>
      <line num="48" count="2" type="cond" truecount="0" falsecount="1"/>
      <line num="49" count="2" type="cond" truecount="0" falsecount="1"/>
      <line num="50" count="2" type="stmt"/>
      <line num="51" count="2" type="stmt"/>
      <line num="52" count="2" type="stmt"/>
      <line num="54" count="1" type="cond" truecount="1" falsecount="0"/>
      <line num="55" count="1" type="stmt"/>
      <line num="56" count="1" type="cond" truecount="0" falsecount="1"/>
      <line num="57" count="1" type="stmt"/>
      <line num="59" count="1" type="cond" truecount="1" falsecount="0"/>
      <line num="60" count="1" type="stmt"/>
      <line num="61" count="1" type="cond" truecount="0" falsecount="1"/>
      <line num="62" count="1" type="stmt"/>
      <line num="68" count="1" type="cond" truecount="1" falsecount="0"/>
      <line num="69" count="1" type="stmt"/>
      <line num="70" count="1" type="stmt"/>
      <line num="71" count="1" type="cond" truecount="1" falsecount="0"/>
      <line num="72" count="3" type="cond" truecount="0" falsecount="1"/>
      <line num="73" count="3" type="cond" truecount="0" falsecount="1"/>
      <line num="74" count="3" type="cond" truecount="2" falsecount="0"/>
      <line num="75" count="3" type="stmt"/>
      <line num="76" count="1" type="stmt"/>
      <line num="77" count="1" type="stmt"/>
      <line num="79" count="1" type="cond" truecount="1" falsecount="0"/>
      <line num="80" count="1" type="stmt"/>
      <line num="81" count="1" type="stmt"/>
      <line num="82" count="1" type="cond" truecount="1" falsecount="0"/>
      <line num="83" count="3" type="cond" truecount="0" falsecount="1"/>
      <line num="84" count="3" type="cond" truecount="0" falsecount="1"/>
      <line num="85" count="3" type="cond" truecount="2" falsecount="0"/>
      <line num="86" count="3" type="stmt"/>
      <line num="87" count="1" type="stmt"/>
      <line num="88" count="1" type="stmt"/>
      <line num="90" count="1" type="cond" truecount="1" falsecount="0"/>
      <line num="92" count="2" type="stmt"/>
      <line num="93" count="2" type="cond" truecount="2" falsecount="0"/>
      <line num="94" count="2" type="cond" truecount="0" falsecount="1"/>
      <line num="96" count="0" type="stmt"/>
      <line num="97" count="2" type="cond" truecount="0" falsecount="1"/>
      <line num="98" count="0" type="stmt"/>
      <line num="99" count="0" type="stmt"/>
      <line num="100" count="0" type="stmt"/>
      <line num="101" count="0" type="stmt"/>
      <line num="102" count="0" type="stmt"/>
      <line num="104" count="1" type="cond" truecount="1" falsecount="0"/>
      <line num="105" count="2" type="stmt"/>
      <line num="106" count="2" type="cond" truecount="0" falsecount="1"/>
      <line num="107" count="2" type="stmt"/>
      <line num="108" count="2" type="stmt"/>
      <line num="109" count="2" type="cond" truecount="0" falsecount="1"/>
      <line num="110" count="2" type="cond" truecount="1" falsecount="0"/>
      <line num="111" count="3" type="stmt"/>
      <line num="112" count="3" type="stmt"/>
      <line num="113" count="3" type="cond" truecount="1" falsecount="0"/>
      <line num="114" count="3" type="stmt"/>
      <line num="115" count="3" type="cond" truecount="1" falsecount="0"/>
      <line num="116" count="2" type="cond" truecount="0" falsecount="1"/>
      <line num="117" count="2" type="stmt"/>
      <line num="119" count="1" type="cond" truecount="1" falsecount="0"/>
      <line num="120" count="2" type="cond" truecount="1" falsecount="0"/>
      <line num="121" count="5" type="cond" truecount="1" falsecount="0"/>
      <line num="122" count="5" type="cond" truecount="1" falsecount="0"/>
      <line num="123" count="1" type="stmt"/>
      <line num="124" count="1" type="stmt"/>
      <line num="130" count="1" type="cond" truecount="1" falsecount="0"/>
      <line num="131" count="2" type="cond" truecount="0" falsecount="2"/>
      <line num="132" count="2" type="stmt"/>
      <line num="133" count="2" type="cond" truecount="1" falsecount="0"/>
      <line num="134" count="5" type="cond" truecount="2" falsecount="0"/>
      <line num="135" count="4" type="stmt"/>
      <line num="136" count="4" type="cond" truecount="1" falsecount="0"/>
      <line num="137" count="1" type="stmt"/>
      <line num="138" count="1" type="stmt"/>
      <line num="144" count="1" type="cond" truecount="1" falsecount="0"/>
      <line num="145" count="2" type="stmt"/>
      <line num="146" count="2" type="cond" truecount="0" falsecount="1"/>
      <line num="147" count="2" type="cond" truecount="0" falsecount="1"/>
      <line num="148" count="2" type="stmt"/>
      <line num="149" count="2" type="stmt"/>
      <line num="150" count="2" type="cond" truecount="2" falsecount="0"/>
      <line num="151" count="2" type="cond" truecount="0" falsecount="1"/>
      <line num="152" count="0" type="stmt"/>
      <line num="153" count="0" type="stmt"/>
      <line num="155" count="1" type="cond" truecount="1" falsecount="0"/>
      <line num="156" count="1" type="stmt"/>
      <line num="157" count="1" type="cond" truecount="0" falsecount="1"/>
      <line num="158" count="1" type="stmt"/>
      <line num="159" count="1" type="stmt"/>
      <line num="161" count="1" type="cond" truecount="1" falsecount="0"/>
      <line num="162" count="2" type="stmt"/>
      <line num="163" count="2" type="cond" truecount="0" falsecount="1"/>
      <line num="164" count="2" type="cond" truecount="0" falsecount="1"/>
      <line num="165" count="0" type="stmt"/>
      <line num="166" count="0" type="stmt"/>
      <line num="167" count="0" type="stmt"/>
      <line num="168" count="0" type="stmt"/>
      <line num="174" count="1" type="cond" truecount="1" falsecount="0"/>
      <line num="176" count="1" type="cond" truecount="1" falsecount="0"/>
      <line num="177" count="2" type="stmt"/>
      <line num="178" count="2" type="cond" truecount="1" falsecount="0"/>
      <line num="179" count="1" type="stmt"/>
      <line num="180" count="1" type="stmt"/>
      <line num="181" count="2" type="cond" truecount="1" falsecount="0"/>
      <line num="182" count="3" type="cond" truecount="0" falsecount="1"/>
      <line num="183" count="3" type="cond" truecount="0" falsecount="1"/>
      <line num="184" count="3" type="stmt"/>
      <line num="185" count="3" type="stmt"/>
      <line num="186" count="3" type="cond" truecount="1" falsecount="0"/>
      <line num="187" count="2" type="cond" truecount="1" falsecount="1"/>
      <line num="188" count="2" type="stmt"/>
      <line num="194" count="1" type="stmt"/>
      <line num="195" count="1" type="stmt"/>
      <line num="196" count="1" type="stmt"/>
      <line num="197" count="1" type="stmt"/>
      <line num="198" count="1" type="stmt"/>
      <line num="199" count="1" type="stmt"/>
      <line num="200" count="1" type="stmt"/>
      <line num="201" count="1" type="stmt"/>
      <line num="202" count="1" type="stmt"/>
      <line num="203" count="1" type="stmt"/>
      <line num="204" count="1" type="stmt"/>
      <line num="205" count="1" type="stmt"/>
      <line num="206" count="1" type="stmt"/>
      <line num="207" count="1" type="stmt"/>
      <line num="208" count="1" type="stmt"/>
      <line num="209" count="1" type="stmt"/>
      <line num="210" count="1" type="stmt"/>
      <line num="211" count="1" type="stmt"/>
      <line num="212" count="1" type="stmt"/>
      <line num="213" count="1" type="stmt"/>
      <line num="215" count="1" type="cond" truecount="1" falsecount="0"/>
      <line num="216" count="445" type="stmt"/>
      <line num="217" count="445" type="stmt"/>
      <line num="218" count="445" type="stmt"/>
      <line num="219" count="445" type="stmt"/>
      <line num="220" count="445" type="stmt"/>
      <line num="221" count="445" type="stmt"/>
      <line num="222" count="445" type="stmt"/>
    </file>
    <file name="fact-match.ts" path="/home/sprawl/projects/arbitre/trees/audit-uplift/packages/core/src/fact-match.ts">
      <metrics statements="11" coveredstatements="11" conditionals="9" coveredconditionals="9" methods="2" coveredmethods="2"/>
      <line num="3" count="1" type="cond" truecount="1" falsecount="0"/>
      <line num="4" count="11" type="stmt"/>
      <line num="5" count="11" type="cond" truecount="1" falsecount="0"/>
      <line num="6" count="11" type="cond" truecount="1" falsecount="0"/>
      <line num="7" count="7" type="stmt"/>
      <line num="8" count="7" type="stmt"/>
      <line num="10" count="1" type="cond" truecount="1" falsecount="0"/>
      <line num="11" count="185" type="cond" truecount="2" falsecount="0"/>
      <line num="12" count="185" type="cond" truecount="3" falsecount="0"/>
      <line num="13" count="177" type="stmt"/>
      <line num="14" count="177" type="stmt"/>
    </file>
    <file name="fact-memory.ts" path="/home/sprawl/projects/arbitre/trees/audit-uplift/packages/core/src/fact-memory.ts">
      <metrics statements="42" coveredstatements="42" conditionals="14" coveredconditionals="14" methods="8" coveredmethods="8"/>
      <line num="21" count="1" type="cond" truecount="1" falsecount="0"/>
      <line num="22" count="116" type="stmt"/>
      <line num="23" count="116" type="stmt"/>
      <line num="24" count="116" type="stmt"/>
      <line num="26" count="116" type="cond" truecount="1" falsecount="0"/>
      <line num="27" count="324" type="stmt"/>
      <line num="28" count="324" type="stmt"/>
      <line num="29" count="324" type="stmt"/>
      <line num="30" count="324" type="stmt"/>
      <line num="31" count="324" type="cond" truecount="1" falsecount="0"/>
      <line num="32" count="124" type="stmt"/>
      <line num="33" count="124" type="stmt"/>
      <line num="34" count="124" type="stmt"/>
      <line num="35" count="324" type="stmt"/>
      <line num="36" count="324" type="stmt"/>
      <line num="37" count="324" type="stmt"/>
      <line num="39" count="116" type="cond" truecount="1" falsecount="0"/>
      <line num="40" count="71" type="stmt"/>
      <line num="41" count="71" type="cond" truecount="1" falsecount="0"/>
      <line num="42" count="69" type="stmt"/>
      <line num="43" count="69" type="stmt"/>
      <line num="44" count="69" type="stmt"/>
      <line num="45" count="69" type="stmt"/>
      <line num="46" count="69" type="cond" truecount="1" falsecount="0"/>
      <line num="47" count="69" type="stmt"/>
      <line num="48" count="69" type="stmt"/>
      <line num="49" count="71" type="stmt"/>
      <line num="50" count="71" type="stmt"/>
      <line num="52" count="116" type="cond" truecount="1" falsecount="0"/>
      <line num="54" count="116" type="cond" truecount="1" falsecount="0"/>
      <line num="55" count="59" type="stmt"/>
      <line num="56" count="59" type="cond" truecount="3" falsecount="0"/>
      <line num="57" count="7" type="stmt"/>
      <line num="58" count="59" type="stmt"/>
      <line num="60" count="116" type="cond" truecount="1" falsecount="0"/>
      <line num="62" count="116" type="cond" truecount="1" falsecount="0"/>
      <line num="64" count="116" type="cond" truecount="1" falsecount="0"/>
      <line num="65" count="1" type="stmt"/>
      <line num="66" count="1" type="stmt"/>
      <line num="67" count="1" type="stmt"/>
      <line num="69" count="116" type="stmt"/>
      <line num="70" count="116" type="stmt"/>
    </file>
    <file name="fact-pattern.ts" path="/home/sprawl/projects/arbitre/trees/audit-uplift/packages/core/src/fact-pattern.ts">
      <metrics statements="0" coveredstatements="0" conditionals="1" coveredconditionals="1" methods="1" coveredmethods="1"/>
    </file>
    <file name="fact-registry.ts" path="/home/sprawl/projects/arbitre/trees/audit-uplift/packages/core/src/fact-registry.ts">
      <metrics statements="43" coveredstatements="43" conditionals="18" coveredconditionals="18" methods="13" coveredmethods="10"/>
      <line num="20" count="1" type="stmt"/>
      <line num="21" count="1" type="cond" truecount="1" falsecount="0"/>
      <line num="22" count="1" type="cond" truecount="1" falsecount="0"/>
      <line num="23" count="1" type="cond" truecount="1" falsecount="0"/>
      <line num="24" count="1" type="stmt"/>
      <line num="25" count="1" type="stmt"/>
      <line num="26" count="1" type="stmt"/>
      <line num="27" count="1" type="stmt"/>
      <line num="29" count="315" type="cond" truecount="1" falsecount="0"/>
      <line num="30" count="315" type="stmt"/>
      <line num="31" count="315" type="stmt"/>
      <line num="33" count="315" type="cond" truecount="1" falsecount="0"/>
      <line num="34" count="695" type="cond" truecount="1" falsecount="0"/>
      <line num="35" count="2" type="stmt"/>
      <line num="36" count="2" type="stmt"/>
      <line num="37" count="2" type="cond" truecount="1" falsecount="0"/>
      <line num="38" count="693" type="stmt"/>
      <line num="39" count="695" type="cond" truecount="1" falsecount="0"/>
      <line num="40" count="2" type="stmt"/>
      <line num="41" count="2" type="stmt"/>
      <line num="42" count="695" type="stmt"/>
      <line num="44" count="315" type="stmt"/>
      <line num="45" count="315" type="stmt"/>
      <line num="47" count="1" type="cond" truecount="1" falsecount="0"/>
      <line num="48" count="116" type="stmt"/>
      <line num="50" count="116" type="cond" truecount="1" falsecount="0"/>
      <line num="51" count="143" type="cond" truecount="1" falsecount="0"/>
      <line num="52" count="1" type="stmt"/>
      <line num="53" count="1" type="cond" truecount="1" falsecount="0"/>
      <line num="54" count="142" type="stmt"/>
      <line num="55" count="143" type="stmt"/>
      <line num="57" count="116" type="cond" truecount="1" falsecount="0"/>
      <line num="59" count="116" type="cond" truecount="1" falsecount="0"/>
      <line num="61" count="116" type="cond" truecount="1" falsecount="0"/>
      <line num="63" count="116" type="cond" truecount="1" falsecount="0"/>
      <line num="64" count="316" type="stmt"/>
      <line num="65" count="316" type="cond" truecount="1" falsecount="0"/>
      <line num="66" count="1" type="stmt"/>
      <line num="67" count="1" type="cond" truecount="1" falsecount="0"/>
      <line num="68" count="315" type="stmt"/>
      <line num="69" count="316" type="stmt"/>
      <line num="71" count="116" type="stmt"/>
      <line num="72" count="116" type="stmt"/>
    </file>
    <file name="fire-cycle.ts" path="/home/sprawl/projects/arbitre/trees/audit-uplift/packages/core/src/fire-cycle.ts">
      <metrics statements="172" coveredstatements="162" conditionals="71" coveredconditionals="61" methods="9" coveredmethods="9"/>
      <line num="1" count="1" type="stmt"/>
      <line num="13" count="1" type="stmt"/>
      <line num="14" count="1" type="stmt"/>
      <line num="18" count="1" type="stmt"/>
      <line num="58" count="1" type="cond" truecount="1" falsecount="0"/>
      <line num="59" count="2474" type="stmt"/>
      <line num="60" count="2474" type="stmt"/>
      <line num="61" count="2474" type="stmt"/>
      <line num="62" count="2474" type="stmt"/>
      <line num="68" count="74" type="cond" truecount="1" falsecount="0"/>
      <line num="69" count="74" type="stmt"/>
      <line num="70" count="74" type="cond" truecount="1" falsecount="0"/>
      <line num="71" count="61" type="stmt"/>
      <line num="72" count="61" type="stmt"/>
      <line num="73" count="61" type="stmt"/>
      <line num="74" count="61" type="stmt"/>
      <line num="75" count="74" type="stmt"/>
      <line num="76" count="74" type="stmt"/>
      <line num="82" count="1" type="cond" truecount="1" falsecount="0"/>
      <line num="83" count="526" type="cond" truecount="0" falsecount="1"/>
      <line num="85" count="526" type="cond" truecount="0" falsecount="1"/>
      <line num="86" count="526" type="cond" truecount="0" falsecount="1"/>
      <line num="87" count="526" type="stmt"/>
      <line num="88" count="526" type="stmt"/>
      <line num="90" count="526" type="cond" truecount="3" falsecount="0"/>
      <line num="91" count="7" type="stmt"/>
      <line num="92" count="7" type="stmt"/>
      <line num="93" count="7" type="stmt"/>
      <line num="94" count="7" type="stmt"/>
      <line num="95" count="7" type="stmt"/>
      <line num="96" count="525" type="cond" truecount="3" falsecount="0"/>
      <line num="97" count="517" type="stmt"/>
      <line num="98" count="519" type="cond" truecount="2" falsecount="0"/>
      <line num="99" count="1" type="stmt"/>
      <line num="100" count="1" type="stmt"/>
      <line num="101" count="1" type="stmt"/>
      <line num="102" count="1" type="stmt"/>
      <line num="103" count="1" type="stmt"/>
      <line num="104" count="1" type="stmt"/>
      <line num="105" count="525" type="stmt"/>
      <line num="106" count="525" type="stmt"/>
      <line num="112" count="1" type="cond" truecount="1" falsecount="0"/>
      <line num="113" count="1643" type="stmt"/>
      <line num="114" count="1643" type="cond" truecount="1" falsecount="0"/>
      <line num="115" count="2009" type="cond" truecount="0" falsecount="1"/>
      <line num="117" count="2009" type="cond" truecount="3" falsecount="0"/>
      <line num="118" count="1945" type="stmt"/>
      <line num="119" count="1989" type="cond" truecount="1" falsecount="0"/>
      <line num="120" count="2009" type="stmt"/>
      <line num="122" count="2009" type="cond" truecount="3" falsecount="0"/>
      <line num="123" count="638" type="stmt"/>
      <line num="124" count="638" type="stmt"/>
      <line num="125" count="638" type="stmt"/>
      <line num="126" count="638" type="stmt"/>
      <line num="127" count="638" type="stmt"/>
      <line num="128" count="1980" type="cond" truecount="3" falsecount="0"/>
      <line num="129" count="73" type="stmt"/>
      <line num="130" count="73" type="stmt"/>
      <line num="131" count="73" type="cond" truecount="1" falsecount="0"/>
      <line num="132" count="73" type="stmt"/>
      <line num="133" count="73" type="stmt"/>
      <line num="134" count="73" type="stmt"/>
      <line num="135" count="2009" type="stmt"/>
      <line num="136" count="1643" type="stmt"/>
      <line num="137" count="1643" type="stmt"/>
      <line num="143" count="1" type="cond" truecount="1" falsecount="0"/>
      <line num="144" count="1643" type="cond" truecount="1" falsecount="0"/>
      <line num="145" count="2009" type="cond" truecount="3" falsecount="0"/>
      <line num="146" count="267" type="cond" truecount="0" falsecount="1"/>
      <line num="147" count="2009" type="cond" truecount="3" falsecount="0"/>
      <line num="149" count="2009" type="cond" truecount="0" falsecount="1"/>
      <line num="150" count="2009" type="cond" truecount="1" falsecount="1"/>
      <line num="151" count="2009" type="cond" truecount="4" falsecount="0"/>
      <line num="152" count="13" type="stmt"/>
      <line num="153" count="13" type="stmt"/>
      <line num="154" count="2009" type="stmt"/>
      <line num="155" count="2009" type="stmt"/>
      <line num="156" count="1643" type="stmt"/>
      <line num="162" count="1166" type="cond" truecount="1" falsecount="0"/>
      <line num="163" count="1166" type="stmt"/>
      <line num="164" count="1166" type="cond" truecount="1" falsecount="0"/>
      <line num="165" count="1223" type="cond" truecount="1" falsecount="0"/>
      <line num="166" count="526" type="stmt"/>
      <line num="167" count="526" type="stmt"/>
      <line num="168" count="1223" type="stmt"/>
      <line num="169" count="1166" type="cond" truecount="1" falsecount="0"/>
      <line num="170" count="526" type="stmt"/>
      <line num="171" count="526" type="stmt"/>
      <line num="172" count="526" type="stmt"/>
      <line num="173" count="526" type="stmt"/>
      <line num="174" count="526" type="stmt"/>
      <line num="175" count="526" type="stmt"/>
      <line num="176" count="1166" type="stmt"/>
      <line num="182" count="1" type="stmt"/>
      <line num="184" count="40" type="cond" truecount="1" falsecount="0"/>
      <line num="185" count="40" type="cond" truecount="1" falsecount="0"/>
      <line num="186" count="66" type="stmt"/>
      <line num="187" count="66" type="stmt"/>
      <line num="188" count="40" type="stmt"/>
      <line num="190" count="40" type="cond" truecount="1" falsecount="0"/>
      <line num="191" count="40" type="stmt"/>
      <line num="192" count="40" type="stmt"/>
      <line num="198" count="1" type="cond" truecount="1" falsecount="0"/>
      <line num="199" count="1643" type="stmt"/>
      <line num="200" count="1643" type="stmt"/>
      <line num="201" count="1643" type="stmt"/>
      <line num="202" count="1643" type="stmt"/>
      <line num="204" count="1643" type="cond" truecount="1" falsecount="0"/>
      <line num="205" count="61" type="stmt"/>
      <line num="206" count="61" type="stmt"/>
      <line num="207" count="1643" type="stmt"/>
      <line num="208" count="1643" type="stmt"/>
      <line num="209" count="1643" type="stmt"/>
      <line num="210" count="1643" type="cond" truecount="1" falsecount="0"/>
      <line num="211" count="13" type="stmt"/>
      <line num="212" count="13" type="stmt"/>
      <line num="214" count="1643" type="cond" truecount="1" falsecount="0"/>
      <line num="215" count="1205" type="stmt"/>
      <line num="216" count="1205" type="stmt"/>
      <line num="218" count="1205" type="stmt"/>
      <line num="220" count="1205" type="cond" truecount="1" falsecount="0"/>
      <line num="221" count="52" type="stmt"/>
      <line num="222" count="52" type="stmt"/>
      <line num="223" count="52" type="stmt"/>
      <line num="224" count="52" type="stmt"/>
      <line num="225" count="52" type="cond" truecount="1" falsecount="0"/>
      <line num="226" count="1205" type="cond" truecount="1" falsecount="0"/>
      <line num="227" count="1" type="stmt"/>
      <line num="228" count="1" type="stmt"/>
      <line num="229" count="1" type="stmt"/>
      <line num="230" count="1" type="stmt"/>
      <line num="231" count="1" type="cond" truecount="1" falsecount="0"/>
      <line num="233" count="1153" type="stmt"/>
      <line num="234" count="1153" type="cond" truecount="1" falsecount="1"/>
      <line num="237" count="1205" type="stmt"/>
      <line num="238" count="1205" type="cond" truecount="1" falsecount="0"/>
      <line num="239" count="40" type="stmt"/>
      <line num="240" count="40" type="stmt"/>
      <line num="241" count="40" type="cond" truecount="1" falsecount="0"/>
      <line num="243" count="1153" type="stmt"/>
      <line num="244" count="1153" type="stmt"/>
      <line num="245" count="1153" type="stmt"/>
      <line num="247" count="1153" type="stmt"/>
      <line num="248" count="1153" type="stmt"/>
      <line num="249" count="1153" type="stmt"/>
      <line num="250" count="1153" type="stmt"/>
      <line num="251" count="1153" type="stmt"/>
      <line num="252" count="1153" type="stmt"/>
      <line num="255" count="1205" type="cond" truecount="1" falsecount="0"/>
      <line num="256" count="40" type="stmt"/>
      <line num="257" count="40" type="cond" truecount="1" falsecount="0"/>
      <line num="259" count="1205" type="cond" truecount="0" falsecount="1"/>
      <line num="260" count="0" type="stmt"/>
      <line num="261" count="0" type="stmt"/>
      <line num="262" count="0" type="stmt"/>
      <line num="263" count="0" type="stmt"/>
      <line num="264" count="0" type="cond" truecount="1" falsecount="0"/>
      <line num="265" count="1205" type="cond" truecount="0" falsecount="1"/>
      <line num="266" count="0" type="stmt"/>
      <line num="267" count="0" type="stmt"/>
      <line num="268" count="0" type="stmt"/>
      <line num="269" count="0" type="stmt"/>
      <line num="270" count="0" type="cond" truecount="1" falsecount="0"/>
      <line num="272" count="1153" type="stmt"/>
      <line num="274" count="1153" type="stmt"/>
      <line num="275" count="1153" type="stmt"/>
      <line num="276" count="1153" type="stmt"/>
      <line num="277" count="1153" type="stmt"/>
      <line num="278" count="1153" type="stmt"/>
      <line num="279" count="1153" type="cond" truecount="1" falsecount="0"/>
      <line num="281" count="1591" type="stmt"/>
      <line num="282" count="1591" type="stmt"/>
    </file>
    <file name="hooks.ts" path="/home/sprawl/projects/arbitre/trees/audit-uplift/packages/core/src/hooks.ts">
      <metrics statements="13" coveredstatements="13" conditionals="4" coveredconditionals="4" methods="1" coveredmethods="1"/>
      <line num="65" count="1" type="cond" truecount="1" falsecount="0"/>
      <line num="66" count="4609" type="stmt"/>
      <line num="67" count="4609" type="stmt"/>
      <line num="68" count="4609" type="stmt"/>
      <line num="69" count="4609" type="stmt"/>
      <line num="70" count="4609" type="cond" truecount="1" falsecount="0"/>
      <line num="71" count="4609" type="cond" truecount="1" falsecount="0"/>
      <line num="72" count="9" type="stmt"/>
      <line num="73" count="9" type="stmt"/>
      <line num="74" count="9" type="cond" truecount="1" falsecount="0"/>
      <line num="76" count="2" type="stmt"/>
      <line num="77" count="9" type="stmt"/>
      <line num="78" count="4609" type="stmt"/>
    </file>
    <file name="index.ts" path="/home/sprawl/projects/arbitre/trees/audit-uplift/packages/core/src/index.ts">
      <metrics statements="14" coveredstatements="14" conditionals="0" coveredconditionals="0" methods="0" coveredmethods="0"/>
      <line num="11" count="1" type="stmt"/>
      <line num="14" count="1" type="stmt"/>
      <line num="17" count="1" type="stmt"/>
      <line num="20" count="1" type="stmt"/>
      <line num="43" count="1" type="stmt"/>
      <line num="45" count="1" type="stmt"/>
      <line num="61" count="1" type="stmt"/>
      <line num="63" count="1" type="stmt"/>
      <line num="66" count="1" type="stmt"/>
      <line num="68" count="1" type="stmt"/>
      <line num="71" count="1" type="stmt"/>
      <line num="73" count="1" type="stmt"/>
      <line num="76" count="1" type="stmt"/>
      <line num="78" count="1" type="stmt"/>
    </file>
    <file name="introspection.ts" path="/home/sprawl/projects/arbitre/trees/audit-uplift/packages/core/src/introspection.ts">
      <metrics statements="0" coveredstatements="0" conditionals="1" coveredconditionals="1" methods="1" coveredmethods="1"/>
    </file>
    <file name="join-node.ts" path="/home/sprawl/projects/arbitre/trees/audit-uplift/packages/core/src/join-node.ts">
      <metrics statements="167" coveredstatements="156" conditionals="61" coveredconditionals="53" methods="13" coveredmethods="12"/>
      <line num="1" count="1" type="stmt"/>
      <line num="3" count="1" type="stmt"/>
      <line num="5" count="1" type="stmt"/>
      <line num="37" count="144" type="cond" truecount="1" falsecount="0"/>
      <line num="38" count="144" type="stmt"/>
      <line num="39" count="144" type="stmt"/>
      <line num="42" count="41" type="cond" truecount="1" falsecount="0"/>
      <line num="43" count="41" type="stmt"/>
      <line num="44" count="41" type="stmt"/>
      <line num="45" count="41" type="stmt"/>
      <line num="46" count="41" type="stmt"/>
      <line num="47" count="41" type="stmt"/>
      <line num="48" count="41" type="cond" truecount="1" falsecount="0"/>
      <line num="49" count="40" type="cond" truecount="0" falsecount="1"/>
      <line num="50" count="40" type="cond" truecount="0" falsecount="1"/>
      <line num="51" count="40" type="cond" truecount="3" falsecount="0"/>
      <line num="52" count="39" type="stmt"/>
      <line num="53" count="39" type="stmt"/>
      <line num="54" count="40" type="cond" truecount="1" falsecount="0"/>
      <line num="55" count="40" type="cond" truecount="1" falsecount="0"/>
      <line num="56" count="39" type="stmt"/>
      <line num="57" count="39" type="stmt"/>
      <line num="63" count="52" type="cond" truecount="1" falsecount="0"/>
      <line num="64" count="52" type="stmt"/>
      <line num="65" count="52" type="stmt"/>
      <line num="66" count="52" type="cond" truecount="1" falsecount="0"/>
      <line num="67" count="26" type="stmt"/>
      <line num="68" count="26" type="cond" truecount="2" falsecount="0"/>
      <line num="69" count="25" type="stmt"/>
      <line num="70" count="26" type="stmt"/>
      <line num="71" count="26" type="stmt"/>
      <line num="72" count="26" type="cond" truecount="0" falsecount="1"/>
      <line num="73" count="0" type="stmt"/>
      <line num="74" count="0" type="stmt"/>
      <line num="75" count="52" type="cond" truecount="1" falsecount="0"/>
      <line num="76" count="52" type="cond" truecount="0" falsecount="1"/>
      <line num="77" count="52" type="stmt"/>
      <line num="82" count="41" type="cond" truecount="1" falsecount="0"/>
      <line num="83" count="41" type="stmt"/>
      <line num="84" count="41" type="stmt"/>
      <line num="85" count="41" type="stmt"/>
      <line num="86" count="41" type="stmt"/>
      <line num="87" count="41" type="cond" truecount="0" falsecount="1"/>
      <line num="88" count="0" type="stmt"/>
      <line num="89" count="0" type="stmt"/>
      <line num="90" count="41" type="stmt"/>
      <line num="91" count="41" type="cond" truecount="0" falsecount="1"/>
      <line num="92" count="41" type="stmt"/>
      <line num="95" count="26" type="cond" truecount="1" falsecount="0"/>
      <line num="96" count="26" type="stmt"/>
      <line num="97" count="26" type="stmt"/>
      <line num="98" count="26" type="stmt"/>
      <line num="99" count="26" type="stmt"/>
      <line num="100" count="26" type="stmt"/>
      <line num="101" count="26" type="stmt"/>
      <line num="102" count="26" type="stmt"/>
      <line num="104" count="1" type="cond" truecount="1" falsecount="0"/>
      <line num="105" count="27" type="stmt"/>
      <line num="106" count="27" type="stmt"/>
      <line num="107" count="27" type="stmt"/>
      <line num="108" count="27" type="stmt"/>
      <line num="111" count="27" type="stmt"/>
      <line num="112" count="27" type="cond" truecount="2" falsecount="0"/>
      <line num="113" count="27" type="stmt"/>
      <line num="115" count="27" type="cond" truecount="1" falsecount="0"/>
      <line num="116" count="26" type="cond" truecount="1" falsecount="0"/>
      <line num="117" count="52" type="stmt"/>
      <line num="118" count="52" type="cond" truecount="3" falsecount="0"/>
      <line num="119" count="25" type="stmt"/>
[...]
      <line num="51" count="25" type="cond" truecount="1" falsecount="0"/>
      <line num="52" count="2" type="stmt"/>
      <line num="53" count="2" type="stmt"/>
      <line num="54" count="2" type="stmt"/>
      <line num="55" count="2" type="stmt"/>
      <line num="56" count="2" type="stmt"/>
      <line num="57" count="2" type="cond" truecount="1" falsecount="0"/>
      <line num="58" count="12" type="stmt"/>
      <line num="59" count="12" type="cond" truecount="1" falsecount="0"/>
      <line num="60" count="9" type="stmt"/>
    </file>
    <file name="validate-patterns.ts" path="/home/sprawl/projects/arbitre/trees/audit-uplift/packages/core/src/validate-patterns.ts">
      <metrics statements="84" coveredstatements="80" conditionals="28" coveredconditionals="27" methods="2" coveredmethods="2"/>
      <line num="1" count="1" type="stmt"/>
      <line num="8" count="1" type="cond" truecount="1" falsecount="0"/>
      <line num="9" count="48" type="cond" truecount="0" falsecount="1"/>
      <line num="10" count="0" type="stmt"/>
      <line num="11" count="0" type="stmt"/>
      <line num="12" count="0" type="stmt"/>
      <line num="13" count="0" type="stmt"/>
      <line num="15" count="48" type="stmt"/>
      <line num="17" count="48" type="cond" truecount="1" falsecount="0"/>
      <line num="18" count="66" type="stmt"/>
      <line num="19" count="66" type="stmt"/>
      <line num="20" count="66" type="stmt"/>
      <line num="21" count="66" type="cond" truecount="1" falsecount="0"/>
      <line num="22" count="33" type="stmt"/>
      <line num="24" count="66" type="cond" truecount="1" falsecount="0"/>
      <line num="25" count="66" type="stmt"/>
      <line num="26" count="66" type="stmt"/>
      <line num="27" count="66" type="stmt"/>
      <line num="28" count="66" type="stmt"/>
      <line num="29" count="66" type="stmt"/>
      <line num="30" count="66" type="cond" truecount="2" falsecount="0"/>
      <line num="31" count="1" type="stmt"/>
      <line num="32" count="1" type="stmt"/>
      <line num="33" count="1" type="stmt"/>
      <line num="34" count="1" type="stmt"/>
      <line num="35" count="1" type="stmt"/>
      <line num="36" count="1" type="cond" truecount="1" falsecount="0"/>
      <line num="38" count="66" type="cond" truecount="2" falsecount="0"/>
      <line num="39" count="3" type="stmt"/>
      <line num="40" count="3" type="stmt"/>
      <line num="41" count="3" type="stmt"/>
      <line num="42" count="3" type="stmt"/>
      <line num="43" count="3" type="stmt"/>
      <line num="44" count="3" type="cond" truecount="1" falsecount="0"/>
      <line num="46" count="66" type="cond" truecount="2" falsecount="0"/>
      <line num="47" count="2" type="stmt"/>
      <line num="48" count="2" type="stmt"/>
      <line num="49" count="2" type="stmt"/>
      <line num="50" count="2" type="stmt"/>
      <line num="51" count="2" type="stmt"/>
      <line num="52" count="2" type="cond" truecount="1" falsecount="0"/>
      <line num="54" count="66" type="cond" truecount="1" falsecount="0"/>
      <line num="55" count="2" type="stmt"/>
      <line num="56" count="2" type="stmt"/>
      <line num="57" count="2" type="stmt"/>
      <line num="58" count="2" type="stmt"/>
      <line num="59" count="2" type="stmt"/>
      <line num="60" count="2" type="cond" truecount="1" falsecount="0"/>
      <line num="62" count="66" type="cond" truecount="1" falsecount="0"/>
      <line num="63" count="8" type="cond" truecount="3" falsecount="0"/>
      <line num="64" count="3" type="stmt"/>
      <line num="65" count="3" type="stmt"/>
      <line num="66" count="3" type="stmt"/>
      <line num="67" count="3" type="stmt"/>
      <line num="68" count="3" type="stmt"/>
      <line num="69" count="3" type="stmt"/>
      <line num="70" count="8" type="cond" truecount="1" falsecount="0"/>
      <line num="72" count="66" type="cond" truecount="1" falsecount="0"/>
      <line num="73" count="19" type="cond" truecount="1" falsecount="0"/>
      <line num="74" count="1" type="stmt"/>
      <line num="75" count="1" type="stmt"/>
      <line num="76" count="1" type="stmt"/>
      <line num="77" count="1" type="stmt"/>
      <line num="78" count="1" type="stmt"/>
      <line num="79" count="1" type="cond" truecount="1" falsecount="0"/>
      <line num="81" count="18" type="stmt"/>
      <line num="82" count="18" type="cond" truecount="1" falsecount="0"/>
      <line num="83" count="1" type="stmt"/>
      <line num="84" count="1" type="stmt"/>
      <line num="85" count="1" type="stmt"/>
      <line num="86" count="1" type="stmt"/>
      <line num="87" count="1" type="stmt"/>
      <line num="88" count="1" type="cond" truecount="1" falsecount="0"/>
      <line num="90" count="17" type="stmt"/>
      <line num="91" count="18" type="cond" truecount="1" falsecount="0"/>
      <line num="92" count="2" type="stmt"/>
      <line num="93" count="2" type="stmt"/>
      <line num="94" count="2" type="stmt"/>
      <line num="95" count="2" type="stmt"/>
      <line num="96" count="2" type="stmt"/>
      <line num="97" count="2" type="stmt"/>
      <line num="98" count="18" type="cond" truecount="1" falsecount="0"/>
      <line num="99" count="15" type="stmt"/>
      <line num="100" count="66" type="stmt"/>
    </file>
    <file name="validate-rule.ts" path="/home/sprawl/projects/arbitre/trees/audit-uplift/packages/core/src/validate-rule.ts">
      <metrics statements="192" coveredstatements="162" conditionals="62" coveredconditionals="47" methods="7" coveredmethods="7"/>
      <line num="2" count="1" type="stmt"/>
      <line num="3" count="1" type="stmt"/>
      <line num="4" count="1" type="stmt"/>
      <line num="5" count="1" type="stmt"/>
      <line num="9" count="1" type="stmt"/>
      <line num="10" count="1" type="stmt"/>
      <line num="11" count="1" type="stmt"/>
      <line num="12" count="1" type="stmt"/>
      <line num="13" count="1" type="stmt"/>
      <line num="14" count="1" type="stmt"/>
      <line num="15" count="1" type="stmt"/>
      <line num="16" count="1" type="stmt"/>
      <line num="17" count="1" type="stmt"/>
      <line num="18" count="1" type="stmt"/>
      <line num="19" count="1" type="stmt"/>
      <line num="20" count="1" type="stmt"/>
      <line num="21" count="1" type="stmt"/>
      <line num="22" count="1" type="stmt"/>
      <line num="23" count="1" type="stmt"/>
      <line num="24" count="1" type="stmt"/>
      <line num="25" count="1" type="stmt"/>
      <line num="26" count="1" type="stmt"/>
      <line num="28" count="1" type="stmt"/>
      <line num="30" count="1" type="stmt"/>
      <line num="35" count="1" type="cond" truecount="1" falsecount="0"/>
      <line num="36" count="17" type="cond" truecount="2" falsecount="0"/>
      <line num="38" count="16" type="stmt"/>
      <line num="40" count="17" type="cond" truecount="1" falsecount="0"/>
      <line num="41" count="11" type="stmt"/>
      <line num="42" count="11" type="stmt"/>
      <line num="43" count="17" type="stmt"/>
      <line num="45" count="16" type="cond" truecount="1" falsecount="0"/>
      <line num="46" count="16" type="cond" truecount="2" falsecount="0"/>
      <line num="47" count="1" type="stmt"/>
      <line num="48" count="1" type="cond" truecount="1" falsecount="0"/>
      <line num="50" count="16" type="cond" truecount="2" falsecount="0"/>
      <line num="51" count="1" type="stmt"/>
      <line num="52" count="1" type="stmt"/>
      <line num="53" count="1" type="stmt"/>
      <line num="54" count="1" type="cond" truecount="1" falsecount="0"/>
      <line num="56" count="16" type="cond" truecount="1" falsecount="0"/>
      <line num="57" count="1" type="stmt"/>
      <line num="58" count="1" type="stmt"/>
      <line num="59" count="1" type="stmt"/>
      <line num="60" count="1" type="stmt"/>
      <line num="61" count="1" type="stmt"/>
      <line num="62" count="1" type="cond" truecount="1" falsecount="0"/>
      <line num="64" count="13" type="stmt"/>
      <line num="65" count="13" type="stmt"/>
      <line num="67" count="11" type="cond" truecount="1" falsecount="0"/>
      <line num="68" count="11" type="stmt"/>
      <line num="69" count="11" type="stmt"/>
      <line num="71" count="11" type="cond" truecount="1" falsecount="0"/>
      <line num="72" count="1" type="stmt"/>
      <line num="73" count="1" type="cond" truecount="1" falsecount="0"/>
      <line num="75" count="11" type="cond" truecount="0" falsecount="2"/>
      <line num="76" count="0" type="stmt"/>
      <line num="77" count="0" type="cond" truecount="1" falsecount="0"/>
      <line num="79" count="11" type="cond" truecount="2" falsecount="0"/>
      <line num="80" count="2" type="stmt"/>
      <line num="81" count="2" type="stmt"/>
      <line num="82" count="2" type="stmt"/>
      <line num="83" count="2" type="stmt"/>
      <line num="84" count="2" type="stmt"/>
      <line num="85" count="2" type="cond" truecount="1" falsecount="0"/>
      <line num="87" count="11" type="cond" truecount="1" falsecount="0"/>
      <line num="88" count="1" type="stmt"/>
      <line num="89" count="1" type="stmt"/>
      <line num="90" count="1" type="stmt"/>
      <line num="91" count="1" type="stmt"/>
      <line num="92" count="1" type="stmt"/>
      <line num="93" count="1" type="stmt"/>
      <line num="94" count="1" type="stmt"/>
      <line num="95" count="1" type="cond" truecount="1" falsecount="0"/>
      <line num="97" count="11" type="cond" truecount="0" falsecount="1"/>
      <line num="98" count="0" type="stmt"/>
      <line num="99" count="0" type="stmt"/>
      <line num="100" count="0" type="stmt"/>
      <line num="101" count="0" type="stmt"/>
      <line num="102" count="0" type="stmt"/>
      <line num="103" count="0" type="stmt"/>
      <line num="104" count="0" type="stmt"/>
      <line num="105" count="0" type="stmt"/>
      <line num="106" count="0" type="cond" truecount="1" falsecount="0"/>
      <line num="108" count="4" type="stmt"/>
      <line num="109" count="11" type="cond" truecount="0" falsecount="1"/>
      <line num="110" count="0" type="stmt"/>
      <line num="111" count="0" type="stmt"/>
      <line num="112" count="11" type="stmt"/>
      <line num="117" count="22" type="cond" truecount="1" falsecount="0"/>
      <line num="118" count="22" type="stmt"/>
      <line num="119" count="22" type="cond" truecount="0" falsecount="1"/>
      <line num="120" count="0" type="stmt"/>
      <line num="121" count="0" type="stmt"/>
      <line num="122" count="0" type="stmt"/>
      <line num="123" count="0" type="stmt"/>
      <line num="124" count="0" type="stmt"/>
      <line num="125" count="0" type="stmt"/>
      <line num="127" count="22" type="stmt"/>
      <line num="128" count="22" type="cond" truecount="1" falsecount="0"/>
      <line num="129" count="22" type="cond" truecount="0" falsecount="1"/>
      <line num="130" count="0" type="stmt"/>
      <line num="131" count="0" type="stmt"/>
      <line num="132" count="0" type="stmt"/>
      <line num="133" count="0" type="stmt"/>
      <line num="134" count="0" type="stmt"/>
      <line num="135" count="0" type="stmt"/>
      <line num="137" count="22" type="stmt"/>
      <line num="138" count="22" type="cond" truecount="0" falsecount="1"/>
      <line num="140" count="22" type="stmt"/>
      <line num="141" count="22" type="cond" truecount="0" falsecount="1"/>
      <line num="143" count="22" type="stmt"/>
      <line num="144" count="22" type="stmt"/>
      <line num="145" count="22" type="stmt"/>
      <line num="146" count="22" type="cond" truecount="1" falsecount="0"/>
      <line num="147" count="2" type="stmt"/>
      <line num="148" count="2" type="stmt"/>
      <line num="149" count="2" type="stmt"/>
      <line num="150" count="2" type="cond" truecount="0" falsecount="1"/>
      <line num="151" count="2" type="stmt"/>
      <line num="152" count="2" type="stmt"/>
      <line num="153" count="22" type="cond" truecount="1" falsecount="0"/>
      <line num="154" count="20" type="stmt"/>
      <line num="155" count="20" type="stmt"/>
      <line num="157" count="27" type="cond" truecount="1" falsecount="0"/>
      <line num="158" count="27" type="cond" truecount="1" falsecount="0"/>
      <line num="159" count="29" type="cond" truecount="1" falsecount="0"/>
      <line num="160" count="4" type="stmt"/>
      <line num="161" count="4" type="stmt"/>
      <line num="162" count="4" type="cond" truecount="1" falsecount="0"/>
      <line num="163" count="7" type="stmt"/>
      <line num="164" count="7" type="stmt"/>
      <line num="165" count="7" type="stmt"/>
      <line num="166" count="7" type="cond" truecount="1" falsecount="0"/>
      <line num="167" count="2" type="stmt"/>
      <line num="168" count="2" type="stmt"/>
      <line num="169" count="2" type="cond" truecount="1" falsecount="0"/>
      <line num="171" count="29" type="cond" truecount="1" falsecount="0"/>
      <line num="172" count="9" type="stmt"/>
      <line num="173" count="9" type="cond" truecount="1" falsecount="0"/>
      <line num="175" count="16" type="stmt"/>
      <line num="176" count="16" type="stmt"/>
      <line num="177" count="16" type="stmt"/>
      <line num="178" count="16" type="cond" truecount="1" falsecount="0"/>
      <line num="179" count="3" type="stmt"/>
      <line num="180" count="3" type="stmt"/>
      <line num="181" count="3" type="stmt"/>
      <line num="182" count="3" type="cond" truecount="0" falsecount="1"/>
      <line num="183" count="3" type="stmt"/>
      <line num="184" count="3" type="stmt"/>
      <line num="185" count="16" type="cond" truecount="1" falsecount="0"/>
      <line num="187" count="13" type="stmt"/>
      <line num="188" count="29" type="cond" truecount="1" falsecount="0"/>
      <line num="189" count="9" type="stmt"/>
      <line num="190" count="9" type="stmt"/>
      <line num="191" count="29" type="cond" truecount="1" falsecount="0"/>
      <line num="192" count="22" type="stmt"/>
      <line num="197" count="4" type="cond" truecount="1" falsecount="0"/>
      <line num="198" count="4" type="stmt"/>
      <line num="199" count="4" type="stmt"/>
      <line num="200" count="4" type="cond" truecount="1" falsecount="0"/>
      <line num="201" count="4" type="cond" truecount="0" falsecount="1"/>
      <line num="203" count="4" type="stmt"/>
      <line num="204" count="4" type="cond" truecount="0" falsecount="1"/>
      <line num="206" count="4" type="cond" truecount="0" falsecount="1"/>
      <line num="208" count="4" type="stmt"/>
      <line num="209" count="4" type="stmt"/>
      <line num="210" count="4" type="stmt"/>
      <line num="211" count="4" type="stmt"/>
      <line num="212" count="4" type="cond" truecount="1" falsecount="0"/>
      <line num="213" count="2" type="stmt"/>
      <line num="214" count="2" type="stmt"/>
      <line num="216" count="5" type="cond" truecount="1" falsecount="0"/>
      <line num="217" count="5" type="cond" truecount="1" falsecount="0"/>
      <line num="218" count="2" type="cond" truecount="0" falsecount="1"/>
      <line num="219" count="0" type="stmt"/>
      <line num="220" count="0" type="stmt"/>
      <line num="221" count="0" type="stmt"/>
      <line num="222" count="0" type="stmt"/>
      <line num="223" count="2" type="stmt"/>
      <line num="224" count="2" type="cond" truecount="1" falsecount="0"/>
      <line num="226" count="3" type="stmt"/>
      <line num="227" count="3" type="cond" truecount="1" falsecount="0"/>
      <line num="228" count="2" type="stmt"/>
      <line num="229" count="2" type="stmt"/>
      <line num="230" count="2" type="stmt"/>
      <line num="231" count="2" type="stmt"/>
      <line num="232" count="2" type="stmt"/>
      <line num="233" count="2" type="cond" truecount="1" falsecount="0"/>
      <line num="234" count="1" type="stmt"/>
      <line num="235" count="1" type="cond" truecount="0" falsecount="1"/>
      <line num="236" count="0" type="stmt"/>
    </file>
    <file name="windowed-accumulate.ts" path="/home/sprawl/projects/arbitre/trees/audit-uplift/packages/core/src/windowed-accumulate.ts">
      <metrics statements="66" coveredstatements="64" conditionals="24" coveredconditionals="23" methods="13" coveredmethods="10"/>
      <line num="7" count="1" type="stmt"/>
      <line num="9" count="1" type="stmt"/>
      <line num="31" count="16" type="cond" truecount="1" falsecount="0"/>
      <line num="32" count="16" type="stmt"/>
      <line num="33" count="16" type="cond" truecount="1" falsecount="0"/>
      <line num="34" count="46" type="cond" truecount="1" falsecount="0"/>
      <line num="35" count="12" type="stmt"/>
      <line num="36" count="12" type="stmt"/>
      <line num="37" count="12" type="stmt"/>
      <line num="38" count="46" type="stmt"/>
      <line num="39" count="16" type="stmt"/>
      <line num="40" count="16" type="stmt"/>
      <line num="42" count="1" type="cond" truecount="1" falsecount="0"/>
      <line num="43" count="9" type="stmt"/>
      <line num="44" count="9" type="stmt"/>
      <line num="45" count="9" type="stmt"/>
      <line num="46" count="9" type="stmt"/>
      <line num="48" count="9" type="cond" truecount="1" falsecount="0"/>
      <line num="49" count="1" type="stmt"/>
      <line num="50" count="1" type="cond" truecount="1" falsecount="0"/>
      <line num="52" count="8" type="stmt"/>
      <line num="53" count="8" type="stmt"/>
      <line num="55" count="8" type="cond" truecount="1" falsecount="0"/>
      <line num="56" count="24" type="cond" truecount="2" falsecount="0"/>
      <line num="57" count="22" type="stmt"/>
      <line num="58" count="24" type="stmt"/>
      <line num="60" count="8" type="cond" truecount="1" falsecount="0"/>
      <line num="61" count="2" type="stmt"/>
      <line num="62" count="2" type="stmt"/>
      <line num="64" count="8" type="cond" truecount="1" falsecount="0"/>
      <line num="65" count="15" type="stmt"/>
      <line num="66" count="15" type="stmt"/>
      <line num="68" count="8" type="cond" truecount="1" falsecount="0"/>
      <line num="69" count="42" type="cond" truecount="1" falsecount="0"/>
      <line num="70" count="40" type="cond" truecount="1" falsecount="0"/>
      <line num="71" count="40" type="cond" truecount="2" falsecount="0"/>
      <line num="72" count="2" type="stmt"/>
      <line num="73" count="14" type="cond" truecount="1" falsecount="0"/>
      <line num="74" count="5" type="stmt"/>
      <line num="75" count="5" type="stmt"/>
      <line num="76" count="5" type="cond" truecount="1" falsecount="0"/>
      <line num="77" count="2" type="stmt"/>
      <line num="78" count="42" type="stmt"/>
      <line num="80" count="8" type="stmt"/>
      <line num="82" count="8" type="stmt"/>
      <line num="83" count="8" type="stmt"/>
      <line num="85" count="1" type="cond" truecount="1" falsecount="0"/>
      <line num="86" count="1" type="stmt"/>
      <line num="87" count="1" type="stmt"/>
      <line num="88" count="1" type="stmt"/>
      <line num="89" count="1" type="cond" truecount="1" falsecount="0"/>
      <line num="90" count="2" type="cond" truecount="0" falsecount="1"/>
      <line num="91" count="2" type="stmt"/>
      <line num="92" count="2" type="stmt"/>
      <line num="94" count="1" type="stmt"/>
      <line num="95" count="0" type="stmt"/>
      <line num="96" count="0" type="stmt"/>
      <line num="98" count="1" type="cond" truecount="1" falsecount="0"/>
      <line num="99" count="1" type="stmt"/>
      <line num="100" count="1" type="stmt"/>
      <line num="102" count="1" type="cond" truecount="1" falsecount="0"/>
      <line num="103" count="2" type="cond" truecount="1" falsecount="0"/>
      <line num="104" count="2" type="stmt"/>
      <line num="106" count="1" type="stmt"/>
      <line num="108" count="1" type="stmt"/>
      <line num="109" count="1" type="stmt"/>
    </file>
  </project>
</coverage>
