{"/home/sprawl/projects/arbitre/trees/audit-uplift/packages/core/src/accumulate-functions.ts": {"path":"/home/sprawl/projects/arbitre/trees/audit-uplift/packages/core/src/accumulate-functions.ts","all":false,"statementMap":{"4":{"start":{"line":5,"column":0},"end":{"line":5,"column":61}},"8":{"start":{"line":9,"column":0},"end":{"line":9,"column":56}},"9":{"start":{"line":10,"column":0},"end":{"line":10,"column":15}},"10":{"start":{"line":11,"column":0},"end":{"line":11,"column":26}},"11":{"start":{"line":12,"column":0},"end":{"line":12,"column":13}},"12":{"start":{"line":13,"column":0},"end":{"line":13,"column":2}},"13":{"start":{"line":14,"column":0},"end":{"line":14,"column":14}},"14":{"start":{"line":15,"column":0},"end":{"line":15,"column":2}},"16":{"start":{"line":17,"column":0},"end":{"line":17,"column":71}},"18":{"start":{"line":19,"column":0},"end":{"line":19,"column":56}},"19":{"start":{"line":20,"column":0},"end":{"line":20,"column":38}},"20":{"start":{"line":21,"column":0},"end":{"line":21,"column":22}},"21":{"start":{"line":22,"column":0},"end":{"line":22,"column":42}},"22":{"start":{"line":23,"column":0},"end":{"line":23,"column":41}},"23":{"start":{"line":24,"column":0},"end":{"line":24,"column":2}},"24":{"start":{"line":25,"column":0},"end":{"line":25,"column":12}},"25":{"start":{"line":26,"column":0},"end":{"line":26,"column":2}},"27":{"start":{"line":28,"column":0},"end":{"line":28,"column":56}},"28":{"start":{"line":29,"column":0},"end":{"line":29,"column":38}},"29":{"start":{"line":30,"column":0},"end":{"line":30,"column":22}},"30":{"start":{"line":31,"column":0},"end":{"line":31,"column":42}},"31":{"start":{"line":32,"column":0},"end":{"line":32,"column":41}},"32":{"start":{"line":33,"column":0},"end":{"line":33,"column":2}},"33":{"start":{"line":34,"column":0},"end":{"line":34,"column":12}},"34":{"start":{"line":35,"column":0},"end":{"line":35,"column":2}},"36":{"start":{"line":37,"column":0},"end":{"line":37,"column":56}},"37":{"start":{"line":38,"column":0},"end":{"line":38,"column":38}},"38":{"start":{"line":39,"column":0},"end":{"line":39,"column":15}},"39":{"start":{"line":40,"column":0},"end":{"line":40,"column":26}},"40":{"start":{"line":41,"column":0},"end":{"line":41,"column":13}},"41":{"start":{"line":42,"column":0},"end":{"line":42,"column":2}},"42":{"start":{"line":43,"column":0},"end":{"line":43,"column":30}},"43":{"start":{"line":44,"column":0},"end":{"line":44,"column":2}},"45":{"start":{"line":46,"column":0},"end":{"line":46,"column":77}},"46":{"start":{"line":47,"column":0},"end":{"line":47,"column":21}},"47":{"start":{"line":48,"column":0},"end":{"line":48,"column":25}},"48":{"start":{"line":49,"column":0},"end":{"line":49,"column":21}},"49":{"start":{"line":50,"column":0},"end":{"line":50,"column":21}},"50":{"start":{"line":51,"column":0},"end":{"line":51,"column":21}},"51":{"start":{"line":52,"column":0},"end":{"line":52,"column":2}},"54":{"start":{"line":55,"column":0},"end":{"line":55,"column":42}},"65":{"start":{"line":66,"column":0},"end":{"line":66,"column":32}},"66":{"start":{"line":67,"column":0},"end":{"line":67,"column":14}},"67":{"start":{"line":68,"column":0},"end":{"line":68,"column":70}},"68":{"start":{"line":69,"column":0},"end":{"line":69,"column":17}},"69":{"start":{"line":70,"column":0},"end":{"line":70,"column":44}},"70":{"start":{"line":71,"column":0},"end":{"line":71,"column":29}},"72":{"start":{"line":73,"column":0},"end":{"line":73,"column":23}},"73":{"start":{"line":74,"column":0},"end":{"line":74,"column":39}},"74":{"start":{"line":75,"column":0},"end":{"line":75,"column":31}},"75":{"start":{"line":76,"column":0},"end":{"line":76,"column":2}},"77":{"start":{"line":78,"column":0},"end":{"line":78,"column":53}},"78":{"start":{"line":79,"column":0},"end":{"line":79,"column":23}},"79":{"start":{"line":80,"column":0},"end":{"line":80,"column":50}},"80":{"start":{"line":81,"column":0},"end":{"line":81,"column":2}},"82":{"start":{"line":83,"column":0},"end":{"line":83,"column":24}},"83":{"start":{"line":84,"column":0},"end":{"line":84,"column":36}},"84":{"start":{"line":85,"column":0},"end":{"line":85,"column":89}},"85":{"start":{"line":86,"column":0},"end":{"line":86,"column":35}},"86":{"start":{"line":87,"column":0},"end":{"line":87,"column":3}},"87":{"start":{"line":88,"column":0},"end":{"line":88,"column":1}}},"s":{"4":1,"8":1,"9":55,"10":55,"11":181,"12":181,"13":55,"14":55,"16":1,"18":1,"19":6,"20":5,"21":5,"22":200002,"23":200002,"24":5,"25":5,"27":1,"28":6,"29":5,"30":5,"31":200002,"32":200002,"33":5,"34":5,"36":1,"37":3,"38":2,"39":3,"40":4,"41":4,"42":2,"43":2,"45":1,"46":1,"47":1,"48":1,"49":1,"50":1,"51":1,"54":1,"65":1,"66":61,"67":61,"68":61,"69":61,"70":61,"72":11,"73":5,"74":5,"75":5,"77":2,"78":7,"79":1,"80":1,"82":2,"83":2,"84":2,"85":2,"86":2,"87":2},"branchMap":{"0":{"type":"branch","line":9,"loc":{"start":{"line":9,"column":43},"end":{"line":15,"column":2}},"locations":[{"start":{"line":9,"column":43},"end":{"line":15,"column":2}}]},"1":{"type":"branch","line":11,"loc":{"start":{"line":11,"column":25},"end":{"line":13,"column":2}},"locations":[{"start":{"line":11,"column":25},"end":{"line":13,"column":2}}]},"2":{"type":"branch","line":17,"loc":{"start":{"line":17,"column":45},"end":{"line":17,"column":71}},"locations":[{"start":{"line":17,"column":45},"end":{"line":17,"column":71}}]},"3":{"type":"branch","line":19,"loc":{"start":{"line":19,"column":43},"end":{"line":26,"column":2}},"locations":[{"start":{"line":19,"column":43},"end":{"line":26,"column":2}}]},"4":{"type":"branch","line":20,"loc":{"start":{"line":20,"column":26},"end":{"line":20,"column":38}},"locations":[{"start":{"line":20,"column":26},"end":{"line":20,"column":38}}]},"5":{"type":"branch","line":20,"loc":{"start":{"line":20,"column":33},"end":{"line":26,"column":2}},"locations":[{"start":{"line":20,"column":33},"end":{"line":26,"column":2}}]},"6":{"type":"branch","line":22,"loc":{"start":{"line":22,"column":41},"end":{"line":24,"column":2}},"locations":[{"start":{"line":22,"column":41},"end":{"line":24,"column":2}}]},"7":{"type":"branch","line":23,"loc":{"start":{"line":23,"column":24},"end":{"line":23,"column":41}},"locations":[{"start":{"line":23,"column":24},"end":{"line":23,"column":41}}]},"8":{"type":"branch","line":28,"loc":{"start":{"line":28,"column":43},"end":{"line":35,"column":2}},"locations":[{"start":{"line":28,"column":43},"end":{"line":35,"column":2}}]},"9":{"type":"branch","line":29,"loc":{"start":{"line":29,"column":26},"end":{"line":29,"column":38}},"locations":[{"start":{"line":29,"column":26},"end":{"line":29,"column":38}}]},"10":{"type":"branch","line":29,"loc":{"start":{"line":29,"column":33},"end":{"line":35,"column":2}},"locations":[{"start":{"line":29,"column":33},"end":{"line":35,"column":2}}]},"11":{"type":"branch","line":31,"loc":{"start":{"line":31,"column":41},"end":{"line":33,"column":2}},"locations":[{"start":{"line":31,"column":41},"end":{"line":33,"column":2}}]},"12":{"type":"branch","line":32,"loc":{"start":{"line":32,"column":24},"end":{"line":32,"column":41}},"locations":[{"start":{"line":32,"column":24},"end":{"line":32,"column":41}}]},"13":{"type":"branch","line":37,"loc":{"start":{"line":37,"column":43},"end":{"line":44,"column":2}},"locations":[{"start":{"line":37,"column":43},"end":{"line":44,"column":2}}]},"14":{"type":"branch","line":38,"loc":{"start":{"line":38,"column":26},"end":{"line":38,"column":38}},"locations":[{"start":{"line":38,"column":26},"end":{"line":38,"column":38}}]},"15":{"type":"branch","line":38,"loc":{"start":{"line":38,"column":33},"end":{"line":40,"column":25}},"locations":[{"start":{"line":38,"column":33},"end":{"line":40,"column":25}}]},"16":{"type":"branch","line":40,"loc":{"start":{"line":40,"column":25},"end":{"line":42,"column":2}},"locations":[{"start":{"line":40,"column":25},"end":{"line":42,"column":2}}]},"17":{"type":"branch","line":42,"loc":{"start":{"line":42,"column":1},"end":{"line":44,"column":2}},"locations":[{"start":{"line":42,"column":1},"end":{"line":44,"column":2}}]},"18":{"type":"branch","line":66,"loc":{"start":{"line":66,"column":7},"end":{"line":88,"column":1}},"locations":[{"start":{"line":66,"column":7},"end":{"line":88,"column":1}}]},"19":{"type":"branch","line":71,"loc":{"start":{"line":71,"column":14},"end":{"line":71,"column":29}},"locations":[{"start":{"line":71,"column":14},"end":{"line":71,"column":29}}]},"20":{"type":"branch","line":71,"loc":{"start":{"line":71,"column":21},"end":{"line":88,"column":1}},"locations":[{"start":{"line":71,"column":21},"end":{"line":88,"column":1}}]},"21":{"type":"branch","line":71,"loc":{"start":{"line":71,"column":21},"end":{"line":76,"column":2}},"locations":[{"start":{"line":71,"column":21},"end":{"line":76,"column":2}}]},"22":{"type":"branch","line":71,"loc":{"start":{"line":71,"column":21},"end":{"line":73,"column":22}},"locations":[{"start":{"line":71,"column":21},"end":{"line":73,"column":22}}]},"23":{"type":"branch","line":73,"loc":{"start":{"line":73,"column":22},"end":{"line":76,"column":2}},"locations":[{"start":{"line":73,"column":22},"end":{"line":76,"column":2}}]},"24":{"type":"branch","line":75,"loc":{"start":{"line":75,"column":14},"end":{"line":75,"column":31}},"locations":[{"start":{"line":75,"column":14},"end":{"line":75,"column":31}}]},"25":{"type":"branch","line":76,"loc":{"start":{"line":76,"column":1},"end":{"line":88,"column":1}},"locations":[{"start":{"line":76,"column":1},"end":{"line":88,"column":1}}]},"26":{"type":"branch","line":76,"loc":{"start":{"line":76,"column":1},"end":{"line":79,"column":22}},"locations":[{"start":{"line":76,"column":1},"end":{"line":79,"column":22}}]},"27":{"type":"branch","line":79,"loc":{"start":{"line":79,"column":22},"end":{"line":81,"column":2}},"locations":[{"start":{"line":79,"column":22},"end":{"line":81,"column":2}}]},"28":{"type":"branch","line":81,"loc":{"start":{"line":81,"column":1},"end":{"line":88,"column":1}},"locations":[{"start":{"line":81,"column":1},"end":{"line":88,"column":1}}]}},"b":{"0":[55],"1":[181],"2":[43],"3":[6],"4":[1],"5":[5],"6":[200002],"7":[1],"8":[6],"9":[1],"10":[5],"11":[200002],"12":[200000],"13":[3],"14":[1],"15":[2],"16":[4],"17":[2],"18":[61],"19":[55],"20":[12],"21":[11],"22":[6],"23":[5],"24":[4],"25":[7],"26":[2],"27":[1],"28":[2]},"fnMap":{"0":{"name":"accumulateSum","decl":{"start":{"line":9,"column":43},"end":{"line":15,"column":2}},"loc":{"start":{"line":9,"column":43},"end":{"line":15,"column":2}},"line":9},"1":{"name":"accumulateCount","decl":{"start":{"line":17,"column":45},"end":{"line":17,"column":71}},"loc":{"start":{"line":17,"column":45},"end":{"line":17,"column":71}},"line":17},"2":{"name":"accumulateMin","decl":{"start":{"line":19,"column":43},"end":{"line":26,"column":2}},"loc":{"start":{"line":19,"column":43},"end":{"line":26,"column":2}},"line":19},"3":{"name":"accumulateMax","decl":{"start":{"line":28,"column":43},"end":{"line":35,"column":2}},"loc":{"start":{"line":28,"column":43},"end":{"line":35,"column":2}},"line":28},"4":{"name":"accumulateAvg","decl":{"start":{"line":37,"column":43},"end":{"line":44,"column":2}},"loc":{"start":{"line":37,"column":43},"end":{"line":44,"column":2}},"line":37},"5":{"name":"getAccumulateFn","decl":{"start":{"line":66,"column":7},"end":{"line":88,"column":1}},"loc":{"start":{"line":66,"column":7},"end":{"line":88,"column":1}},"line":66}},"f":{"0":55,"1":43,"2":6,"3":6,"4":3,"5":61}}
,"/home/sprawl/projects/arbitre/trees/audit-uplift/packages/core/src/accumulate-manager.ts": {"path":"/home/sprawl/projects/arbitre/trees/audit-uplift/packages/core/src/accumulate-manager.ts","all":false,"statementMap":{"7":{"start":{"line":8,"column":0},"end":{"line":8,"column":60}},"11":{"start":{"line":12,"column":0},"end":{"line":12,"column":72}},"13":{"start":{"line":14,"column":0},"end":{"line":14,"column":83}},"14":{"start":{"line":15,"column":0},"end":{"line":15,"column":57}},"15":{"start":{"line":16,"column":0},"end":{"line":16,"column":1}},"26":{"start":{"line":27,"column":0},"end":{"line":27,"column":40}},"27":{"start":{"line":28,"column":0},"end":{"line":28,"column":38}},"28":{"start":{"line":29,"column":0},"end":{"line":29,"column":70}},"29":{"start":{"line":30,"column":0},"end":{"line":30,"column":22}},"30":{"start":{"line":31,"column":0},"end":{"line":31,"column":22}},"31":{"start":{"line":32,"column":0},"end":{"line":32,"column":36}},"32":{"start":{"line":33,"column":0},"end":{"line":33,"column":52}},"33":{"start":{"line":34,"column":0},"end":{"line":34,"column":36}},"35":{"start":{"line":36,"column":0},"end":{"line":36,"column":27}},"36":{"start":{"line":37,"column":0},"end":{"line":37,"column":23}},"37":{"start":{"line":38,"column":0},"end":{"line":38,"column":2}},"39":{"start":{"line":40,"column":0},"end":{"line":40,"column":61}},"40":{"start":{"line":41,"column":0},"end":{"line":41,"column":41}},"41":{"start":{"line":42,"column":0},"end":{"line":42,"column":29}},"42":{"start":{"line":43,"column":0},"end":{"line":43,"column":27}},"43":{"start":{"line":44,"column":0},"end":{"line":44,"column":77}},"44":{"start":{"line":45,"column":0},"end":{"line":45,"column":10}},"45":{"start":{"line":46,"column":0},"end":{"line":46,"column":61}},"46":{"start":{"line":47,"column":0},"end":{"line":47,"column":3}},"47":{"start":{"line":48,"column":0},"end":{"line":48,"column":2}},"49":{"start":{"line":50,"column":0},"end":{"line":50,"column":44}},"50":{"start":{"line":51,"column":0},"end":{"line":51,"column":29}},"51":{"start":{"line":52,"column":0},"end":{"line":52,"column":22}},"52":{"start":{"line":53,"column":0},"end":{"line":53,"column":3}},"53":{"start":{"line":54,"column":0},"end":{"line":54,"column":53}},"54":{"start":{"line":55,"column":0},"end":{"line":55,"column":38}},"55":{"start":{"line":56,"column":0},"end":{"line":56,"column":34}},"56":{"start":{"line":57,"column":0},"end":{"line":57,"column":3}},"57":{"start":{"line":58,"column":0},"end":{"line":58,"column":2}},"59":{"start":{"line":60,"column":0},"end":{"line":60,"column":45}},"60":{"start":{"line":61,"column":0},"end":{"line":61,"column":29}},"61":{"start":{"line":62,"column":0},"end":{"line":62,"column":25}},"62":{"start":{"line":63,"column":0},"end":{"line":63,"column":3}},"63":{"start":{"line":64,"column":0},"end":{"line":64,"column":38}},"64":{"start":{"line":65,"column":0},"end":{"line":65,"column":26}},"65":{"start":{"line":66,"column":0},"end":{"line":66,"column":3}},"66":{"start":{"line":67,"column":0},"end":{"line":67,"column":2}},"68":{"start":{"line":69,"column":0},"end":{"line":69,"column":70}},"69":{"start":{"line":70,"column":0},"end":{"line":70,"column":53}},"70":{"start":{"line":71,"column":0},"end":{"line":71,"column":29}},"71":{"start":{"line":72,"column":0},"end":{"line":72,"column":47}},"72":{"start":{"line":73,"column":0},"end":{"line":73,"column":3}},"73":{"start":{"line":74,"column":0},"end":{"line":74,"column":38}},"74":{"start":{"line":75,"column":0},"end":{"line":75,"column":49}},"75":{"start":{"line":76,"column":0},"end":{"line":76,"column":3}},"76":{"start":{"line":77,"column":0},"end":{"line":77,"column":16}},"77":{"start":{"line":78,"column":0},"end":{"line":78,"column":2}},"79":{"start":{"line":80,"column":0},"end":{"line":80,"column":53}},"80":{"start":{"line":81,"column":0},"end":{"line":81,"column":28}},"81":{"start":{"line":82,"column":0},"end":{"line":82,"column":2}},"83":{"start":{"line":84,"column":0},"end":{"line":84,"column":39}},"84":{"start":{"line":85,"column":0},"end":{"line":85,"column":25}},"85":{"start":{"line":86,"column":0},"end":{"line":86,"column":38}},"86":{"start":{"line":87,"column":0},"end":{"line":87,"column":43}},"87":{"start":{"line":88,"column":0},"end":{"line":88,"column":3}},"88":{"start":{"line":89,"column":0},"end":{"line":89,"column":20}},"89":{"start":{"line":90,"column":0},"end":{"line":90,"column":2}},"91":{"start":{"line":92,"column":0},"end":{"line":92,"column":77}},"92":{"start":{"line":93,"column":0},"end":{"line":93,"column":1}}},"s":{"7":1,"11":1,"13":29,"14":29,"15":29,"26":1,"27":24,"28":24,"29":24,"30":24,"31":24,"32":24,"33":24,"35":24,"36":27,"37":27,"39":24,"40":30,"41":29,"42":30,"43":3,"44":30,"45":26,"46":26,"47":30,"49":24,"50":117,"51":123,"52":123,"53":117,"54":117,"55":14,"56":14,"57":117,"59":24,"60":8,"61":8,"62":8,"63":8,"64":1,"65":1,"66":8,"68":24,"69":250,"70":250,"71":261,"72":261,"73":250,"74":34,"75":34,"76":250,"77":250,"79":24,"80":3,"81":3,"83":24,"84":11,"85":11,"86":11,"87":11,"88":11,"89":11,"91":24,"92":24},"branchMap":{"0":{"type":"branch","line":14,"loc":{"start":{"line":14,"column":0},"end":{"line":16,"column":1}},"locations":[{"start":{"line":14,"column":0},"end":{"line":16,"column":1}}]},"1":{"type":"branch","line":15,"loc":{"start":{"line":15,"column":26},"end":{"line":15,"column":57}},"locations":[{"start":{"line":15,"column":26},"end":{"line":15,"column":57}}]},"2":{"type":"branch","line":27,"loc":{"start":{"line":27,"column":7},"end":{"line":93,"column":1}},"locations":[{"start":{"line":27,"column":7},"end":{"line":93,"column":1}}]},"3":{"type":"branch","line":36,"loc":{"start":{"line":36,"column":26},"end":{"line":38,"column":2}},"locations":[{"start":{"line":36,"column":26},"end":{"line":38,"column":2}}]},"4":{"type":"branch","line":40,"loc":{"start":{"line":40,"column":1},"end":{"line":48,"column":2}},"locations":[{"start":{"line":40,"column":1},"end":{"line":48,"column":2}}]},"5":{"type":"branch","line":41,"loc":{"start":{"line":41,"column":34},"end":{"line":41,"column":41}},"locations":[{"start":{"line":41,"column":34},"end":{"line":41,"column":41}}]},"6":{"type":"branch","line":41,"loc":{"start":{"line":41,"column":34},"end":{"line":43,"column":26}},"locations":[{"start":{"line":41,"column":34},"end":{"line":43,"column":26}}]},"7":{"type":"branch","line":43,"loc":{"start":{"line":43,"column":26},"end":{"line":45,"column":9}},"locations":[{"start":{"line":43,"column":26},"end":{"line":45,"column":9}}]},"8":{"type":"branch","line":45,"loc":{"start":{"line":45,"column":2},"end":{"line":47,"column":3}},"locations":[{"start":{"line":45,"column":2},"end":{"line":47,"column":3}}]},"9":{"type":"branch","line":50,"loc":{"start":{"line":50,"column":1},"end":{"line":58,"column":2}},"locations":[{"start":{"line":50,"column":1},"end":{"line":58,"column":2}}]},"10":{"type":"branch","line":51,"loc":{"start":{"line":51,"column":28},"end":{"line":53,"column":3}},"locations":[{"start":{"line":51,"column":28},"end":{"line":53,"column":3}}]},"11":{"type":"branch","line":54,"loc":{"start":{"line":54,"column":20},"end":{"line":54,"column":42}},"locations":[{"start":{"line":54,"column":20},"end":{"line":54,"column":42}}]},"12":{"type":"branch","line":54,"loc":{"start":{"line":54,"column":38},"end":{"line":54,"column":53}},"locations":[{"start":{"line":54,"column":38},"end":{"line":54,"column":53}}]},"13":{"type":"branch","line":55,"loc":{"start":{"line":55,"column":37},"end":{"line":57,"column":3}},"locations":[{"start":{"line":55,"column":37},"end":{"line":57,"column":3}}]},"14":{"type":"branch","line":60,"loc":{"start":{"line":60,"column":1},"end":{"line":67,"column":2}},"locations":[{"start":{"line":60,"column":1},"end":{"line":67,"column":2}}]},"15":{"type":"branch","line":64,"loc":{"start":{"line":64,"column":37},"end":{"line":66,"column":3}},"locations":[{"start":{"line":64,"column":37},"end":{"line":66,"column":3}}]},"16":{"type":"branch","line":69,"loc":{"start":{"line":69,"column":1},"end":{"line":78,"column":2}},"locations":[{"start":{"line":69,"column":1},"end":{"line":78,"column":2}}]},"17":{"type":"branch","line":71,"loc":{"start":{"line":71,"column":28},"end":{"line":73,"column":3}},"locations":[{"start":{"line":71,"column":28},"end":{"line":73,"column":3}}]},"18":{"type":"branch","line":74,"loc":{"start":{"line":74,"column":37},"end":{"line":76,"column":3}},"locations":[{"start":{"line":74,"column":37},"end":{"line":76,"column":3}}]},"19":{"type":"branch","line":80,"loc":{"start":{"line":80,"column":1},"end":{"line":82,"column":2}},"locations":[{"start":{"line":80,"column":1},"end":{"line":82,"column":2}}]},"20":{"type":"branch","line":84,"loc":{"start":{"line":84,"column":1},"end":{"line":90,"column":2}},"locations":[{"start":{"line":84,"column":1},"end":{"line":90,"column":2}}]},"21":{"type":"branch","line":87,"loc":{"start":{"line":87,"column":25},"end":{"line":87,"column":43}},"locations":[{"start":{"line":87,"column":25},"end":{"line":87,"column":43}}]}},"b":{"0":[29],"1":[3],"2":[24],"3":[27],"4":[30],"5":[1],"6":[29],"7":[3],"8":[26],"9":[117],"10":[123],"11":[18],"12":[99],"13":[14],"14":[8],"15":[1],"16":[250],"17":[261],"18":[34],"19":[3],"20":[11],"21":[4]},"fnMap":{"0":{"name":"isWindowed","decl":{"start":{"line":14,"column":0},"end":{"line":16,"column":1}},"loc":{"start":{"line":14,"column":0},"end":{"line":16,"column":1}},"line":14},"1":{"name":"createAccumulateManager","decl":{"start":{"line":27,"column":7},"end":{"line":93,"column":1}},"loc":{"start":{"line":27,"column":7},"end":{"line":93,"column":1}},"line":27},"2":{"name":"addConfigInternal","decl":{"start":{"line":40,"column":1},"end":{"line":48,"column":2}},"loc":{"start":{"line":40,"column":1},"end":{"line":48,"column":2}},"line":40},"3":{"name":"onFactAsserted","decl":{"start":{"line":50,"column":1},"end":{"line":58,"column":2}},"loc":{"start":{"line":50,"column":1},"end":{"line":58,"column":2}},"line":50},"4":{"name":"onFactRetracted","decl":{"start":{"line":60,"column":1},"end":{"line":67,"column":2}},"loc":{"start":{"line":60,"column":1},"end":{"line":67,"column":2}},"line":60},"5":{"name":"getAggregates","decl":{"start":{"line":69,"column":1},"end":{"line":78,"column":2}},"loc":{"start":{"line":69,"column":1},"end":{"line":78,"column":2}},"line":69},"6":{"name":"addConfig","decl":{"start":{"line":80,"column":1},"end":{"line":82,"column":2}},"loc":{"start":{"line":80,"column":1},"end":{"line":82,"column":2}},"line":80},"7":{"name":"evict","decl":{"start":{"line":84,"column":1},"end":{"line":90,"column":2}},"loc":{"start":{"line":84,"column":1},"end":{"line":90,"column":2}},"line":84}},"f":{"0":29,"1":24,"2":30,"3":117,"4":8,"5":250,"6":3,"7":11}}
,"/home/sprawl/projects/arbitre/trees/audit-uplift/packages/core/src/accumulate-node.ts": {"path":"/home/sprawl/projects/arbitre/trees/audit-uplift/packages/core/src/accumulate-node.ts","all":false,"statementMap":{"5":{"start":{"line":6,"column":0},"end":{"line":6,"column":77}},"6":{"start":{"line":7,"column":0},"end":{"line":7,"column":46}},"35":{"start":{"line":36,"column":0},"end":{"line":36,"column":70}},"36":{"start":{"line":37,"column":0},"end":{"line":37,"column":30}},"37":{"start":{"line":38,"column":0},"end":{"line":38,"column":50}},"38":{"start":{"line":39,"column":0},"end":{"line":39,"column":1}},"40":{"start":{"line":41,"column":0},"end":{"line":41,"column":37}},"41":{"start":{"line":42,"column":0},"end":{"line":42,"column":26}},"42":{"start":{"line":43,"column":0},"end":{"line":43,"column":70}},"43":{"start":{"line":44,"column":0},"end":{"line":44,"column":19}},"44":{"start":{"line":45,"column":0},"end":{"line":45,"column":37}},"45":{"start":{"line":46,"column":0},"end":{"line":46,"column":35}},"46":{"start":{"line":47,"column":0},"end":{"line":47,"column":2}},"48":{"start":{"line":49,"column":0},"end":{"line":49,"column":59}},"49":{"start":{"line":50,"column":0},"end":{"line":50,"column":43}},"50":{"start":{"line":51,"column":0},"end":{"line":51,"column":40}},"51":{"start":{"line":52,"column":0},"end":{"line":52,"column":26}},"52":{"start":{"line":53,"column":0},"end":{"line":53,"column":20}},"53":{"start":{"line":54,"column":0},"end":{"line":54,"column":22}},"55":{"start":{"line":56,"column":0},"end":{"line":56,"column":40}},"56":{"start":{"line":57,"column":0},"end":{"line":57,"column":65}},"57":{"start":{"line":58,"column":0},"end":{"line":58,"column":16}},"58":{"start":{"line":59,"column":0},"end":{"line":59,"column":27}},"59":{"start":{"line":60,"column":0},"end":{"line":60,"column":18}},"60":{"start":{"line":61,"column":0},"end":{"line":61,"column":10}},"61":{"start":{"line":62,"column":0},"end":{"line":62,"column":3}},"62":{"start":{"line":63,"column":0},"end":{"line":63,"column":49}},"63":{"start":{"line":64,"column":0},"end":{"line":64,"column":34}},"64":{"start":{"line":65,"column":0},"end":{"line":65,"column":30}},"65":{"start":{"line":66,"column":0},"end":{"line":66,"column":22}},"66":{"start":{"line":67,"column":0},"end":{"line":67,"column":17}},"67":{"start":{"line":68,"column":0},"end":{"line":68,"column":3}},"69":{"start":{"line":70,"column":0},"end":{"line":70,"column":43}},"70":{"start":{"line":71,"column":0},"end":{"line":71,"column":37}},"71":{"start":{"line":72,"column":0},"end":{"line":72,"column":28}},"72":{"start":{"line":73,"column":0},"end":{"line":73,"column":27}},"73":{"start":{"line":74,"column":0},"end":{"line":74,"column":23}},"74":{"start":{"line":75,"column":0},"end":{"line":75,"column":18}},"75":{"start":{"line":76,"column":0},"end":{"line":76,"column":3}},"76":{"start":{"line":77,"column":0},"end":{"line":77,"column":3}},"78":{"start":{"line":79,"column":0},"end":{"line":79,"column":40}},"79":{"start":{"line":80,"column":0},"end":{"line":80,"column":19}},"80":{"start":{"line":81,"column":0},"end":{"line":81,"column":15}},"81":{"start":{"line":82,"column":0},"end":{"line":82,"column":22}},"82":{"start":{"line":83,"column":0},"end":{"line":83,"column":17}},"83":{"start":{"line":84,"column":0},"end":{"line":84,"column":24}},"84":{"start":{"line":85,"column":0},"end":{"line":85,"column":15}},"85":{"start":{"line":86,"column":0},"end":{"line":86,"column":65}},"86":{"start":{"line":87,"column":0},"end":{"line":87,"column":11}},"87":{"start":{"line":88,"column":0},"end":{"line":88,"column":40}},"88":{"start":{"line":89,"column":0},"end":{"line":89,"column":3}},"89":{"start":{"line":90,"column":0},"end":{"line":90,"column":3}},"91":{"start":{"line":92,"column":0},"end":{"line":92,"column":54}},"92":{"start":{"line":93,"column":0},"end":{"line":93,"column":18}},"93":{"start":{"line":94,"column":0},"end":{"line":94,"column":17}},"94":{"start":{"line":95,"column":0},"end":{"line":95,"column":19}},"95":{"start":{"line":96,"column":0},"end":{"line":96,"column":29}},"96":{"start":{"line":97,"column":0},"end":{"line":97,"column":17}},"97":{"start":{"line":98,"column":0},"end":{"line":98,"column":3}},"98":{"start":{"line":99,"column":0},"end":{"line":99,"column":3}},"100":{"start":{"line":101,"column":0},"end":{"line":101,"column":28}},"101":{"start":{"line":102,"column":0},"end":{"line":102,"column":18}},"102":{"start":{"line":103,"column":0},"end":{"line":103,"column":17}},"103":{"start":{"line":104,"column":0},"end":{"line":104,"column":19}},"104":{"start":{"line":105,"column":0},"end":{"line":105,"column":3}},"106":{"start":{"line":107,"column":0},"end":{"line":107,"column":53}},"107":{"start":{"line":108,"column":0},"end":{"line":108,"column":29}},"108":{"start":{"line":109,"column":0},"end":{"line":109,"column":3}},"110":{"start":{"line":111,"column":0},"end":{"line":111,"column":87}},"111":{"start":{"line":112,"column":0},"end":{"line":112,"column":1}},"113":{"start":{"line":114,"column":0},"end":{"line":114,"column":70}},"114":{"start":{"line":115,"column":0},"end":{"line":115,"column":62}},"116":{"start":{"line":117,"column":0},"end":{"line":117,"column":40}},"117":{"start":{"line":118,"column":0},"end":{"line":118,"column":65}},"118":{"start":{"line":119,"column":0},"end":{"line":119,"column":36}},"119":{"start":{"line":120,"column":0},"end":{"line":120,"column":3}},"121":{"start":{"line":122,"column":0},"end":{"line":122,"column":43}},"122":{"start":{"line":123,"column":0},"end":{"line":123,"column":28}},"123":{"start":{"line":124,"column":0},"end":{"line":124,"column":3}},"125":{"start":{"line":126,"column":0},"end":{"line":126,"column":61}},"126":{"start":{"line":127,"column":0},"end":{"line":127,"column":33}},"127":{"start":{"line":128,"column":0},"end":{"line":128,"column":3}},"129":{"start":{"line":130,"column":0},"end":{"line":130,"column":54}},"130":{"start":{"line":131,"column":0},"end":{"line":131,"column":20}},"131":{"start":{"line":132,"column":0},"end":{"line":132,"column":29}},"132":{"start":{"line":133,"column":0},"end":{"line":133,"column":17}},"133":{"start":{"line":134,"column":0},"end":{"line":134,"column":3}},"134":{"start":{"line":135,"column":0},"end":{"line":135,"column":3}},"136":{"start":{"line":137,"column":0},"end":{"line":137,"column":28}},"137":{"start":{"line":138,"column":0},"end":{"line":138,"column":20}},"138":{"start":{"line":139,"column":0},"end":{"line":139,"column":3}},"140":{"start":{"line":141,"column":0},"end":{"line":141,"column":53}},"141":{"start":{"line":142,"column":0},"end":{"line":142,"column":31}},"142":{"start":{"line":143,"column":0},"end":{"line":143,"column":3}},"144":{"start":{"line":145,"column":0},"end":{"line":145,"column":87}},"145":{"start":{"line":146,"column":0},"end":{"line":146,"column":1}}},"s":{"5":1,"6":1,"35":47,"36":47,"37":47,"38":47,"40":1,"41":46,"42":46,"43":46,"44":46,"45":8,"46":8,"48":38,"49":38,"50":38,"51":38,"52":38,"53":38,"55":38,"56":145,"57":144,"58":94,"59":94,"60":94,"61":94,"62":47,"63":47,"64":46,"65":46,"66":46,"67":145,"69":38,"70":10,"71":10,"72":8,"73":8,"74":8,"75":8,"76":10,"78":38,"79":273,"80":273,"81":38,"82":273,"83":200,"84":273,"85":5,"86":273,"87":30,"88":273,"89":273,"91":38,"92":1,"93":1,"94":1,"95":1,"96":3,"97":3,"98":1,"100":38,"101":1,"102":1,"103":1,"104":1,"106":38,"107":6,"108":6,"110":38,"111":38,"113":8,"114":8,"116":8,"117":14,"118":12,"119":14,"121":8,"122":2,"123":2,"125":8,"126":9,"127":9,"129":8,"130":1,"131":1,"132":2,"133":2,"134":1,"136":8,"137":1,"138":1,"140":8,"141":1,"142":1,"144":8,"145":8},"branchMap":{"0":{"type":"branch","line":36,"loc":{"start":{"line":36,"column":0},"end":{"line":39,"column":1}},"locations":[{"start":{"line":36,"column":0},"end":{"line":39,"column":1}}]},"1":{"type":"branch","line":38,"loc":{"start":{"line":38,"column":23},"end":{"line":38,"column":40}},"locations":[{"start":{"line":38,"column":23},"end":{"line":38,"column":40}}]},"2":{"type":"branch","line":38,"loc":{"start":{"line":38,"column":34},"end":{"line":38,"column":50}},"locations":[{"start":{"line":38,"column":34},"end":{"line":38,"column":50}}]},"3":{"type":"branch","line":41,"loc":{"start":{"line":41,"column":7},"end":{"line":112,"column":1}},"locations":[{"start":{"line":41,"column":7},"end":{"line":112,"column":1}}]},"4":{"type":"branch","line":45,"loc":{"start":{"line":45,"column":36},"end":{"line":47,"column":2}},"locations":[{"start":{"line":45,"column":36},"end":{"line":47,"column":2}}]},"5":{"type":"branch","line":47,"loc":{"start":{"line":47,"column":1},"end":{"line":112,"column":1}},"locations":[{"start":{"line":47,"column":1},"end":{"line":112,"column":1}}]},"6":{"type":"branch","line":56,"loc":{"start":{"line":56,"column":17},"end":{"line":68,"column":3}},"locations":[{"start":{"line":56,"column":17},"end":{"line":68,"column":3}}]},"7":{"type":"branch","line":57,"loc":{"start":{"line":57,"column":58},"end":{"line":57,"column":65}},"locations":[{"start":{"line":57,"column":58},"end":{"line":57,"column":65}}]},"8":{"type":"branch","line":57,"loc":{"start":{"line":57,"column":58},"end":{"line":62,"column":3}},"locations":[{"start":{"line":57,"column":58},"end":{"line":62,"column":3}}]},"9":{"type":"branch","line":57,"loc":{"start":{"line":57,"column":58},"end":{"line":58,"column":15}},"locations":[{"start":{"line":57,"column":58},"end":{"line":58,"column":15}}]},"10":{"type":"branch","line":58,"loc":{"start":{"line":58,"column":15},"end":{"line":62,"column":3}},"locations":[{"start":{"line":58,"column":15},"end":{"line":62,"column":3}}]},"11":{"type":"branch","line":62,"loc":{"start":{"line":62,"column":2},"end":{"line":67,"column":17}},"locations":[{"start":{"line":62,"column":2},"end":{"line":67,"column":17}}]},"12":{"type":"branch","line":62,"loc":{"start":{"line":62,"column":2},"end":{"line":64,"column":34}},"locations":[{"start":{"line":62,"column":2},"end":{"line":64,"column":34}}]},"13":{"type":"branch","line":64,"loc":{"start":{"line":64,"column":27},"end":{"line":64,"column":34}},"locations":[{"start":{"line":64,"column":27},"end":{"line":64,"column":34}}]},"14":{"type":"branch","line":64,"loc":{"start":{"line":64,"column":27},"end":{"line":67,"column":17}},"locations":[{"start":{"line":64,"column":27},"end":{"line":67,"column":17}}]},"15":{"type":"branch","line":70,"loc":{"start":{"line":70,"column":20},"end":{"line":77,"column":3}},"locations":[{"start":{"line":70,"column":20},"end":{"line":77,"column":3}}]},"16":{"type":"branch","line":72,"loc":{"start":{"line":72,"column":27},"end":{"line":76,"column":3}},"locations":[{"start":{"line":72,"column":27},"end":{"line":76,"column":3}}]},"17":{"type":"branch","line":79,"loc":{"start":{"line":79,"column":18},"end":{"line":90,"column":3}},"locations":[{"start":{"line":79,"column":18},"end":{"line":90,"column":3}}]},"18":{"type":"branch","line":81,"loc":{"start":{"line":81,"column":3},"end":{"line":82,"column":22}},"locations":[{"start":{"line":81,"column":3},"end":{"line":82,"column":22}}]},"19":{"type":"branch","line":83,"loc":{"start":{"line":83,"column":3},"end":{"line":84,"column":24}},"locations":[{"start":{"line":83,"column":3},"end":{"line":84,"column":24}}]},"20":{"type":"branch","line":85,"loc":{"start":{"line":85,"column":3},"end":{"line":86,"column":65}},"locations":[{"start":{"line":85,"column":3},"end":{"line":86,"column":65}}]},"21":{"type":"branch","line":86,"loc":{"start":{"line":86,"column":28},"end":{"line":86,"column":39}},"locations":[{"start":{"line":86,"column":28},"end":{"line":86,"column":39}}]},"22":{"type":"branch","line":87,"loc":{"start":{"line":87,"column":3},"end":{"line":88,"column":40}},"locations":[{"start":{"line":87,"column":3},"end":{"line":88,"column":40}}]},"23":{"type":"branch","line":92,"loc":{"start":{"line":92,"column":19},"end":{"line":99,"column":3}},"locations":[{"start":{"line":92,"column":19},"end":{"line":99,"column":3}}]},"24":{"type":"branch","line":96,"loc":{"start":{"line":96,"column":28},"end":{"line":98,"column":3}},"locations":[{"start":{"line":96,"column":28},"end":{"line":98,"column":3}}]},"25":{"type":"branch","line":101,"loc":{"start":{"line":101,"column":15},"end":{"line":105,"column":3}},"locations":[{"start":{"line":101,"column":15},"end":{"line":105,"column":3}}]},"26":{"type":"branch","line":107,"loc":{"start":{"line":107,"column":27},"end":{"line":109,"column":3}},"locations":[{"start":{"line":107,"column":27},"end":{"line":109,"column":3}}]},"27":{"type":"branch","line":114,"loc":{"start":{"line":114,"column":0},"end":{"line":146,"column":1}},"locations":[{"start":{"line":114,"column":0},"end":{"line":146,"column":1}}]},"28":{"type":"branch","line":117,"loc":{"start":{"line":117,"column":17},"end":{"line":120,"column":3}},"locations":[{"start":{"line":117,"column":17},"end":{"line":120,"column":3}}]},"29":{"type":"branch","line":118,"loc":{"start":{"line":118,"column":58},"end":{"line":118,"column":65}},"locations":[{"start":{"line":118,"column":58},"end":{"line":118,"column":65}}]},"30":{"type":"branch","line":118,"loc":{"start":{"line":118,"column":58},"end":{"line":119,"column":36}},"locations":[{"start":{"line":118,"column":58},"end":{"line":119,"column":36}}]},"31":{"type":"branch","line":122,"loc":{"start":{"line":122,"column":20},"end":{"line":124,"column":3}},"locations":[{"start":{"line":122,"column":20},"end":{"line":124,"column":3}}]},"32":{"type":"branch","line":126,"loc":{"start":{"line":126,"column":18},"end":{"line":128,"column":3}},"locations":[{"start":{"line":126,"column":18},"end":{"line":128,"column":3}}]},"33":{"type":"branch","line":130,"loc":{"start":{"line":130,"column":19},"end":{"line":135,"column":3}},"locations":[{"start":{"line":130,"column":19},"end":{"line":135,"column":3}}]},"34":{"type":"branch","line":132,"loc":{"start":{"line":132,"column":28},"end":{"line":134,"column":3}},"locations":[{"start":{"line":132,"column":28},"end":{"line":134,"column":3}}]},"35":{"type":"branch","line":137,"loc":{"start":{"line":137,"column":15},"end":{"line":139,"column":3}},"locations":[{"start":{"line":137,"column":15},"end":{"line":139,"column":3}}]},"36":{"type":"branch","line":141,"loc":{"start":{"line":141,"column":27},"end":{"line":143,"column":3}},"locations":[{"start":{"line":141,"column":27},"end":{"line":143,"column":3}}]}},"b":{"0":[47],"1":[46],"2":[1],"3":[46],"4":[8],"5":[38],"6":[145],"7":[4],"8":[144],"9":[141],"10":[94],"11":[60],"12":[47],"13":[1],"14":[46],"15":[10],"16":[8],"17":[273],"18":[38],"19":[200],"20":[5],"21":[0],"22":[30],"23":[1],"24":[3],"25":[1],"26":[6],"27":[8],"28":[14],"29":[2],"30":[12],"31":[2],"32":[9],"33":[1],"34":[2],"35":[1],"36":[1]},"fnMap":{"0":{"name":"extractValue","decl":{"start":{"line":36,"column":0},"end":{"line":39,"column":1}},"loc":{"start":{"line":36,"column":0},"end":{"line":39,"column":1}},"line":36},"1":{"name":"createAccumulateNode","decl":{"start":{"line":41,"column":7},"end":{"line":112,"column":1}},"loc":{"start":{"line":41,"column":7},"end":{"line":112,"column":1}},"line":41},"2":{"name":"addFact","decl":{"start":{"line":56,"column":17},"end":{"line":68,"column":3}},"loc":{"start":{"line":56,"column":17},"end":{"line":68,"column":3}},"line":56},"3":{"name":"removeFact","decl":{"start":{"line":70,"column":20},"end":{"line":77,"column":3}},"loc":{"start":{"line":70,"column":20},"end":{"line":77,"column":3}},"line":70},"4":{"name":"getValue","decl":{"start":{"line":79,"column":18},"end":{"line":90,"column":3}},"loc":{"start":{"line":79,"column":18},"end":{"line":90,"column":3}},"line":79},"5":{"name":"recompute","decl":{"start":{"line":92,"column":19},"end":{"line":99,"column":3}},"loc":{"start":{"line":92,"column":19},"end":{"line":99,"column":3}},"line":92},"6":{"name":"reset","decl":{"start":{"line":101,"column":15},"end":{"line":105,"column":3}},"loc":{"start":{"line":101,"column":15},"end":{"line":105,"column":3}},"line":101},"7":{"name":"getTrackedFactIds","decl":{"start":{"line":107,"column":27},"end":{"line":109,"column":3}},"loc":{"start":{"line":107,"column":27},"end":{"line":109,"column":3}},"line":107},"8":{"name":"createCollectNode","decl":{"start":{"line":114,"column":0},"end":{"line":146,"column":1}},"loc":{"start":{"line":114,"column":0},"end":{"line":146,"column":1}},"line":114},"9":{"name":"addFact","decl":{"start":{"line":117,"column":17},"end":{"line":120,"column":3}},"loc":{"start":{"line":117,"column":17},"end":{"line":120,"column":3}},"line":117},"10":{"name":"removeFact","decl":{"start":{"line":122,"column":20},"end":{"line":124,"column":3}},"loc":{"start":{"line":122,"column":20},"end":{"line":124,"column":3}},"line":122},"11":{"name":"getValue","decl":{"start":{"line":126,"column":18},"end":{"line":128,"column":3}},"loc":{"start":{"line":126,"column":18},"end":{"line":128,"column":3}},"line":126},"12":{"name":"recompute","decl":{"start":{"line":130,"column":19},"end":{"line":135,"column":3}},"loc":{"start":{"line":130,"column":19},"end":{"line":135,"column":3}},"line":130},"13":{"name":"reset","decl":{"start":{"line":137,"column":15},"end":{"line":139,"column":3}},"loc":{"start":{"line":137,"column":15},"end":{"line":139,"column":3}},"line":137},"14":{"name":"getTrackedFactIds","decl":{"start":{"line":141,"column":27},"end":{"line":143,"column":3}},"loc":{"start":{"line":141,"column":27},"end":{"line":143,"column":3}},"line":141}},"f":{"0":47,"1":46,"2":145,"3":10,"4":273,"5":1,"6":1,"7":6,"8":8,"9":14,"10":2,"11":9,"12":1,"13":1,"14":1}}
,"/home/sprawl/projects/arbitre/trees/audit-uplift/packages/core/src/agenda.ts": {"path":"/home/sprawl/projects/arbitre/trees/audit-uplift/packages/core/src/agenda.ts","all":false,"statementMap":{"20":{"start":{"line":21,"column":0},"end":{"line":21,"column":57}},"21":{"start":{"line":22,"column":0},"end":{"line":22,"column":28}},"22":{"start":{"line":23,"column":0},"end":{"line":23,"column":54}},"23":{"start":{"line":24,"column":0},"end":{"line":24,"column":41}},"24":{"start":{"line":25,"column":0},"end":{"line":25,"column":2}},"25":{"start":{"line":26,"column":0},"end":{"line":26,"column":10}},"26":{"start":{"line":27,"column":0},"end":{"line":27,"column":1}},"28":{"start":{"line":29,"column":0},"end":{"line":29,"column":67}},"29":{"start":{"line":30,"column":0},"end":{"line":30,"column":51}},"30":{"start":{"line":31,"column":0},"end":{"line":31,"column":35}},"31":{"start":{"line":32,"column":0},"end":{"line":32,"column":43}},"32":{"start":{"line":33,"column":0},"end":{"line":33,"column":35}},"33":{"start":{"line":34,"column":0},"end":{"line":34,"column":38}},"34":{"start":{"line":35,"column":0},"end":{"line":35,"column":1}},"36":{"start":{"line":37,"column":0},"end":{"line":37,"column":40}},"37":{"start":{"line":38,"column":0},"end":{"line":38,"column":36}},"38":{"start":{"line":39,"column":0},"end":{"line":39,"column":17}},"39":{"start":{"line":40,"column":0},"end":{"line":40,"column":33}},"41":{"start":{"line":42,"column":0},"end":{"line":42,"column":51}},"43":{"start":{"line":44,"column":0},"end":{"line":44,"column":54}},"44":{"start":{"line":45,"column":0},"end":{"line":45,"column":53}},"45":{"start":{"line":46,"column":0},"end":{"line":46,"column":34}},"46":{"start":{"line":47,"column":0},"end":{"line":47,"column":38}},"48":{"start":{"line":49,"column":0},"end":{"line":49,"column":27}},"49":{"start":{"line":50,"column":0},"end":{"line":50,"column":49}},"50":{"start":{"line":51,"column":0},"end":{"line":51,"column":54}},"51":{"start":{"line":52,"column":0},"end":{"line":52,"column":4}},"52":{"start":{"line":53,"column":0},"end":{"line":53,"column":3}},"53":{"start":{"line":54,"column":0},"end":{"line":54,"column":34}},"54":{"start":{"line":55,"column":0},"end":{"line":55,"column":8}},"55":{"start":{"line":56,"column":0},"end":{"line":56,"column":24}},"56":{"start":{"line":57,"column":0},"end":{"line":57,"column":41}},"57":{"start":{"line":58,"column":0},"end":{"line":58,"column":4}},"59":{"start":{"line":60,"column":0},"end":{"line":60,"column":13}},"60":{"start":{"line":61,"column":0},"end":{"line":61,"column":30}},"61":{"start":{"line":62,"column":0},"end":{"line":62,"column":19}},"62":{"start":{"line":63,"column":0},"end":{"line":63,"column":31}},"63":{"start":{"line":64,"column":0},"end":{"line":64,"column":64}},"64":{"start":{"line":65,"column":0},"end":{"line":65,"column":17}},"65":{"start":{"line":66,"column":0},"end":{"line":66,"column":11}},"66":{"start":{"line":67,"column":0},"end":{"line":67,"column":13}},"67":{"start":{"line":68,"column":0},"end":{"line":68,"column":4}},"68":{"start":{"line":69,"column":0},"end":{"line":69,"column":3}},"69":{"start":{"line":70,"column":0},"end":{"line":70,"column":40}},"71":{"start":{"line":72,"column":0},"end":{"line":72,"column":26}},"72":{"start":{"line":73,"column":0},"end":{"line":73,"column":48}},"73":{"start":{"line":74,"column":0},"end":{"line":74,"column":53}},"74":{"start":{"line":75,"column":0},"end":{"line":75,"column":3}},"75":{"start":{"line":76,"column":0},"end":{"line":76,"column":3}},"77":{"start":{"line":78,"column":0},"end":{"line":78,"column":55}},"78":{"start":{"line":79,"column":0},"end":{"line":79,"column":45}},"79":{"start":{"line":80,"column":0},"end":{"line":80,"column":68}},"80":{"start":{"line":81,"column":0},"end":{"line":81,"column":35}},"82":{"start":{"line":83,"column":0},"end":{"line":83,"column":26}},"83":{"start":{"line":84,"column":0},"end":{"line":84,"column":48}},"84":{"start":{"line":85,"column":0},"end":{"line":85,"column":53}},"85":{"start":{"line":86,"column":0},"end":{"line":86,"column":3}},"86":{"start":{"line":87,"column":0},"end":{"line":87,"column":3}},"88":{"start":{"line":89,"column":0},"end":{"line":89,"column":58}},"89":{"start":{"line":90,"column":0},"end":{"line":90,"column":43}},"90":{"start":{"line":91,"column":0},"end":{"line":91,"column":53}},"91":{"start":{"line":92,"column":0},"end":{"line":92,"column":103}},"92":{"start":{"line":93,"column":0},"end":{"line":93,"column":3}},"94":{"start":{"line":95,"column":0},"end":{"line":95,"column":53}},"95":{"start":{"line":96,"column":0},"end":{"line":96,"column":48}},"96":{"start":{"line":97,"column":0},"end":{"line":97,"column":35}},"97":{"start":{"line":98,"column":0},"end":{"line":98,"column":48}},"99":{"start":{"line":100,"column":0},"end":{"line":100,"column":26}},"100":{"start":{"line":101,"column":0},"end":{"line":101,"column":48}},"101":{"start":{"line":102,"column":0},"end":{"line":102,"column":53}},"102":{"start":{"line":103,"column":0},"end":{"line":103,"column":3}},"103":{"start":{"line":104,"column":0},"end":{"line":104,"column":23}},"104":{"start":{"line":105,"column":0},"end":{"line":105,"column":3}},"106":{"start":{"line":107,"column":0},"end":{"line":107,"column":57}},"108":{"start":{"line":109,"column":0},"end":{"line":109,"column":44}},"109":{"start":{"line":110,"column":0},"end":{"line":110,"column":25}},"110":{"start":{"line":111,"column":0},"end":{"line":111,"column":3}},"112":{"start":{"line":113,"column":0},"end":{"line":113,"column":48}},"113":{"start":{"line":114,"column":0},"end":{"line":114,"column":72}},"115":{"start":{"line":116,"column":0},"end":{"line":116,"column":33}},"116":{"start":{"line":117,"column":0},"end":{"line":117,"column":24}},"117":{"start":{"line":118,"column":0},"end":{"line":118,"column":3}},"119":{"start":{"line":120,"column":0},"end":{"line":120,"column":70}},"121":{"start":{"line":122,"column":0},"end":{"line":122,"column":47}},"123":{"start":{"line":124,"column":0},"end":{"line":124,"column":9}},"124":{"start":{"line":125,"column":0},"end":{"line":125,"column":16}},"125":{"start":{"line":126,"column":0},"end":{"line":126,"column":19}},"126":{"start":{"line":127,"column":0},"end":{"line":127,"column":13}},"127":{"start":{"line":128,"column":0},"end":{"line":128,"column":10}},"128":{"start":{"line":129,"column":0},"end":{"line":129,"column":11}},"129":{"start":{"line":130,"column":0},"end":{"line":130,"column":16}},"130":{"start":{"line":131,"column":0},"end":{"line":131,"column":13}},"131":{"start":{"line":132,"column":0},"end":{"line":132,"column":17}},"132":{"start":{"line":133,"column":0},"end":{"line":133,"column":7}},"133":{"start":{"line":134,"column":0},"end":{"line":134,"column":3}},"134":{"start":{"line":135,"column":0},"end":{"line":135,"column":1}}},"s":{"20":1725,"21":1725,"22":1725,"23":1725,"24":1725,"25":0,"26":0,"28":3147,"29":3147,"30":3147,"31":3094,"32":3094,"33":0,"34":0,"36":1,"37":481,"38":481,"39":481,"41":481,"43":481,"44":1725,"45":1725,"46":496,"48":496,"49":496,"50":1981,"51":1981,"52":496,"53":1725,"54":1725,"55":1725,"56":1725,"57":1725,"59":1725,"60":1725,"61":1725,"62":3147,"63":3147,"64":29,"65":3147,"66":3118,"67":3118,"68":3147,"69":1725,"71":1725,"72":1725,"73":24912,"74":24912,"75":1725,"77":481,"78":91,"79":0,"80":0,"82":0,"83":0,"84":0,"85":0,"86":91,"88":481,"89":1168,"90":5,"91":15,"92":1168,"94":481,"95":1168,"96":1168,"97":1165,"99":1165,"100":1168,"101":21203,"102":21203,"103":1165,"104":1168,"106":481,"108":481,"109":8,"110":8,"112":481,"113":3,"115":481,"116":1,"117":1,"119":481,"121":481,"123":481,"124":481,"125":481,"126":481,"127":481,"128":481,"129":481,"130":481,"131":481,"132":481,"133":481,"134":481},"branchMap":{"0":{"type":"branch","line":21,"loc":{"start":{"line":21,"column":0},"end":{"line":27,"column":1}},"locations":[{"start":{"line":21,"column":0},"end":{"line":27,"column":1}}]},"1":{"type":"branch","line":25,"loc":{"start":{"line":25,"column":1},"end":{"line":27,"column":1}},"locations":[{"start":{"line":25,"column":1},"end":{"line":27,"column":1}}]},"2":{"type":"branch","line":29,"loc":{"start":{"line":29,"column":0},"end":{"line":35,"column":1}},"locations":[{"start":{"line":29,"column":0},"end":{"line":35,"column":1}}]},"3":{"type":"branch","line":31,"loc":{"start":{"line":31,"column":20},"end":{"line":35,"column":1}},"locations":[{"start":{"line":31,"column":20},"end":{"line":35,"column":1}}]},"4":{"type":"branch","line":31,"loc":{"start":{"line":31,"column":20},"end":{"line":31,"column":35}},"locations":[{"start":{"line":31,"column":20},"end":{"line":31,"column":35}}]},"5":{"type":"branch","line":31,"loc":{"start":{"line":31,"column":27},"end":{"line":35,"column":1}},"locations":[{"start":{"line":31,"column":27},"end":{"line":35,"column":1}}]},"6":{"type":"branch","line":31,"loc":{"start":{"line":31,"column":27},"end":{"line":33,"column":35}},"locations":[{"start":{"line":31,"column":27},"end":{"line":33,"column":35}}]},"7":{"type":"branch","line":33,"loc":{"start":{"line":33,"column":27},"end":{"line":35,"column":1}},"locations":[{"start":{"line":33,"column":27},"end":{"line":35,"column":1}}]},"8":{"type":"branch","line":37,"loc":{"start":{"line":37,"column":7},"end":{"line":135,"column":1}},"locations":[{"start":{"line":37,"column":7},"end":{"line":135,"column":1}}]},"9":{"type":"branch","line":44,"loc":{"start":{"line":44,"column":23},"end":{"line":76,"column":3}},"locations":[{"start":{"line":44,"column":23},"end":{"line":76,"column":3}}]},"10":{"type":"branch","line":46,"loc":{"start":{"line":46,"column":33},"end":{"line":53,"column":3}},"locations":[{"start":{"line":46,"column":33},"end":{"line":53,"column":3}}]},"11":{"type":"branch","line":50,"loc":{"start":{"line":50,"column":48},"end":{"line":52,"column":4}},"locations":[{"start":{"line":50,"column":48},"end":{"line":52,"column":4}}]},"12":{"type":"branch","line":62,"loc":{"start":{"line":62,"column":18},"end":{"line":69,"column":3}},"locations":[{"start":{"line":62,"column":18},"end":{"line":69,"column":3}}]},"13":{"type":"branch","line":64,"loc":{"start":{"line":64,"column":63},"end":{"line":66,"column":10}},"locations":[{"start":{"line":64,"column":63},"end":{"line":66,"column":10}}]},"14":{"type":"branch","line":66,"loc":{"start":{"line":66,"column":3},"end":{"line":68,"column":4}},"locations":[{"start":{"line":66,"column":3},"end":{"line":68,"column":4}}]},"15":{"type":"branch","line":73,"loc":{"start":{"line":73,"column":47},"end":{"line":75,"column":3}},"locations":[{"start":{"line":73,"column":47},"end":{"line":75,"column":3}}]},"16":{"type":"branch","line":78,"loc":{"start":{"line":78,"column":26},"end":{"line":87,"column":3}},"locations":[{"start":{"line":78,"column":26},"end":{"line":87,"column":3}}]},"17":{"type":"branch","line":79,"loc":{"start":{"line":79,"column":38},"end":{"line":86,"column":3}},"locations":[{"start":{"line":79,"column":38},"end":{"line":86,"column":3}}]},"18":{"type":"branch","line":89,"loc":{"start":{"line":89,"column":20},"end":{"line":93,"column":3}},"locations":[{"start":{"line":89,"column":20},"end":{"line":93,"column":3}}]},"19":{"type":"branch","line":90,"loc":{"start":{"line":90,"column":31},"end":{"line":90,"column":43}},"locations":[{"start":{"line":90,"column":31},"end":{"line":90,"column":43}}]},"20":{"type":"branch","line":90,"loc":{"start":{"line":90,"column":38},"end":{"line":92,"column":103}},"locations":[{"start":{"line":90,"column":38},"end":{"line":92,"column":103}}]},"21":{"type":"branch","line":90,"loc":{"start":{"line":90,"column":38},"end":{"line":92,"column":58}},"locations":[{"start":{"line":90,"column":38},"end":{"line":92,"column":58}}]},"22":{"type":"branch","line":92,"loc":{"start":{"line":92,"column":45},"end":{"line":92,"column":103}},"locations":[{"start":{"line":92,"column":45},"end":{"line":92,"column":103}}]},"23":{"type":"branch","line":95,"loc":{"start":{"line":95,"column":20},"end":{"line":105,"column":3}},"locations":[{"start":{"line":95,"column":20},"end":{"line":105,"column":3}}]},"24":{"type":"branch","line":97,"loc":{"start":{"line":97,"column":18},"end":{"line":97,"column":35}},"locations":[{"start":{"line":97,"column":18},"end":{"line":97,"column":35}}]},"25":{"type":"branch","line":97,"loc":{"start":{"line":97,"column":25},"end":{"line":101,"column":47}},"locations":[{"start":{"line":97,"column":25},"end":{"line":101,"column":47}}]},"26":{"type":"branch","line":101,"loc":{"start":{"line":101,"column":47},"end":{"line":103,"column":3}},"locations":[{"start":{"line":101,"column":47},"end":{"line":103,"column":3}}]},"27":{"type":"branch","line":103,"loc":{"start":{"line":103,"column":2},"end":{"line":104,"column":23}},"locations":[{"start":{"line":103,"column":2},"end":{"line":104,"column":23}}]},"28":{"type":"branch","line":107,"loc":{"start":{"line":107,"column":17},"end":{"line":107,"column":57}},"locations":[{"start":{"line":107,"column":17},"end":{"line":107,"column":57}}]},"29":{"type":"branch","line":109,"loc":{"start":{"line":109,"column":18},"end":{"line":111,"column":3}},"locations":[{"start":{"line":109,"column":18},"end":{"line":111,"column":3}}]},"30":{"type":"branch","line":113,"loc":{"start":{"line":113,"column":23},"end":{"line":114,"column":72}},"locations":[{"start":{"line":113,"column":23},"end":{"line":114,"column":72}}]},"31":{"type":"branch","line":114,"loc":{"start":{"line":114,"column":22},"end":{"line":114,"column":62}},"locations":[{"start":{"line":114,"column":22},"end":{"line":114,"column":62}}]},"32":{"type":"branch","line":114,"loc":{"start":{"line":114,"column":58},"end":{"line":114,"column":72}},"locations":[{"start":{"line":114,"column":58},"end":{"line":114,"column":72}}]},"33":{"type":"branch","line":116,"loc":{"start":{"line":116,"column":20},"end":{"line":118,"column":3}},"locations":[{"start":{"line":116,"column":20},"end":{"line":118,"column":3}}]},"34":{"type":"branch","line":120,"loc":{"start":{"line":120,"column":24},"end":{"line":120,"column":70}},"locations":[{"start":{"line":120,"column":24},"end":{"line":120,"column":70}}]},"35":{"type":"branch","line":122,"loc":{"start":{"line":122,"column":14},"end":{"line":122,"column":47}},"locations":[{"start":{"line":122,"column":14},"end":{"line":122,"column":47}}]}},"b":{"0":[1725],"1":[0],"2":[3147],"3":[3145],"4":[53],"5":[3095],"6":[3094],"7":[0],"8":[481],"9":[1725],"10":[496],"11":[1981],"12":[3147],"13":[29],"14":[3118],"15":[24912],"16":[91],"17":[0],"18":[1168],"19":[1163],"20":[15],"21":[5],"22":[4],"23":[1168],"24":[3],"25":[1165],"26":[21203],"27":[1165],"28":[2799],"29":[8],"30":[3],"31":[2],"32":[1],"33":[1],"34":[3],"35":[1211]},"fnMap":{"0":{"name":"computeSpecificity","decl":{"start":{"line":21,"column":0},"end":{"line":27,"column":1}},"loc":{"start":{"line":21,"column":0},"end":{"line":27,"column":1}},"line":21},"1":{"name":"compareActivations","decl":{"start":{"line":29,"column":0},"end":{"line":35,"column":1}},"loc":{"start":{"line":29,"column":0},"end":{"line":35,"column":1}},"line":29},"2":{"name":"createAgenda","decl":{"start":{"line":37,"column":7},"end":{"line":135,"column":1}},"loc":{"start":{"line":37,"column":7},"end":{"line":135,"column":1}},"line":37},"3":{"name":"addActivation","decl":{"start":{"line":44,"column":23},"end":{"line":76,"column":3}},"loc":{"start":{"line":44,"column":23},"end":{"line":76,"column":3}},"line":44},"4":{"name":"removeActivation","decl":{"start":{"line":78,"column":26},"end":{"line":87,"column":3}},"loc":{"start":{"line":78,"column":26},"end":{"line":87,"column":3}},"line":78},"5":{"name":"isEligible","decl":{"start":{"line":89,"column":20},"end":{"line":93,"column":3}},"loc":{"start":{"line":89,"column":20},"end":{"line":93,"column":3}},"line":89},"6":{"name":"selectNext","decl":{"start":{"line":95,"column":20},"end":{"line":105,"column":3}},"loc":{"start":{"line":95,"column":20},"end":{"line":105,"column":3}},"line":95},"7":{"name":"isEmpty","decl":{"start":{"line":107,"column":17},"end":{"line":107,"column":57}},"loc":{"start":{"line":107,"column":17},"end":{"line":107,"column":57}},"line":107},"8":{"name":"setFocus","decl":{"start":{"line":109,"column":18},"end":{"line":111,"column":3}},"loc":{"start":{"line":109,"column":18},"end":{"line":111,"column":3}},"line":109},"9":{"name":"getFocusGroup","decl":{"start":{"line":113,"column":23},"end":{"line":114,"column":72}},"loc":{"start":{"line":113,"column":23},"end":{"line":114,"column":72}},"line":113},"10":{"name":"clearFocus","decl":{"start":{"line":116,"column":20},"end":{"line":118,"column":3}},"loc":{"start":{"line":116,"column":20},"end":{"line":118,"column":3}},"line":116},"11":{"name":"getActivations","decl":{"start":{"line":120,"column":24},"end":{"line":120,"column":70}},"loc":{"start":{"line":120,"column":24},"end":{"line":120,"column":70}},"line":120},"12":{"name":"size","decl":{"start":{"line":122,"column":14},"end":{"line":122,"column":47}},"loc":{"start":{"line":122,"column":14},"end":{"line":122,"column":47}},"line":122}},"f":{"0":1725,"1":3147,"2":481,"3":1725,"4":91,"5":1168,"6":1168,"7":2799,"8":8,"9":3,"10":1,"11":3,"12":1211}}
,"/home/sprawl/projects/arbitre/trees/audit-uplift/packages/core/src/alpha-network.ts": {"path":"/home/sprawl/projects/arbitre/trees/audit-uplift/packages/core/src/alpha-network.ts","all":false,"statementMap":{"1":{"start":{"line":2,"column":0},"end":{"line":2,"column":82}},"2":{"start":{"line":3,"column":0},"end":{"line":3,"column":68}},"16":{"start":{"line":17,"column":0},"end":{"line":17,"column":52}},"17":{"start":{"line":18,"column":0},"end":{"line":18,"column":57}},"18":{"start":{"line":19,"column":0},"end":{"line":19,"column":45}},"19":{"start":{"line":20,"column":0},"end":{"line":20,"column":55}},"20":{"start":{"line":21,"column":0},"end":{"line":21,"column":53}},"22":{"start":{"line":23,"column":0},"end":{"line":23,"column":45}},"23":{"start":{"line":24,"column":0},"end":{"line":24,"column":56}},"24":{"start":{"line":25,"column":0},"end":{"line":25,"column":53}},"25":{"start":{"line":26,"column":0},"end":{"line":26,"column":61}},"27":{"start":{"line":28,"column":0},"end":{"line":28,"column":35}},"28":{"start":{"line":29,"column":0},"end":{"line":29,"column":35}},"30":{"start":{"line":31,"column":0},"end":{"line":31,"column":31}},"31":{"start":{"line":32,"column":0},"end":{"line":32,"column":29}},"32":{"start":{"line":33,"column":0},"end":{"line":33,"column":49}},"33":{"start":{"line":34,"column":0},"end":{"line":34,"column":11}},"34":{"start":{"line":35,"column":0},"end":{"line":35,"column":34}},"35":{"start":{"line":36,"column":0},"end":{"line":36,"column":15}},"36":{"start":{"line":37,"column":0},"end":{"line":37,"column":21}},"37":{"start":{"line":38,"column":0},"end":{"line":38,"column":30}},"38":{"start":{"line":39,"column":0},"end":{"line":39,"column":5}},"39":{"start":{"line":40,"column":0},"end":{"line":40,"column":18}},"40":{"start":{"line":41,"column":0},"end":{"line":41,"column":4}},"41":{"start":{"line":42,"column":0},"end":{"line":42,"column":3}},"42":{"start":{"line":43,"column":0},"end":{"line":43,"column":2}},"44":{"start":{"line":45,"column":0},"end":{"line":45,"column":46}},"45":{"start":{"line":46,"column":0},"end":{"line":46,"column":41}},"46":{"start":{"line":47,"column":0},"end":{"line":47,"column":20}},"48":{"start":{"line":49,"column":0},"end":{"line":49,"column":31}},"49":{"start":{"line":50,"column":0},"end":{"line":50,"column":28}},"51":{"start":{"line":52,"column":0},"end":{"line":52,"column":42}},"52":{"start":{"line":53,"column":0},"end":{"line":53,"column":20}},"53":{"start":{"line":54,"column":0},"end":{"line":54,"column":3}},"56":{"start":{"line":57,"column":0},"end":{"line":57,"column":57}},"57":{"start":{"line":58,"column":0},"end":{"line":58,"column":86}},"58":{"start":{"line":59,"column":0},"end":{"line":59,"column":33}},"59":{"start":{"line":60,"column":0},"end":{"line":60,"column":4}},"60":{"start":{"line":61,"column":0},"end":{"line":61,"column":3}},"61":{"start":{"line":62,"column":0},"end":{"line":62,"column":2}},"63":{"start":{"line":64,"column":0},"end":{"line":64,"column":74}},"64":{"start":{"line":65,"column":0},"end":{"line":65,"column":41}},"66":{"start":{"line":67,"column":0},"end":{"line":67,"column":47}},"67":{"start":{"line":68,"column":0},"end":{"line":68,"column":17}},"68":{"start":{"line":69,"column":0},"end":{"line":69,"column":33}},"69":{"start":{"line":70,"column":0},"end":{"line":70,"column":21}},"70":{"start":{"line":71,"column":0},"end":{"line":71,"column":4}},"71":{"start":{"line":72,"column":0},"end":{"line":72,"column":3}},"73":{"start":{"line":74,"column":0},"end":{"line":74,"column":40}},"74":{"start":{"line":75,"column":0},"end":{"line":75,"column":55}},"75":{"start":{"line":76,"column":0},"end":{"line":76,"column":27}},"76":{"start":{"line":77,"column":0},"end":{"line":77,"column":4}},"77":{"start":{"line":78,"column":0},"end":{"line":78,"column":3}},"79":{"start":{"line":80,"column":0},"end":{"line":80,"column":21}},"80":{"start":{"line":81,"column":0},"end":{"line":81,"column":2}},"82":{"start":{"line":83,"column":0},"end":{"line":83,"column":60}},"83":{"start":{"line":84,"column":0},"end":{"line":84,"column":38}},"84":{"start":{"line":85,"column":0},"end":{"line":85,"column":2}},"86":{"start":{"line":87,"column":0},"end":{"line":87,"column":63}},"87":{"start":{"line":88,"column":0},"end":{"line":88,"column":1}}},"s":{"1":1,"2":1,"16":1,"17":454,"18":454,"19":454,"20":454,"22":454,"23":691,"24":691,"25":691,"27":691,"28":691,"30":691,"31":679,"32":4,"33":679,"34":675,"35":675,"36":418,"37":418,"38":418,"39":675,"40":675,"41":679,"42":691,"44":454,"45":5,"46":5,"48":4,"49":4,"51":4,"52":4,"53":4,"56":4,"57":2,"58":1,"59":1,"60":2,"61":5,"63":454,"64":1241,"66":1241,"67":1241,"68":530,"69":531,"70":531,"71":530,"73":1241,"74":13,"75":6,"76":6,"77":13,"79":1241,"80":1241,"82":454,"83":2,"84":2,"86":454,"87":454},"branchMap":{"0":{"type":"branch","line":17,"loc":{"start":{"line":17,"column":7},"end":{"line":88,"column":1}},"locations":[{"start":{"line":17,"column":7},"end":{"line":88,"column":1}}]},"1":{"type":"branch","line":23,"loc":{"start":{"line":23,"column":1},"end":{"line":43,"column":2}},"locations":[{"start":{"line":23,"column":1},"end":{"line":43,"column":2}}]},"2":{"type":"branch","line":31,"loc":{"start":{"line":31,"column":30},"end":{"line":42,"column":3}},"locations":[{"start":{"line":31,"column":30},"end":{"line":42,"column":3}}]},"3":{"type":"branch","line":32,"loc":{"start":{"line":32,"column":28},"end":{"line":34,"column":10}},"locations":[{"start":{"line":32,"column":28},"end":{"line":34,"column":10}}]},"4":{"type":"branch","line":34,"loc":{"start":{"line":34,"column":3},"end":{"line":41,"column":4}},"locations":[{"start":{"line":34,"column":3},"end":{"line":41,"column":4}}]},"5":{"type":"branch","line":36,"loc":{"start":{"line":36,"column":14},"end":{"line":39,"column":5}},"locations":[{"start":{"line":36,"column":14},"end":{"line":39,"column":5}}]},"6":{"type":"branch","line":45,"loc":{"start":{"line":45,"column":1},"end":{"line":62,"column":2}},"locations":[{"start":{"line":45,"column":1},"end":{"line":62,"column":2}}]},"7":{"type":"branch","line":47,"loc":{"start":{"line":47,"column":13},"end":{"line":47,"column":20}},"locations":[{"start":{"line":47,"column":13},"end":{"line":47,"column":20}}]},"8":{"type":"branch","line":47,"loc":{"start":{"line":47,"column":13},"end":{"line":61,"column":3}},"locations":[{"start":{"line":47,"column":13},"end":{"line":61,"column":3}}]},"9":{"type":"branch","line":57,"loc":{"start":{"line":57,"column":56},"end":{"line":61,"column":3}},"locations":[{"start":{"line":57,"column":56},"end":{"line":61,"column":3}}]},"10":{"type":"branch","line":58,"loc":{"start":{"line":58,"column":85},"end":{"line":60,"column":4}},"locations":[{"start":{"line":58,"column":85},"end":{"line":60,"column":4}}]},"11":{"type":"branch","line":64,"loc":{"start":{"line":64,"column":1},"end":{"line":81,"column":2}},"locations":[{"start":{"line":64,"column":1},"end":{"line":81,"column":2}}]},"12":{"type":"branch","line":68,"loc":{"start":{"line":68,"column":16},"end":{"line":72,"column":3}},"locations":[{"start":{"line":68,"column":16},"end":{"line":72,"column":3}}]},"13":{"type":"branch","line":69,"loc":{"start":{"line":69,"column":32},"end":{"line":71,"column":4}},"locations":[{"start":{"line":69,"column":32},"end":{"line":71,"column":4}}]},"14":{"type":"branch","line":74,"loc":{"start":{"line":74,"column":39},"end":{"line":78,"column":3}},"locations":[{"start":{"line":74,"column":39},"end":{"line":78,"column":3}}]},"15":{"type":"branch","line":75,"loc":{"start":{"line":75,"column":54},"end":{"line":77,"column":4}},"locations":[{"start":{"line":75,"column":54},"end":{"line":77,"column":4}}]},"16":{"type":"branch","line":83,"loc":{"start":{"line":83,"column":1},"end":{"line":85,"column":2}},"locations":[{"start":{"line":83,"column":1},"end":{"line":85,"column":2}}]},"17":{"type":"branch","line":84,"loc":{"start":{"line":84,"column":30},"end":{"line":84,"column":38}},"locations":[{"start":{"line":84,"column":30},"end":{"line":84,"column":38}}]}},"b":{"0":[454],"1":[691],"2":[679],"3":[4],"4":[675],"5":[418],"6":[5],"7":[1],"8":[4],"9":[2],"10":[1],"11":[1241],"12":[530],"13":[531],"14":[13],"15":[6],"16":[2],"17":[1]},"fnMap":{"0":{"name":"createAlphaNetwork","decl":{"start":{"line":17,"column":7},"end":{"line":88,"column":1}},"loc":{"start":{"line":17,"column":7},"end":{"line":88,"column":1}},"line":17},"1":{"name":"addRule","decl":{"start":{"line":23,"column":1},"end":{"line":43,"column":2}},"loc":{"start":{"line":23,"column":1},"end":{"line":43,"column":2}},"line":23},"2":{"name":"removeRule","decl":{"start":{"line":45,"column":1},"end":{"line":62,"column":2}},"loc":{"start":{"line":45,"column":1},"end":{"line":62,"column":2}},"line":45},"3":{"name":"getAffectedRules","decl":{"start":{"line":64,"column":1},"end":{"line":81,"column":2}},"loc":{"start":{"line":64,"column":1},"end":{"line":81,"column":2}},"line":64},"4":{"name":"getRuleDeps","decl":{"start":{"line":83,"column":1},"end":{"line":85,"column":2}},"loc":{"start":{"line":83,"column":1},"end":{"line":85,"column":2}},"line":83}},"f":{"0":454,"1":691,"2":5,"3":1241,"4":2}}
,"/home/sprawl/projects/arbitre/trees/audit-uplift/packages/core/src/beta-evaluator.ts": {"path":"/home/sprawl/projects/arbitre/trees/audit-uplift/packages/core/src/beta-evaluator.ts","all":false,"statementMap":{"1":{"start":{"line":2,"column":0},"end":{"line":2,"column":55}},"3":{"start":{"line":4,"column":0},"end":{"line":4,"column":48}},"43":{"start":{"line":44,"column":0},"end":{"line":44,"column":36}},"44":{"start":{"line":45,"column":0},"end":{"line":45,"column":81}},"45":{"start":{"line":46,"column":0},"end":{"line":46,"column":18}},"46":{"start":{"line":47,"column":0},"end":{"line":47,"column":44}},"48":{"start":{"line":49,"column":0},"end":{"line":49,"column":50}},"50":{"start":{"line":51,"column":0},"end":{"line":51,"column":52}},"52":{"start":{"line":53,"column":0},"end":{"line":53,"column":85}},"53":{"start":{"line":54,"column":0},"end":{"line":54,"column":36}},"54":{"start":{"line":55,"column":0},"end":{"line":55,"column":59}},"55":{"start":{"line":56,"column":0},"end":{"line":56,"column":29}},"57":{"start":{"line":58,"column":0},"end":{"line":58,"column":29}},"58":{"start":{"line":59,"column":0},"end":{"line":59,"column":36}},"59":{"start":{"line":60,"column":0},"end":{"line":60,"column":14}},"60":{"start":{"line":61,"column":0},"end":{"line":61,"column":20}},"61":{"start":{"line":62,"column":0},"end":{"line":62,"column":32}},"62":{"start":{"line":63,"column":0},"end":{"line":63,"column":4}},"63":{"start":{"line":64,"column":0},"end":{"line":64,"column":21}},"64":{"start":{"line":65,"column":0},"end":{"line":65,"column":3}},"65":{"start":{"line":66,"column":0},"end":{"line":66,"column":3}},"67":{"start":{"line":68,"column":0},"end":{"line":68,"column":49}},"68":{"start":{"line":69,"column":0},"end":{"line":69,"column":36}},"69":{"start":{"line":70,"column":0},"end":{"line":70,"column":21}},"70":{"start":{"line":71,"column":0},"end":{"line":71,"column":35}},"71":{"start":{"line":72,"column":0},"end":{"line":72,"column":38}},"72":{"start":{"line":73,"column":0},"end":{"line":73,"column":13}},"73":{"start":{"line":74,"column":0},"end":{"line":74,"column":25}},"74":{"start":{"line":75,"column":0},"end":{"line":75,"column":50}},"75":{"start":{"line":76,"column":0},"end":{"line":76,"column":4}},"76":{"start":{"line":77,"column":0},"end":{"line":77,"column":3}},"78":{"start":{"line":79,"column":0},"end":{"line":79,"column":42}},"79":{"start":{"line":80,"column":0},"end":{"line":80,"column":28}},"80":{"start":{"line":81,"column":0},"end":{"line":81,"column":3}},"81":{"start":{"line":82,"column":0},"end":{"line":82,"column":25}},"82":{"start":{"line":83,"column":0},"end":{"line":83,"column":3}},"84":{"start":{"line":85,"column":0},"end":{"line":85,"column":108}},"85":{"start":{"line":86,"column":0},"end":{"line":86,"column":44}},"86":{"start":{"line":87,"column":0},"end":{"line":87,"column":28}},"88":{"start":{"line":89,"column":0},"end":{"line":89,"column":43}},"89":{"start":{"line":90,"column":0},"end":{"line":90,"column":37}},"90":{"start":{"line":91,"column":0},"end":{"line":91,"column":37}},"91":{"start":{"line":92,"column":0},"end":{"line":92,"column":24}},"93":{"start":{"line":94,"column":0},"end":{"line":94,"column":79}},"94":{"start":{"line":95,"column":0},"end":{"line":95,"column":44}},"95":{"start":{"line":96,"column":0},"end":{"line":96,"column":78}},"96":{"start":{"line":97,"column":0},"end":{"line":97,"column":63}},"97":{"start":{"line":98,"column":0},"end":{"line":98,"column":28}},"99":{"start":{"line":100,"column":0},"end":{"line":100,"column":34}},"100":{"start":{"line":101,"column":0},"end":{"line":101,"column":66}},"101":{"start":{"line":102,"column":0},"end":{"line":102,"column":51}},"102":{"start":{"line":103,"column":0},"end":{"line":103,"column":22}},"103":{"start":{"line":104,"column":0},"end":{"line":104,"column":28}},"104":{"start":{"line":105,"column":0},"end":{"line":105,"column":47}},"105":{"start":{"line":106,"column":0},"end":{"line":106,"column":8}},"106":{"start":{"line":107,"column":0},"end":{"line":107,"column":29}},"107":{"start":{"line":108,"column":0},"end":{"line":108,"column":7}},"108":{"start":{"line":109,"column":0},"end":{"line":109,"column":6}},"109":{"start":{"line":110,"column":0},"end":{"line":110,"column":44}},"110":{"start":{"line":111,"column":0},"end":{"line":111,"column":5}},"111":{"start":{"line":112,"column":0},"end":{"line":112,"column":4}},"112":{"start":{"line":113,"column":0},"end":{"line":113,"column":3}},"113":{"start":{"line":114,"column":0},"end":{"line":114,"column":21}},"114":{"start":{"line":115,"column":0},"end":{"line":115,"column":3}},"116":{"start":{"line":117,"column":0},"end":{"line":117,"column":75}},"117":{"start":{"line":118,"column":0},"end":{"line":118,"column":44}},"118":{"start":{"line":119,"column":0},"end":{"line":119,"column":43}},"120":{"start":{"line":121,"column":0},"end":{"line":121,"column":48}},"121":{"start":{"line":122,"column":0},"end":{"line":122,"column":43}},"122":{"start":{"line":123,"column":0},"end":{"line":123,"column":56}},"123":{"start":{"line":124,"column":0},"end":{"line":124,"column":35}},"124":{"start":{"line":125,"column":0},"end":{"line":125,"column":53}},"125":{"start":{"line":126,"column":0},"end":{"line":126,"column":5}},"126":{"start":{"line":127,"column":0},"end":{"line":127,"column":4}},"127":{"start":{"line":128,"column":0},"end":{"line":128,"column":24}},"128":{"start":{"line":129,"column":0},"end":{"line":129,"column":3}},"130":{"start":{"line":131,"column":0},"end":{"line":131,"column":47}},"131":{"start":{"line":132,"column":0},"end":{"line":132,"column":37}},"132":{"start":{"line":133,"column":0},"end":{"line":133,"column":37}},"133":{"start":{"line":134,"column":0},"end":{"line":134,"column":24}},"134":{"start":{"line":135,"column":0},"end":{"line":135,"column":55}},"135":{"start":{"line":136,"column":0},"end":{"line":136,"column":34}},"136":{"start":{"line":137,"column":0},"end":{"line":137,"column":52}},"137":{"start":{"line":138,"column":0},"end":{"line":138,"column":4}},"138":{"start":{"line":139,"column":0},"end":{"line":139,"column":3}},"139":{"start":{"line":140,"column":0},"end":{"line":140,"column":29}},"140":{"start":{"line":141,"column":0},"end":{"line":141,"column":23}},"141":{"start":{"line":142,"column":0},"end":{"line":142,"column":3}},"143":{"start":{"line":144,"column":0},"end":{"line":144,"column":67}},"144":{"start":{"line":145,"column":0},"end":{"line":145,"column":36}},"145":{"start":{"line":146,"column":0},"end":{"line":146,"column":24}},"146":{"start":{"line":147,"column":0},"end":{"line":147,"column":43}},"147":{"start":{"line":148,"column":0},"end":{"line":148,"column":3}},"149":{"start":{"line":150,"column":0},"end":{"line":150,"column":88}},"150":{"start":{"line":151,"column":0},"end":{"line":151,"column":1}}},"s":{"1":1,"3":1,"43":1,"44":446,"45":446,"46":446,"48":446,"50":446,"52":446,"53":30,"54":30,"55":30,"57":30,"58":42,"59":42,"60":37,"61":37,"62":37,"63":42,"64":42,"65":30,"67":446,"68":2,"69":2,"70":0,"71":0,"72":0,"73":0,"74":0,"75":0,"76":0,"78":0,"79":0,"80":0,"81":0,"82":2,"84":446,"85":315,"86":315,"88":153,"89":153,"90":553,"91":553,"93":553,"94":553,"95":555,"96":554,"97":554,"99":541,"100":542,"101":572,"102":572,"103":150,"104":150,"105":150,"106":572,"107":572,"108":542,"109":541,"110":541,"111":555,"112":553,"113":153,"114":315,"116":446,"117":68,"118":68,"120":59,"121":59,"122":0,"123":0,"124":0,"125":0,"126":0,"127":59,"128":59,"130":9,"131":9,"132":9,"133":9,"134":9,"135":9,"136":9,"137":9,"138":9,"139":9,"140":9,"141":68,"143":446,"144":51,"145":51,"146":51,"147":51,"149":446,"150":446},"branchMap":{"0":{"type":"branch","line":44,"loc":{"start":{"line":44,"column":7},"end":{"line":151,"column":1}},"locations":[{"start":{"line":44,"column":7},"end":{"line":151,"column":1}}]},"1":{"type":"branch","line":53,"loc":{"start":{"line":53,"column":22},"end":{"line":66,"column":3}},"locations":[{"start":{"line":53,"column":22},"end":{"line":66,"column":3}}]},"2":{"type":"branch","line":58,"loc":{"start":{"line":58,"column":28},"end":{"line":65,"column":3}},"locations":[{"start":{"line":58,"column":28},"end":{"line":65,"column":3}}]},"3":{"type":"branch","line":60,"loc":{"start":{"line":60,"column":13},"end":{"line":63,"column":4}},"locations":[{"start":{"line":60,"column":13},"end":{"line":63,"column":4}}]},"4":{"type":"branch","line":68,"loc":{"start":{"line":68,"column":20},"end":{"line":83,"column":3}},"locations":[{"start":{"line":68,"column":20},"end":{"line":83,"column":3}}]},"5":{"type":"branch","line":70,"loc":{"start":{"line":70,"column":14},"end":{"line":82,"column":25}},"locations":[{"start":{"line":70,"column":14},"end":{"line":82,"column":25}}]},"6":{"type":"branch","line":85,"loc":{"start":{"line":85,"column":24},"end":{"line":115,"column":3}},"locations":[{"start":{"line":85,"column":24},"end":{"line":115,"column":3}}]},"7":{"type":"branch","line":87,"loc":{"start":{"line":87,"column":18},"end":{"line":87,"column":28}},"locations":[{"start":{"line":87,"column":18},"end":{"line":87,"column":28}}]},"8":{"type":"branch","line":87,"loc":{"start":{"line":87,"column":26},"end":{"line":114,"column":21}},"locations":[{"start":{"line":87,"column":26},"end":{"line":114,"column":21}}]},"9":{"type":"branch","line":90,"loc":{"start":{"line":90,"column":36},"end":{"line":113,"column":3}},"locations":[{"start":{"line":90,"column":36},"end":{"line":113,"column":3}}]},"10":{"type":"branch","line":92,"loc":{"start":{"line":92,"column":15},"end":{"line":92,"column":24}},"locations":[{"start":{"line":92,"column":15},"end":{"line":92,"column":24}}]},"11":{"type":"branch","line":95,"loc":{"start":{"line":95,"column":43},"end":{"line":112,"column":4}},"locations":[{"start":{"line":95,"column":43},"end":{"line":112,"column":4}}]},"12":{"type":"branch","line":96,"loc":{"start":{"line":96,"column":16},"end":{"line":96,"column":69}},"locations":[{"start":{"line":96,"column":16},"end":{"line":96,"column":69}}]},"13":{"type":"branch","line":96,"loc":{"start":{"line":96,"column":69},"end":{"line":111,"column":5}},"locations":[{"start":{"line":96,"column":69},"end":{"line":111,"column":5}}]},"14":{"type":"branch","line":96,"loc":{"start":{"line":96,"column":69},"end":{"line":96,"column":78}},"locations":[{"start":{"line":96,"column":69},"end":{"line":96,"column":78}}]},"15":{"type":"branch","line":98,"loc":{"start":{"line":98,"column":27},"end":{"line":111,"column":5}},"locations":[{"start":{"line":98,"column":27},"end":{"line":111,"column":5}}]},"16":{"type":"branch","line":100,"loc":{"start":{"line":100,"column":33},"end":{"line":109,"column":6}},"locations":[{"start":{"line":100,"column":33},"end":{"line":109,"column":6}}]},"17":{"type":"branch","line":101,"loc":{"start":{"line":101,"column":65},"end":{"line":108,"column":7}},"locations":[{"start":{"line":101,"column":65},"end":{"line":108,"column":7}}]},"18":{"type":"branch","line":103,"loc":{"start":{"line":103,"column":21},"end":{"line":106,"column":8}},"locations":[{"start":{"line":103,"column":21},"end":{"line":106,"column":8}}]},"19":{"type":"branch","line":94,"loc":{"start":{"line":94,"column":50},"end":{"line":94,"column":77}},"locations":[{"start":{"line":94,"column":50},"end":{"line":94,"column":77}}]},"20":{"type":"branch","line":117,"loc":{"start":{"line":117,"column":25},"end":{"line":142,"column":3}},"locations":[{"start":{"line":117,"column":25},"end":{"line":142,"column":3}}]},"21":{"type":"branch","line":119,"loc":{"start":{"line":119,"column":7},"end":{"line":119,"column":42}},"locations":[{"start":{"line":119,"column":7},"end":{"line":119,"column":42}}]},"22":{"type":"branch","line":119,"loc":{"start":{"line":119,"column":42},"end":{"line":129,"column":3}},"locations":[{"start":{"line":119,"column":42},"end":{"line":129,"column":3}}]},"23":{"type":"branch","line":122,"loc":{"start":{"line":122,"column":42},"end":{"line":127,"column":4}},"locations":[{"start":{"line":122,"column":42},"end":{"line":127,"column":4}}]},"24":{"type":"branch","line":129,"loc":{"start":{"line":129,"column":2},"end":{"line":141,"column":23}},"locations":[{"start":{"line":129,"column":2},"end":{"line":141,"column":23}}]},"25":{"type":"branch","line":134,"loc":{"start":{"line":134,"column":15},"end":{"line":134,"column":24}},"locations":[{"start":{"line":134,"column":15},"end":{"line":134,"column":24}}]},"26":{"type":"branch","line":144,"loc":{"start":{"line":144,"column":26},"end":{"line":148,"column":3}},"locations":[{"start":{"line":144,"column":26},"end":{"line":148,"column":3}}]},"27":{"type":"branch","line":146,"loc":{"start":{"line":146,"column":14},"end":{"line":146,"column":24}},"locations":[{"start":{"line":146,"column":14},"end":{"line":146,"column":24}}]}},"b":{"0":[446],"1":[30],"2":[42],"3":[37],"4":[2],"5":[0],"6":[315],"7":[162],"8":[153],"9":[553],"10":[0],"11":[555],"12":[5],"13":[554],"14":[1],"15":[541],"16":[542],"17":[572],"18":[150],"19":[593],"20":[68],"21":[9],"22":[59],"23":[0],"24":[9],"25":[0],"26":[51],"27":[0]},"fnMap":{"0":{"name":"createBetaEvaluator","decl":{"start":{"line":44,"column":7},"end":{"line":151,"column":1}},"loc":{"start":{"line":44,"column":7},"end":{"line":151,"column":1}},"line":44},"1":{"name":"registerRule","decl":{"start":{"line":53,"column":22},"end":{"line":66,"column":3}},"loc":{"start":{"line":53,"column":22},"end":{"line":66,"column":3}},"line":53},"2":{"name":"removeRule","decl":{"start":{"line":68,"column":20},"end":{"line":83,"column":3}},"loc":{"start":{"line":68,"column":20},"end":{"line":83,"column":3}},"line":68},"3":{"name":"onFactAsserted","decl":{"start":{"line":85,"column":24},"end":{"line":115,"column":3}},"loc":{"start":{"line":85,"column":24},"end":{"line":115,"column":3}},"line":85},"4":{"name":"onFactRetracted","decl":{"start":{"line":117,"column":25},"end":{"line":142,"column":3}},"loc":{"start":{"line":117,"column":25},"end":{"line":142,"column":3}},"line":117},"5":{"name":"getTokensForRule","decl":{"start":{"line":144,"column":26},"end":{"line":148,"column":3}},"loc":{"start":{"line":144,"column":26},"end":{"line":148,"column":3}},"line":144}},"f":{"0":446,"1":30,"2":2,"3":315,"4":68,"5":51}}
[...]
":27},"end":{"line":135,"column":3}}]},"30":{"type":"branch","line":138,"loc":{"start":{"line":138,"column":29},"end":{"line":138,"column":38}},"locations":[{"start":{"line":138,"column":29},"end":{"line":138,"column":38}}]},"31":{"type":"branch","line":141,"loc":{"start":{"line":141,"column":23},"end":{"line":141,"column":32}},"locations":[{"start":{"line":141,"column":23},"end":{"line":141,"column":32}}]},"32":{"type":"branch","line":146,"loc":{"start":{"line":146,"column":3},"end":{"line":152,"column":4}},"locations":[{"start":{"line":146,"column":3},"end":{"line":152,"column":4}}]},"33":{"type":"branch","line":150,"loc":{"start":{"line":150,"column":51},"end":{"line":150,"column":68}},"locations":[{"start":{"line":150,"column":51},"end":{"line":150,"column":68}}]},"34":{"type":"branch","line":153,"loc":{"start":{"line":153,"column":2},"end":{"line":155,"column":1}},"locations":[{"start":{"line":153,"column":2},"end":{"line":155,"column":1}}]},"35":{"type":"branch","line":128,"loc":{"start":{"line":128,"column":29},"end":{"line":128,"column":53}},"locations":[{"start":{"line":128,"column":29},"end":{"line":128,"column":53}}]},"36":{"type":"branch","line":157,"loc":{"start":{"line":157,"column":0},"end":{"line":192,"column":1}},"locations":[{"start":{"line":157,"column":0},"end":{"line":192,"column":1}}]},"37":{"type":"branch","line":158,"loc":{"start":{"line":158,"column":37},"end":{"line":191,"column":2}},"locations":[{"start":{"line":158,"column":37},"end":{"line":191,"column":2}}]},"38":{"type":"branch","line":159,"loc":{"start":{"line":159,"column":34},"end":{"line":169,"column":3}},"locations":[{"start":{"line":159,"column":34},"end":{"line":169,"column":3}}]},"39":{"type":"branch","line":162,"loc":{"start":{"line":162,"column":28},"end":{"line":166,"column":5}},"locations":[{"start":{"line":162,"column":28},"end":{"line":166,"column":5}}]},"40":{"type":"branch","line":166,"loc":{"start":{"line":166,"column":4},"end":{"line":169,"column":3}},"locations":[{"start":{"line":166,"column":4},"end":{"line":169,"column":3}}]},"41":{"type":"branch","line":169,"loc":{"start":{"line":169,"column":2},"end":{"line":171,"column":32}},"locations":[{"start":{"line":169,"column":2},"end":{"line":171,"column":32}}]},"42":{"type":"branch","line":171,"loc":{"start":{"line":171,"column":32},"end":{"line":173,"column":3}},"locations":[{"start":{"line":171,"column":32},"end":{"line":173,"column":3}}]},"43":{"type":"branch","line":173,"loc":{"start":{"line":173,"column":2},"end":{"line":185,"column":3}},"locations":[{"start":{"line":173,"column":2},"end":{"line":185,"column":3}}]},"44":{"type":"branch","line":178,"loc":{"start":{"line":178,"column":3},"end":{"line":184,"column":4}},"locations":[{"start":{"line":178,"column":3},"end":{"line":184,"column":4}}]},"45":{"type":"branch","line":182,"loc":{"start":{"line":182,"column":51},"end":{"line":182,"column":68}},"locations":[{"start":{"line":182,"column":51},"end":{"line":182,"column":68}}]},"46":{"type":"branch","line":185,"loc":{"start":{"line":185,"column":2},"end":{"line":188,"column":21}},"locations":[{"start":{"line":185,"column":2},"end":{"line":188,"column":21}}]},"47":{"type":"branch","line":188,"loc":{"start":{"line":188,"column":21},"end":{"line":190,"column":3}},"locations":[{"start":{"line":188,"column":21},"end":{"line":190,"column":3}}]},"48":{"type":"branch","line":191,"loc":{"start":{"line":191,"column":1},"end":{"line":192,"column":1}},"locations":[{"start":{"line":191,"column":1},"end":{"line":192,"column":1}}]},"49":{"type":"branch","line":197,"loc":{"start":{"line":197,"column":0},"end":{"line":214,"column":1}},"locations":[{"start":{"line":197,"column":0},"end":{"line":214,"column":1}}]},"50":{"type":"branch","line":201,"loc":{"start":{"line":201,"column":14},"end":{"line":201,"column":23}},"locations":[{"start":{"line":201,"column":14},"end":{"line":201,"column":23}}]},"51":{"type":"branch","line":204,"loc":{"start":{"line":204,"column":23},"end":{"line":204,"column":32}},"locations":[{"start":{"line":204,"column":23},"end":{"line":204,"column":32}}]},"52":{"type":"branch","line":206,"loc":{"start":{"line":206,"column":26},"end":{"line":206,"column":35}},"locations":[{"start":{"line":206,"column":26},"end":{"line":206,"column":35}}]},"53":{"type":"branch","line":212,"loc":{"start":{"line":212,"column":2},"end":{"line":214,"column":1}},"locations":[{"start":{"line":212,"column":2},"end":{"line":214,"column":1}}]},"54":{"type":"branch","line":200,"loc":{"start":{"line":200,"column":26},"end":{"line":200,"column":50}},"locations":[{"start":{"line":200,"column":26},"end":{"line":200,"column":50}}]},"55":{"type":"branch","line":216,"loc":{"start":{"line":216,"column":0},"end":{"line":236,"column":1}},"locations":[{"start":{"line":216,"column":0},"end":{"line":236,"column":1}}]},"56":{"type":"branch","line":217,"loc":{"start":{"line":217,"column":23},"end":{"line":224,"column":2}},"locations":[{"start":{"line":217,"column":23},"end":{"line":224,"column":2}}]},"57":{"type":"branch","line":218,"loc":{"start":{"line":218,"column":28},"end":{"line":222,"column":3}},"locations":[{"start":{"line":218,"column":28},"end":{"line":222,"column":3}}]},"58":{"type":"branch","line":224,"loc":{"start":{"line":224,"column":1},"end":{"line":235,"column":2}},"locations":[{"start":{"line":224,"column":1},"end":{"line":235,"column":2}}]},"59":{"type":"branch","line":227,"loc":{"start":{"line":227,"column":45},"end":{"line":233,"column":3}},"locations":[{"start":{"line":227,"column":45},"end":{"line":233,"column":3}}]},"60":{"type":"branch","line":233,"loc":{"start":{"line":233,"column":2},"end":{"line":235,"column":2}},"locations":[{"start":{"line":233,"column":2},"end":{"line":235,"column":2}}]},"61":{"type":"branch","line":235,"loc":{"start":{"line":235,"column":1},"end":{"line":236,"column":1}},"locations":[{"start":{"line":235,"column":1},"end":{"line":236,"column":1}}]}},"b":{"0":[17],"1":[1],"2":[16],"3":[11],"4":[16],"5":[15],"6":[1],"7":[15],"8":[14],"9":[1],"10":[14],"11":[1],"12":[13],"13":[11],"14":[1],"15":[7],"16":[0],"17":[0],"18":[7],"19":[2],"20":[2],"21":[5],"22":[1],"23":[4],"24":[0],"25":[4],"26":[0],"27":[22],"28":[0],"29":[0],"30":[0],"31":[0],"32":[2],"33":[0],"34":[20],"35":[22],"36":[27],"37":[29],"38":[4],"39":[7],"40":[2],"41":[25],"42":[9],"43":[16],"44":[3],"45":[0],"46":[13],"47":[9],"48":[22],"49":[4],"50":[0],"51":[0],"52":[0],"53":[2],"54":[4],"55":[5],"56":[2],"57":[0],"58":[3],"59":[2],"60":[1],"61":[0]},"fnMap":{"0":{"name":"validateRule","decl":{"start":{"line":35,"column":7},"end":{"line":43,"column":1}},"loc":{"start":{"line":35,"column":7},"end":{"line":43,"column":1}},"line":35},"1":{"name":"validateSyntax","decl":{"start":{"line":45,"column":0},"end":{"line":65,"column":1}},"loc":{"start":{"line":45,"column":0},"end":{"line":65,"column":1}},"line":45},"2":{"name":"validateStrict","decl":{"start":{"line":67,"column":0},"end":{"line":112,"column":1}},"loc":{"start":{"line":67,"column":0},"end":{"line":112,"column":1}},"line":67},"3":{"name":"validateStagePaths","decl":{"start":{"line":117,"column":0},"end":{"line":155,"column":1}},"loc":{"start":{"line":117,"column":0},"end":{"line":155,"column":1}},"line":117},"4":{"name":"walkWhenClause","decl":{"start":{"line":157,"column":0},"end":{"line":192,"column":1}},"loc":{"start":{"line":157,"column":0},"end":{"line":192,"column":1}},"line":157},"5":{"name":"validateStageValues","decl":{"start":{"line":197,"column":0},"end":{"line":214,"column":1}},"loc":{"start":{"line":197,"column":0},"end":{"line":214,"column":1}},"line":197},"6":{"name":"checkValueForDangerousRefs","decl":{"start":{"line":216,"column":0},"end":{"line":236,"column":1}},"loc":{"start":{"line":216,"column":0},"end":{"line":236,"column":1}},"line":216}},"f":{"0":17,"1":16,"2":11,"3":22,"4":27,"5":4,"6":5}}
,"/home/sprawl/projects/arbitre/trees/audit-uplift/packages/core/src/windowed-accumulate.ts": {"path":"/home/sprawl/projects/arbitre/trees/audit-uplift/packages/core/src/windowed-accumulate.ts","all":false,"statementMap":{"6":{"start":{"line":7,"column":0},"end":{"line":7,"column":77}},"8":{"start":{"line":9,"column":0},"end":{"line":9,"column":46}},"30":{"start":{"line":31,"column":0},"end":{"line":31,"column":93}},"31":{"start":{"line":32,"column":0},"end":{"line":32,"column":21}},"32":{"start":{"line":33,"column":0},"end":{"line":33,"column":37}},"33":{"start":{"line":34,"column":0},"end":{"line":34,"column":33}},"34":{"start":{"line":35,"column":0},"end":{"line":35,"column":22}},"35":{"start":{"line":36,"column":0},"end":{"line":36,"column":18}},"36":{"start":{"line":37,"column":0},"end":{"line":37,"column":3}},"37":{"start":{"line":38,"column":0},"end":{"line":38,"column":2}},"38":{"start":{"line":39,"column":0},"end":{"line":39,"column":16}},"39":{"start":{"line":40,"column":0},"end":{"line":40,"column":1}},"41":{"start":{"line":42,"column":0},"end":{"line":42,"column":45}},"42":{"start":{"line":43,"column":0},"end":{"line":43,"column":34}},"43":{"start":{"line":44,"column":0},"end":{"line":44,"column":70}},"44":{"start":{"line":45,"column":0},"end":{"line":45,"column":27}},"45":{"start":{"line":46,"column":0},"end":{"line":46,"column":53}},"47":{"start":{"line":48,"column":0},"end":{"line":48,"column":37}},"48":{"start":{"line":49,"column":0},"end":{"line":49,"column":52}},"49":{"start":{"line":50,"column":0},"end":{"line":50,"column":2}},"51":{"start":{"line":52,"column":0},"end":{"line":52,"column":59}},"52":{"start":{"line":53,"column":0},"end":{"line":53,"column":40}},"54":{"start":{"line":55,"column":0},"end":{"line":55,"column":59}},"55":{"start":{"line":56,"column":0},"end":{"line":56,"column":65}},"56":{"start":{"line":57,"column":0},"end":{"line":57,"column":44}},"57":{"start":{"line":58,"column":0},"end":{"line":58,"column":3}},"59":{"start":{"line":60,"column":0},"end":{"line":60,"column":43}},"60":{"start":{"line":61,"column":0},"end":{"line":61,"column":26}},"61":{"start":{"line":62,"column":0},"end":{"line":62,"column":3}},"63":{"start":{"line":64,"column":0},"end":{"line":64,"column":42}},"64":{"start":{"line":65,"column":0},"end":{"line":65,"column":52}},"65":{"start":{"line":66,"column":0},"end":{"line":66,"column":3}},"67":{"start":{"line":68,"column":0},"end":{"line":68,"column":40}},"68":{"start":{"line":69,"column":0},"end":{"line":69,"column":16}},"69":{"start":{"line":70,"column":0},"end":{"line":70,"column":52}},"70":{"start":{"line":71,"column":0},"end":{"line":71,"column":3}},"71":{"start":{"line":72,"column":0},"end":{"line":72,"column":30}},"72":{"start":{"line":73,"column":0},"end":{"line":73,"column":41}},"73":{"start":{"line":74,"column":0},"end":{"line":74,"column":45}},"74":{"start":{"line":75,"column":0},"end":{"line":75,"column":49}},"75":{"start":{"line":76,"column":0},"end":{"line":76,"column":3}},"76":{"start":{"line":77,"column":0},"end":{"line":77,"column":23}},"77":{"start":{"line":78,"column":0},"end":{"line":78,"column":3}},"79":{"start":{"line":80,"column":0},"end":{"line":80,"column":72}},"81":{"start":{"line":82,"column":0},"end":{"line":82,"column":76}},"82":{"start":{"line":83,"column":0},"end":{"line":83,"column":1}},"84":{"start":{"line":85,"column":0},"end":{"line":85,"column":35}},"85":{"start":{"line":86,"column":0},"end":{"line":86,"column":34}},"86":{"start":{"line":87,"column":0},"end":{"line":87,"column":40}},"87":{"start":{"line":88,"column":0},"end":{"line":88,"column":27}},"88":{"start":{"line":89,"column":0},"end":{"line":89,"column":59}},"89":{"start":{"line":90,"column":0},"end":{"line":90,"column":65}},"90":{"start":{"line":91,"column":0},"end":{"line":91,"column":44}},"91":{"start":{"line":92,"column":0},"end":{"line":92,"column":3}},"93":{"start":{"line":94,"column":0},"end":{"line":94,"column":43}},"94":{"start":{"line":95,"column":0},"end":{"line":95,"column":26}},"95":{"start":{"line":96,"column":0},"end":{"line":96,"column":3}},"97":{"start":{"line":98,"column":0},"end":{"line":98,"column":42}},"98":{"start":{"line":99,"column":0},"end":{"line":99,"column":52}},"99":{"start":{"line":100,"column":0},"end":{"line":100,"column":3}},"101":{"start":{"line":102,"column":0},"end":{"line":102,"column":61}},"102":{"start":{"line":103,"column":0},"end":{"line":103,"column":55}},"103":{"start":{"line":104,"column":0},"end":{"line":104,"column":3}},"105":{"start":{"line":106,"column":0},"end":{"line":106,"column":72}},"107":{"start":{"line":108,"column":0},"end":{"line":108,"column":76}},"108":{"start":{"line":109,"column":0},"end":{"line":109,"column":1}}},"s":{"6":1,"8":1,"30":16,"31":16,"32":16,"33":46,"34":12,"35":12,"36":12,"37":46,"38":16,"39":16,"41":1,"42":9,"43":9,"44":9,"45":9,"47":9,"48":1,"49":1,"51":8,"52":8,"54":8,"55":24,"56":22,"57":24,"59":8,"60":2,"61":2,"63":8,"64":15,"65":15,"67":8,"68":42,"69":40,"70":40,"71":2,"72":14,"73":5,"74":5,"75":5,"76":2,"77":42,"79":8,"81":8,"82":8,"84":1,"85":1,"86":1,"87":1,"88":1,"89":2,"90":2,"91":2,"93":1,"94":0,"95":0,"97":1,"98":1,"99":1,"101":1,"102":2,"103":2,"105":1,"107":1,"108":1},"branchMap":{"0":{"type":"branch","line":31,"loc":{"start":{"line":31,"column":0},"end":{"line":40,"column":1}},"locations":[{"start":{"line":31,"column":0},"end":{"line":40,"column":1}}]},"1":{"type":"branch","line":33,"loc":{"start":{"line":33,"column":36},"end":{"line":38,"column":2}},"locations":[{"start":{"line":33,"column":36},"end":{"line":38,"column":2}}]},"2":{"type":"branch","line":34,"loc":{"start":{"line":34,"column":32},"end":{"line":37,"column":3}},"locations":[{"start":{"line":34,"column":32},"end":{"line":37,"column":3}}]},"3":{"type":"branch","line":42,"loc":{"start":{"line":42,"column":7},"end":{"line":83,"column":1}},"locations":[{"start":{"line":42,"column":7},"end":{"line":83,"column":1}}]},"4":{"type":"branch","line":48,"loc":{"start":{"line":48,"column":36},"end":{"line":50,"column":2}},"locations":[{"start":{"line":48,"column":36},"end":{"line":50,"column":2}}]},"5":{"type":"branch","line":50,"loc":{"start":{"line":50,"column":1},"end":{"line":83,"column":1}},"locations":[{"start":{"line":50,"column":1},"end":{"line":83,"column":1}}]},"6":{"type":"branch","line":55,"loc":{"start":{"line":55,"column":17},"end":{"line":58,"column":3}},"locations":[{"start":{"line":55,"column":17},"end":{"line":58,"column":3}}]},"7":{"type":"branch","line":56,"loc":{"start":{"line":56,"column":58},"end":{"line":56,"column":65}},"locations":[{"start":{"line":56,"column":58},"end":{"line":56,"column":65}}]},"8":{"type":"branch","line":56,"loc":{"start":{"line":56,"column":58},"end":{"line":57,"column":44}},"locations":[{"start":{"line":56,"column":58},"end":{"line":57,"column":44}}]},"9":{"type":"branch","line":60,"loc":{"start":{"line":60,"column":20},"end":{"line":62,"column":3}},"locations":[{"start":{"line":60,"column":20},"end":{"line":62,"column":3}}]},"10":{"type":"branch","line":64,"loc":{"start":{"line":64,"column":15},"end":{"line":66,"column":3}},"locations":[{"start":{"line":64,"column":15},"end":{"line":66,"column":3}}]},"11":{"type":"branch","line":68,"loc":{"start":{"line":68,"column":18},"end":{"line":78,"column":3}},"locations":[{"start":{"line":68,"column":18},"end":{"line":78,"column":3}}]},"12":{"type":"branch","line":69,"loc":{"start":{"line":69,"column":15},"end":{"line":71,"column":3}},"locations":[{"start":{"line":69,"column":15},"end":{"line":71,"column":3}}]},"13":{"type":"branch","line":71,"loc":{"start":{"line":71,"column":2},"end":{"line":77,"column":23}},"locations":[{"start":{"line":71,"column":2},"end":{"line":77,"column":23}}]},"14":{"type":"branch","line":71,"loc":{"start":{"line":71,"column":2},"end":{"line":73,"column":40}},"locations":[{"start":{"line":71,"column":2},"end":{"line":73,"column":40}}]},"15":{"type":"branch","line":73,"loc":{"start":{"line":73,"column":40},"end":{"line":76,"column":3}},"locations":[{"start":{"line":73,"column":40},"end":{"line":76,"column":3}}]},"16":{"type":"branch","line":76,"loc":{"start":{"line":76,"column":2},"end":{"line":77,"column":23}},"locations":[{"start":{"line":76,"column":2},"end":{"line":77,"column":23}}]},"17":{"type":"branch","line":70,"loc":{"start":{"line":70,"column":42},"end":{"line":70,"column":49}},"locations":[{"start":{"line":70,"column":42},"end":{"line":70,"column":49}}]},"18":{"type":"branch","line":85,"loc":{"start":{"line":85,"column":0},"end":{"line":109,"column":1}},"locations":[{"start":{"line":85,"column":0},"end":{"line":109,"column":1}}]},"19":{"type":"branch","line":89,"loc":{"start":{"line":89,"column":17},"end":{"line":92,"column":3}},"locations":[{"start":{"line":89,"column":17},"end":{"line":92,"column":3}}]},"20":{"type":"branch","line":90,"loc":{"start":{"line":90,"column":58},"end":{"line":90,"column":65}},"locations":[{"start":{"line":90,"column":58},"end":{"line":90,"column":65}}]},"21":{"type":"branch","line":98,"loc":{"start":{"line":98,"column":15},"end":{"line":100,"column":3}},"locations":[{"start":{"line":98,"column":15},"end":{"line":100,"column":3}}]},"22":{"type":"branch","line":102,"loc":{"start":{"line":102,"column":18},"end":{"line":104,"column":3}},"locations":[{"start":{"line":102,"column":18},"end":{"line":104,"column":3}}]},"23":{"type":"branch","line":103,"loc":{"start":{"line":103,"column":35},"end":{"line":103,"column":53}},"locations":[{"start":{"line":103,"column":35},"end":{"line":103,"column":53}}]}},"b":{"0":[16],"1":[46],"2":[12],"3":[9],"4":[1],"5":[8],"6":[24],"7":[2],"8":[22],"9":[2],"10":[15],"11":[42],"12":[40],"13":[14],"14":[2],"15":[5],"16":[2],"17":[118],"18":[1],"19":[2],"20":[0],"21":[1],"22":[2],"23":[3]},"fnMap":{"0":{"name":"evictExpired","decl":{"start":{"line":31,"column":0},"end":{"line":40,"column":1}},"loc":{"start":{"line":31,"column":0},"end":{"line":40,"column":1}},"line":31},"1":{"name":"createWindowedAccumulateNode","decl":{"start":{"line":42,"column":7},"end":{"line":83,"column":1}},"loc":{"start":{"line":42,"column":7},"end":{"line":83,"column":1}},"line":42},"2":{"name":"addFact","decl":{"start":{"line":55,"column":17},"end":{"line":58,"column":3}},"loc":{"start":{"line":55,"column":17},"end":{"line":58,"column":3}},"line":55},"3":{"name":"removeFact","decl":{"start":{"line":60,"column":20},"end":{"line":62,"column":3}},"loc":{"start":{"line":60,"column":20},"end":{"line":62,"column":3}},"line":60},"4":{"name":"evict","decl":{"start":{"line":64,"column":15},"end":{"line":66,"column":3}},"loc":{"start":{"line":64,"column":15},"end":{"line":66,"column":3}},"line":64},"5":{"name":"getValue","decl":{"start":{"line":68,"column":18},"end":{"line":78,"column":3}},"loc":{"start":{"line":68,"column":18},"end":{"line":78,"column":3}},"line":68},"6":{"name":"getTrackedFactIds","decl":{"start":{"line":80,"column":27},"end":{"line":80,"column":72}},"loc":{"start":{"line":80,"column":27},"end":{"line":80,"column":72}},"line":80},"7":{"name":"createWindowedCollectNode","decl":{"start":{"line":85,"column":0},"end":{"line":109,"column":1}},"loc":{"start":{"line":85,"column":0},"end":{"line":109,"column":1}},"line":85},"8":{"name":"addFact","decl":{"start":{"line":89,"column":17},"end":{"line":92,"column":3}},"loc":{"start":{"line":89,"column":17},"end":{"line":92,"column":3}},"line":89},"9":{"name":"removeFact","decl":{"start":{"line":94,"column":20},"end":{"line":96,"column":3}},"loc":{"start":{"line":94,"column":20},"end":{"line":96,"column":3}},"line":94},"10":{"name":"evict","decl":{"start":{"line":98,"column":15},"end":{"line":100,"column":3}},"loc":{"start":{"line":98,"column":15},"end":{"line":100,"column":3}},"line":98},"11":{"name":"getValue","decl":{"start":{"line":102,"column":18},"end":{"line":104,"column":3}},"loc":{"start":{"line":102,"column":18},"end":{"line":104,"column":3}},"line":102},"12":{"name":"getTrackedFactIds","decl":{"start":{"line":106,"column":27},"end":{"line":106,"column":72}},"loc":{"start":{"line":106,"column":27},"end":{"line":106,"column":72}},"line":106}},"f":{"0":16,"1":9,"2":24,"3":2,"4":15,"5":42,"6":0,"7":1,"8":2,"9":0,"10":1,"11":2,"12":0}}
}
